[2024-09-14T15:30:17.814+0000] {taskinstance.py:1956} INFO - Dependencies all met for dep_context=non-requeueable deps ti=<TaskInstance: ETL_Dag_S3.extract_hr scheduled__2024-09-13T00:00:00+00:00 [queued]>
[2024-09-14T15:30:17.830+0000] {taskinstance.py:1956} INFO - Dependencies all met for dep_context=requeueable deps ti=<TaskInstance: ETL_Dag_S3.extract_hr scheduled__2024-09-13T00:00:00+00:00 [queued]>
[2024-09-14T15:30:17.830+0000] {taskinstance.py:2170} INFO - Starting attempt 7 of 12
[2024-09-14T15:30:17.858+0000] {taskinstance.py:2191} INFO - Executing <Task(SqlToS3Operator): extract_hr> on 2024-09-13 00:00:00+00:00
[2024-09-14T15:30:17.866+0000] {standard_task_runner.py:60} INFO - Started process 1736 to run task
[2024-09-14T15:30:17.873+0000] {standard_task_runner.py:87} INFO - Running: ['***', 'tasks', 'run', 'ETL_Dag_S3', 'extract_hr', 'scheduled__2024-09-13T00:00:00+00:00', '--job-id', '16', '--raw', '--subdir', 'DAGS_FOLDER/etl_dag_s3.py', '--cfg-path', '/tmp/tmpzadt6pi8']
[2024-09-14T15:30:17.877+0000] {standard_task_runner.py:88} INFO - Job 16: Subtask extract_hr
[2024-09-14T15:30:18.142+0000] {task_command.py:423} INFO - Running <TaskInstance: ETL_Dag_S3.extract_hr scheduled__2024-09-13T00:00:00+00:00 [running]> on host 12663b3bf2f5
[2024-09-14T15:30:18.296+0000] {taskinstance.py:2480} INFO - Exporting env vars: AIRFLOW_CTX_DAG_OWNER='jasontran' AIRFLOW_CTX_DAG_ID='ETL_Dag_S3' AIRFLOW_CTX_TASK_ID='extract_hr' AIRFLOW_CTX_EXECUTION_DATE='2024-09-13T00:00:00+00:00' AIRFLOW_CTX_TRY_NUMBER='7' AIRFLOW_CTX_DAG_RUN_ID='scheduled__2024-09-13T00:00:00+00:00'
[2024-09-14T15:30:18.316+0000] {base.py:83} INFO - Using connection ID 'PostgreSQL_conn' for task execution.
[2024-09-14T15:30:18.347+0000] {base.py:83} INFO - Using connection ID 'PostgreSQL_conn' for task execution.
[2024-09-14T15:30:18.470+0000] {logging_mixin.py:188} WARNING - /home/***/.local/lib/python3.8/site-packages/***/providers/common/sql/hooks/sql.py:221 UserWarning: pandas only supports SQLAlchemy connectable (engine/connection) or database string URI or sqlite3 DBAPI2 connection. Other DBAPI2 objects are not tested. Please consider using SQLAlchemy.
[2024-09-14T15:30:18.544+0000] {sql_to_s3.py:179} INFO - Data from SQL obtained
[2024-09-14T15:30:18.550+0000] {sql_to_s3.py:186} INFO - Writing data to temp file
[2024-09-14T15:30:18.599+0000] {sql_to_s3.py:189} INFO - Uploading data to S3
[2024-09-14T15:30:18.618+0000] {base.py:83} INFO - Using connection ID 'AWS_S3_conn' for task execution.
[2024-09-14T15:30:18.619+0000] {connection_wrapper.py:381} INFO - AWS Connection (conn_id='AWS_S3_conn', conn_type='aws') credentials retrieved from extra.
[2024-09-14T15:30:20.853+0000] {taskinstance.py:1138} INFO - Marking task as SUCCESS. dag_id=ETL_Dag_S3, task_id=extract_hr, execution_date=20240913T000000, start_date=20240914T153017, end_date=20240914T153020
[2024-09-14T15:30:20.904+0000] {local_task_job_runner.py:234} INFO - Task exited with return code 0
[2024-09-14T15:30:20.965+0000] {taskinstance.py:3280} INFO - 1 downstream tasks scheduled from follow-on schedule check
