[2024-09-14T15:15:11.648+0000] {taskinstance.py:1956} INFO - Dependencies all met for dep_context=non-requeueable deps ti=<TaskInstance: ETL_Dag_S3.extract_hr scheduled__2024-09-13T00:00:00+00:00 [queued]>
[2024-09-14T15:15:11.665+0000] {taskinstance.py:1956} INFO - Dependencies all met for dep_context=requeueable deps ti=<TaskInstance: ETL_Dag_S3.extract_hr scheduled__2024-09-13T00:00:00+00:00 [queued]>
[2024-09-14T15:15:11.666+0000] {taskinstance.py:2170} INFO - Starting attempt 6 of 11
[2024-09-14T15:15:11.714+0000] {taskinstance.py:2191} INFO - Executing <Task(SqlToS3Operator): extract_hr> on 2024-09-13 00:00:00+00:00
[2024-09-14T15:15:11.730+0000] {standard_task_runner.py:60} INFO - Started process 1379 to run task
[2024-09-14T15:15:11.742+0000] {standard_task_runner.py:87} INFO - Running: ['***', 'tasks', 'run', 'ETL_Dag_S3', 'extract_hr', 'scheduled__2024-09-13T00:00:00+00:00', '--job-id', '11', '--raw', '--subdir', 'DAGS_FOLDER/etl_dag_s3.py', '--cfg-path', '/tmp/tmp_nhifghw']
[2024-09-14T15:15:11.767+0000] {standard_task_runner.py:88} INFO - Job 11: Subtask extract_hr
[2024-09-14T15:15:12.309+0000] {task_command.py:423} INFO - Running <TaskInstance: ETL_Dag_S3.extract_hr scheduled__2024-09-13T00:00:00+00:00 [running]> on host 12663b3bf2f5
[2024-09-14T15:15:12.992+0000] {taskinstance.py:2480} INFO - Exporting env vars: AIRFLOW_CTX_DAG_OWNER='jasontran' AIRFLOW_CTX_DAG_ID='ETL_Dag_S3' AIRFLOW_CTX_TASK_ID='extract_hr' AIRFLOW_CTX_EXECUTION_DATE='2024-09-13T00:00:00+00:00' AIRFLOW_CTX_TRY_NUMBER='6' AIRFLOW_CTX_DAG_RUN_ID='scheduled__2024-09-13T00:00:00+00:00'
[2024-09-14T15:15:13.040+0000] {base.py:83} INFO - Using connection ID 'PostgreSQL_conn' for task execution.
[2024-09-14T15:15:13.137+0000] {base.py:83} INFO - Using connection ID 'PostgreSQL_conn' for task execution.
[2024-09-14T15:15:13.274+0000] {logging_mixin.py:188} WARNING - /home/***/.local/lib/python3.8/site-packages/***/providers/common/sql/hooks/sql.py:221 UserWarning: pandas only supports SQLAlchemy connectable (engine/connection) or database string URI or sqlite3 DBAPI2 connection. Other DBAPI2 objects are not tested. Please consider using SQLAlchemy.
[2024-09-14T15:15:13.412+0000] {sql_to_s3.py:179} INFO - Data from SQL obtained
[2024-09-14T15:15:13.433+0000] {sql_to_s3.py:186} INFO - Writing data to temp file
[2024-09-14T15:15:13.559+0000] {sql_to_s3.py:189} INFO - Uploading data to S3
[2024-09-14T15:15:13.636+0000] {base.py:83} INFO - Using connection ID 'AWS_S3_conn' for task execution.
[2024-09-14T15:15:13.662+0000] {connection_wrapper.py:381} INFO - AWS Connection (conn_id='AWS_S3_conn', conn_type='aws') credentials retrieved from extra.
[2024-09-14T15:15:16.657+0000] {taskinstance.py:1138} INFO - Marking task as SUCCESS. dag_id=ETL_Dag_S3, task_id=extract_hr, execution_date=20240913T000000, start_date=20240914T151511, end_date=20240914T151516
[2024-09-14T15:15:16.732+0000] {local_task_job_runner.py:234} INFO - Task exited with return code 0
[2024-09-14T15:15:16.778+0000] {taskinstance.py:3280} INFO - 1 downstream tasks scheduled from follow-on schedule check
