[2024-09-04T15:51:56.610+0000] {taskinstance.py:1956} INFO - Dependencies all met for dep_context=non-requeueable deps ti=<TaskInstance: ETL_Dag_S3.snowflake_update_task scheduled__2024-09-03T00:00:00+00:00 [queued]>
[2024-09-04T15:51:56.629+0000] {taskinstance.py:1956} INFO - Dependencies all met for dep_context=requeueable deps ti=<TaskInstance: ETL_Dag_S3.snowflake_update_task scheduled__2024-09-03T00:00:00+00:00 [queued]>
[2024-09-04T15:51:56.630+0000] {taskinstance.py:2170} INFO - Starting attempt 7 of 12
[2024-09-04T15:51:56.660+0000] {taskinstance.py:2191} INFO - Executing <Task(SnowflakeOperator): snowflake_update_task> on 2024-09-03 00:00:00+00:00
[2024-09-04T15:51:56.672+0000] {standard_task_runner.py:60} INFO - Started process 4020 to run task
[2024-09-04T15:51:56.677+0000] {standard_task_runner.py:87} INFO - Running: ['***', 'tasks', 'run', 'ETL_Dag_S3', 'snowflake_update_task', 'scheduled__2024-09-03T00:00:00+00:00', '--job-id', '347', '--raw', '--subdir', 'DAGS_FOLDER/etl_dag_s3.py', '--cfg-path', '/tmp/tmp8idxlgky']
[2024-09-04T15:51:56.681+0000] {standard_task_runner.py:88} INFO - Job 347: Subtask snowflake_update_task
[2024-09-04T15:51:56.764+0000] {task_command.py:423} INFO - Running <TaskInstance: ETL_Dag_S3.snowflake_update_task scheduled__2024-09-03T00:00:00+00:00 [running]> on host f79655b91e76
[2024-09-04T15:51:57.000+0000] {taskinstance.py:2480} INFO - Exporting env vars: AIRFLOW_CTX_DAG_OWNER='jasontran' AIRFLOW_CTX_DAG_ID='ETL_Dag_S3' AIRFLOW_CTX_TASK_ID='snowflake_update_task' AIRFLOW_CTX_EXECUTION_DATE='2024-09-03T00:00:00+00:00' AIRFLOW_CTX_TRY_NUMBER='7' AIRFLOW_CTX_DAG_RUN_ID='scheduled__2024-09-03T00:00:00+00:00'
[2024-09-04T15:51:57.003+0000] {sql.py:276} INFO - Executing: 
    update ***_db.tcops_dimensions.employee_dim
    set effective_end_date = '2024-09-04', is_active = 'N'
    where employee_id in ('950018', '001826') and is_active = 'Y'
    
[2024-09-04T15:51:57.019+0000] {base.py:83} INFO - Using connection ID 'snowflake_conn' for task execution.
[2024-09-04T15:51:57.032+0000] {base.py:83} INFO - Using connection ID 'snowflake_conn' for task execution.
[2024-09-04T15:51:57.035+0000] {connection.py:370} INFO - Snowflake Connector for Python Version: 3.6.0, Python Version: 3.8.18, Platform: Linux-5.15.146.1-microsoft-standard-WSL2-x86_64-with-glibc2.34
[2024-09-04T15:51:57.037+0000] {connection.py:1171} INFO - This connection is in OCSP Fail Open Mode. TLS Certificates would be checked for validity and revocation status. Any other Certificate Revocation related exceptions or OCSP Responder failures would be disregarded in favor of connectivity.
[2024-09-04T15:51:57.739+0000] {cursor.py:1028} INFO - query: [ALTER SESSION SET autocommit=False]
[2024-09-04T15:51:57.847+0000] {cursor.py:1041} INFO - query execution done
[2024-09-04T15:51:57.849+0000] {cursor.py:1205} INFO - Number of results in first chunk: 1
[2024-09-04T15:51:57.852+0000] {sql.py:450} INFO - Running statement: update ***_db.tcops_dimensions.employee_dim
    set effective_end_date = '2024-09-04', is_active = 'N'
    where employee_id in ('950018', '001826') and is_active = 'Y', parameters: None
[2024-09-04T15:51:57.854+0000] {cursor.py:1028} INFO - query: [update ***_db.tcops_dimensions.employee_dim set effective_end_date = '2024-0...]
[2024-09-04T15:51:58.773+0000] {cursor.py:1041} INFO - query execution done
[2024-09-04T15:51:58.775+0000] {sql.py:459} INFO - Rows affected: 2
[2024-09-04T15:51:58.777+0000] {snowflake.py:400} INFO - Rows affected: 2
[2024-09-04T15:51:58.778+0000] {snowflake.py:401} INFO - Snowflake query id: 01b6cef7-3201-34b4-0009-fca60002a792
[2024-09-04T15:51:58.779+0000] {cursor.py:1028} INFO - query: [COMMIT]
[2024-09-04T15:51:59.086+0000] {cursor.py:1041} INFO - query execution done
[2024-09-04T15:51:59.088+0000] {cursor.py:1205} INFO - Number of results in first chunk: 1
[2024-09-04T15:51:59.094+0000] {connection.py:718} INFO - closed
[2024-09-04T15:51:59.693+0000] {connection.py:724} INFO - No async queries seem to be running, deleting session
[2024-09-04T15:51:59.877+0000] {taskinstance.py:1138} INFO - Marking task as SUCCESS. dag_id=ETL_Dag_S3, task_id=snowflake_update_task, execution_date=20240903T000000, start_date=20240904T155156, end_date=20240904T155159
[2024-09-04T15:51:59.975+0000] {local_task_job_runner.py:234} INFO - Task exited with return code 0
[2024-09-04T15:52:00.014+0000] {taskinstance.py:3280} INFO - 1 downstream tasks scheduled from follow-on schedule check
