[2024-09-14T15:30:39.186+0000] {taskinstance.py:1956} INFO - Dependencies all met for dep_context=non-requeueable deps ti=<TaskInstance: ETL_Dag_S3.snowflake_insert_task scheduled__2024-09-13T00:00:00+00:00 [queued]>
[2024-09-14T15:30:39.205+0000] {taskinstance.py:1956} INFO - Dependencies all met for dep_context=requeueable deps ti=<TaskInstance: ETL_Dag_S3.snowflake_insert_task scheduled__2024-09-13T00:00:00+00:00 [queued]>
[2024-09-14T15:30:39.206+0000] {taskinstance.py:2170} INFO - Starting attempt 1 of 6
[2024-09-14T15:30:39.234+0000] {taskinstance.py:2191} INFO - Executing <Task(SnowflakeOperator): snowflake_insert_task> on 2024-09-13 00:00:00+00:00
[2024-09-14T15:30:39.245+0000] {standard_task_runner.py:60} INFO - Started process 1761 to run task
[2024-09-14T15:30:39.251+0000] {standard_task_runner.py:87} INFO - Running: ['***', 'tasks', 'run', 'ETL_Dag_S3', 'snowflake_insert_task', 'scheduled__2024-09-13T00:00:00+00:00', '--job-id', '20', '--raw', '--subdir', 'DAGS_FOLDER/etl_dag_s3.py', '--cfg-path', '/tmp/tmpt2_radrf']
[2024-09-14T15:30:39.254+0000] {standard_task_runner.py:88} INFO - Job 20: Subtask snowflake_insert_task
[2024-09-14T15:30:39.336+0000] {task_command.py:423} INFO - Running <TaskInstance: ETL_Dag_S3.snowflake_insert_task scheduled__2024-09-13T00:00:00+00:00 [running]> on host 12663b3bf2f5
[2024-09-14T15:30:39.496+0000] {taskinstance.py:2480} INFO - Exporting env vars: AIRFLOW_CTX_DAG_OWNER='jasontran' AIRFLOW_CTX_DAG_ID='ETL_Dag_S3' AIRFLOW_CTX_TASK_ID='snowflake_insert_task' AIRFLOW_CTX_EXECUTION_DATE='2024-09-13T00:00:00+00:00' AIRFLOW_CTX_TRY_NUMBER='1' AIRFLOW_CTX_DAG_RUN_ID='scheduled__2024-09-13T00:00:00+00:00'
[2024-09-14T15:30:39.499+0000] {sql.py:276} INFO - Executing: 
    insert into ***_db.tcops_dimensions.employee_dim (
        employee_name, employee_id, employee_email, job, supervisor_name, company, 
        org_level_3, org_level_2, org_level_1, org_level_4, last_hire_date, termination_date, 
        effective_start_date, effective_end_date, is_active
    )
    values ('Nguyen, Anh Dung', '001963', 'daniel.nguyen@truecommerce.com', 'Service Desk Consultant', 'Nguyen, Thuy Phuong Dung', 'DiCentral Vietnam', 'WeSupply', '650-Worldwide Support', 'Ho Chi Minh City', 'OneTime', '2024-08-05', NULL, '2024-09-14', NULL, 'Y'), ('Nguyen, Thi Hang', '950018', 'fiona.nguyen@truecommerce.com', 'Technical Support', 'Le, Minh Tam', 'DiCentral Vietnam', 'DiCentral', '650-Worldwide Support', 'Ho Chi Minh City', 'DIC - CIP Platform', '2022-11-10', NULL, '2024-09-14', NULL, 'Y'), ('Le, Vo Minh Triet', '001826', 'triet.le@truecommerce.com', 'Integration Engineer', 'Nguyen, Thanh Duy', 'DiCentral Vietnam', 'DiCentral', '610-Professional Services', 'Ho Chi Minh City', 'DIC - DiOMS', '2024-02-01', NULL, '2024-09-14', NULL, 'Y')
    
[2024-09-14T15:30:39.520+0000] {base.py:83} INFO - Using connection ID 'snowflake_conn' for task execution.
[2024-09-14T15:30:39.541+0000] {base.py:83} INFO - Using connection ID 'snowflake_conn' for task execution.
[2024-09-14T15:30:39.545+0000] {connection.py:370} INFO - Snowflake Connector for Python Version: 3.6.0, Python Version: 3.8.18, Platform: Linux-5.15.146.1-microsoft-standard-WSL2-x86_64-with-glibc2.34
[2024-09-14T15:30:39.547+0000] {connection.py:1171} INFO - This connection is in OCSP Fail Open Mode. TLS Certificates would be checked for validity and revocation status. Any other Certificate Revocation related exceptions or OCSP Responder failures would be disregarded in favor of connectivity.
[2024-09-14T15:30:40.072+0000] {cursor.py:1028} INFO - query: [ALTER SESSION SET autocommit=False]
[2024-09-14T15:30:40.180+0000] {cursor.py:1041} INFO - query execution done
[2024-09-14T15:30:40.181+0000] {cursor.py:1205} INFO - Number of results in first chunk: 1
[2024-09-14T15:30:40.182+0000] {sql.py:450} INFO - Running statement: insert into ***_db.tcops_dimensions.employee_dim (
        employee_name, employee_id, employee_email, job, supervisor_name, company, 
        org_level_3, org_level_2, org_level_1, org_level_4, last_hire_date, termination_date, 
        effective_start_date, effective_end_date, is_active
    )
    values ('Nguyen, Anh Dung', '001963', 'daniel.nguyen@truecommerce.com', 'Service Desk Consultant', 'Nguyen, Thuy Phuong Dung', 'DiCentral Vietnam', 'WeSupply', '650-Worldwide Support', 'Ho Chi Minh City', 'OneTime', '2024-08-05', NULL, '2024-09-14', NULL, 'Y'), ('Nguyen, Thi Hang', '950018', 'fiona.nguyen@truecommerce.com', 'Technical Support', 'Le, Minh Tam', 'DiCentral Vietnam', 'DiCentral', '650-Worldwide Support', 'Ho Chi Minh City', 'DIC - CIP Platform', '2022-11-10', NULL, '2024-09-14', NULL, 'Y'), ('Le, Vo Minh Triet', '001826', 'triet.le@truecommerce.com', 'Integration Engineer', 'Nguyen, Thanh Duy', 'DiCentral Vietnam', 'DiCentral', '610-Professional Services', 'Ho Chi Minh City', 'DIC - DiOMS', '2024-02-01', NULL, '2024-09-14', NULL, 'Y'), parameters: None
[2024-09-14T15:30:40.183+0000] {cursor.py:1028} INFO - query: [insert into ***_db.tcops_dimensions.employee_dim ( employee_name, employee_i...]
[2024-09-14T15:30:40.567+0000] {cursor.py:1041} INFO - query execution done
[2024-09-14T15:30:40.569+0000] {sql.py:459} INFO - Rows affected: 3
[2024-09-14T15:30:40.572+0000] {snowflake.py:400} INFO - Rows affected: 3
[2024-09-14T15:30:40.573+0000] {snowflake.py:401} INFO - Snowflake query id: 01b70722-3201-3709-0009-fca60004bc36
[2024-09-14T15:30:40.575+0000] {cursor.py:1028} INFO - query: [COMMIT]
[2024-09-14T15:30:40.836+0000] {cursor.py:1041} INFO - query execution done
[2024-09-14T15:30:40.839+0000] {cursor.py:1205} INFO - Number of results in first chunk: 1
[2024-09-14T15:30:40.841+0000] {connection.py:718} INFO - closed
[2024-09-14T15:30:40.915+0000] {connection.py:724} INFO - No async queries seem to be running, deleting session
[2024-09-14T15:30:41.069+0000] {taskinstance.py:1138} INFO - Marking task as SUCCESS. dag_id=ETL_Dag_S3, task_id=snowflake_insert_task, execution_date=20240913T000000, start_date=20240914T153039, end_date=20240914T153041
[2024-09-14T15:30:41.113+0000] {local_task_job_runner.py:234} INFO - Task exited with return code 0
[2024-09-14T15:30:41.139+0000] {taskinstance.py:3280} INFO - 0 downstream tasks scheduled from follow-on schedule check
