[2024-08-27T16:52:51.911+0000] {processor.py:161} INFO - Started process (PID=170) to work on /opt/airflow/dags/etl_dag_s3.py
[2024-08-27T16:52:51.917+0000] {processor.py:830} INFO - Processing file /opt/airflow/dags/etl_dag_s3.py for tasks to queue
[2024-08-27T16:52:51.929+0000] {logging_mixin.py:188} INFO - [2024-08-27T16:52:51.928+0000] {dagbag.py:538} INFO - Filling up the DagBag from /opt/airflow/dags/etl_dag_s3.py
[2024-08-27T16:52:52.187+0000] {logging_mixin.py:188} INFO - rows_to_insert: {{ ti.xcom_pull(task_ids="detect_new_or_changed_rows", key="rows_to_insert") }}
[2024-08-27T16:52:52.194+0000] {logging_mixin.py:188} INFO - ids_to_update {{ ti.xcom_pull(task_ids="detect_new_or_changed_rows", key="ids_to_update") }}
[2024-08-27T16:52:52.229+0000] {logging_mixin.py:188} WARNING - /home/airflow/.local/lib/python3.8/site-packages/airflow/models/baseoperator.py:437 RemovedInAirflow3Warning: provide_context is deprecated as of 2.0 and is no longer required
[2024-08-27T16:52:52.242+0000] {processor.py:840} INFO - DAG(s) 'ETL_Dag_S3' retrieved from /opt/airflow/dags/etl_dag_s3.py
[2024-08-27T16:52:54.547+0000] {logging_mixin.py:188} INFO - [2024-08-27T16:52:54.534+0000] {dag.py:3036} INFO - Sync 1 DAGs
[2024-08-27T16:52:54.735+0000] {logging_mixin.py:188} INFO - [2024-08-27T16:52:54.734+0000] {dag.py:3823} INFO - Setting next_dagrun for ETL_Dag_S3 to 2024-08-27 15:00:00+00:00, run_after=2024-08-27 16:00:00+00:00
[2024-08-27T16:52:55.046+0000] {processor.py:183} INFO - Processing /opt/airflow/dags/etl_dag_s3.py took 3.148 seconds
[2024-08-27T16:53:25.289+0000] {processor.py:161} INFO - Started process (PID=186) to work on /opt/airflow/dags/etl_dag_s3.py
[2024-08-27T16:53:25.303+0000] {processor.py:830} INFO - Processing file /opt/airflow/dags/etl_dag_s3.py for tasks to queue
[2024-08-27T16:53:25.314+0000] {logging_mixin.py:188} INFO - [2024-08-27T16:53:25.312+0000] {dagbag.py:538} INFO - Filling up the DagBag from /opt/airflow/dags/etl_dag_s3.py
[2024-08-27T16:53:25.470+0000] {logging_mixin.py:188} INFO - rows_to_insert: {{ ti.xcom_pull(task_ids="detect_new_or_changed_rows", key="rows_to_insert") }}
[2024-08-27T16:53:25.473+0000] {logging_mixin.py:188} INFO - ids_to_update {{ ti.xcom_pull(task_ids="detect_new_or_changed_rows", key="ids_to_update") }}
[2024-08-27T16:53:25.511+0000] {logging_mixin.py:188} WARNING - /home/airflow/.local/lib/python3.8/site-packages/airflow/models/baseoperator.py:437 RemovedInAirflow3Warning: provide_context is deprecated as of 2.0 and is no longer required
[2024-08-27T16:53:25.529+0000] {processor.py:840} INFO - DAG(s) 'ETL_Dag_S3' retrieved from /opt/airflow/dags/etl_dag_s3.py
[2024-08-27T16:53:25.679+0000] {logging_mixin.py:188} INFO - [2024-08-27T16:53:25.678+0000] {dag.py:3036} INFO - Sync 1 DAGs
[2024-08-27T16:53:25.796+0000] {logging_mixin.py:188} INFO - [2024-08-27T16:53:25.795+0000] {dag.py:3823} INFO - Setting next_dagrun for ETL_Dag_S3 to 2024-08-27 15:00:00+00:00, run_after=2024-08-27 16:00:00+00:00
[2024-08-27T16:53:25.912+0000] {processor.py:183} INFO - Processing /opt/airflow/dags/etl_dag_s3.py took 0.631 seconds
[2024-08-27T16:53:56.400+0000] {processor.py:161} INFO - Started process (PID=201) to work on /opt/airflow/dags/etl_dag_s3.py
[2024-08-27T16:53:56.402+0000] {processor.py:830} INFO - Processing file /opt/airflow/dags/etl_dag_s3.py for tasks to queue
[2024-08-27T16:53:56.408+0000] {logging_mixin.py:188} INFO - [2024-08-27T16:53:56.407+0000] {dagbag.py:538} INFO - Filling up the DagBag from /opt/airflow/dags/etl_dag_s3.py
[2024-08-27T16:53:56.485+0000] {logging_mixin.py:188} INFO - rows_to_insert: {{ ti.xcom_pull(task_ids="detect_new_or_changed_rows", key="rows_to_insert") }}
[2024-08-27T16:53:56.487+0000] {logging_mixin.py:188} INFO - ids_to_update {{ ti.xcom_pull(task_ids="detect_new_or_changed_rows", key="ids_to_update") }}
[2024-08-27T16:53:56.505+0000] {logging_mixin.py:188} WARNING - /home/airflow/.local/lib/python3.8/site-packages/airflow/models/baseoperator.py:437 RemovedInAirflow3Warning: provide_context is deprecated as of 2.0 and is no longer required
[2024-08-27T16:53:56.522+0000] {processor.py:840} INFO - DAG(s) 'ETL_Dag_S3' retrieved from /opt/airflow/dags/etl_dag_s3.py
[2024-08-27T16:53:56.595+0000] {logging_mixin.py:188} INFO - [2024-08-27T16:53:56.594+0000] {dag.py:3036} INFO - Sync 1 DAGs
[2024-08-27T16:53:56.672+0000] {logging_mixin.py:188} INFO - [2024-08-27T16:53:56.672+0000] {dag.py:3823} INFO - Setting next_dagrun for ETL_Dag_S3 to 2024-08-27 15:00:00+00:00, run_after=2024-08-27 16:00:00+00:00
[2024-08-27T16:53:56.715+0000] {processor.py:183} INFO - Processing /opt/airflow/dags/etl_dag_s3.py took 0.322 seconds
[2024-08-27T16:54:27.081+0000] {processor.py:161} INFO - Started process (PID=216) to work on /opt/airflow/dags/etl_dag_s3.py
[2024-08-27T16:54:27.083+0000] {processor.py:830} INFO - Processing file /opt/airflow/dags/etl_dag_s3.py for tasks to queue
[2024-08-27T16:54:27.088+0000] {logging_mixin.py:188} INFO - [2024-08-27T16:54:27.087+0000] {dagbag.py:538} INFO - Filling up the DagBag from /opt/airflow/dags/etl_dag_s3.py
[2024-08-27T16:54:27.279+0000] {logging_mixin.py:188} INFO - rows_to_insert: {{ ti.xcom_pull(task_ids="detect_new_or_changed_rows", key="rows_to_insert") }}
[2024-08-27T16:54:27.281+0000] {logging_mixin.py:188} INFO - ids_to_update {{ ti.xcom_pull(task_ids="detect_new_or_changed_rows", key="ids_to_update") }}
[2024-08-27T16:54:27.296+0000] {logging_mixin.py:188} WARNING - /home/airflow/.local/lib/python3.8/site-packages/airflow/models/baseoperator.py:437 RemovedInAirflow3Warning: provide_context is deprecated as of 2.0 and is no longer required
[2024-08-27T16:54:27.303+0000] {processor.py:840} INFO - DAG(s) 'ETL_Dag_S3' retrieved from /opt/airflow/dags/etl_dag_s3.py
[2024-08-27T16:54:27.367+0000] {logging_mixin.py:188} INFO - [2024-08-27T16:54:27.365+0000] {dag.py:3036} INFO - Sync 1 DAGs
[2024-08-27T16:54:27.417+0000] {logging_mixin.py:188} INFO - [2024-08-27T16:54:27.417+0000] {dag.py:3823} INFO - Setting next_dagrun for ETL_Dag_S3 to 2024-08-27 15:00:00+00:00, run_after=2024-08-27 16:00:00+00:00
[2024-08-27T16:54:27.453+0000] {processor.py:183} INFO - Processing /opt/airflow/dags/etl_dag_s3.py took 0.380 seconds
[2024-08-27T16:54:58.028+0000] {processor.py:161} INFO - Started process (PID=232) to work on /opt/airflow/dags/etl_dag_s3.py
[2024-08-27T16:54:58.030+0000] {processor.py:830} INFO - Processing file /opt/airflow/dags/etl_dag_s3.py for tasks to queue
[2024-08-27T16:54:58.033+0000] {logging_mixin.py:188} INFO - [2024-08-27T16:54:58.033+0000] {dagbag.py:538} INFO - Filling up the DagBag from /opt/airflow/dags/etl_dag_s3.py
[2024-08-27T16:54:58.113+0000] {logging_mixin.py:188} INFO - rows_to_insert: {{ ti.xcom_pull(task_ids="detect_new_or_changed_rows", key="rows_to_insert") }}
[2024-08-27T16:54:58.115+0000] {logging_mixin.py:188} INFO - ids_to_update {{ ti.xcom_pull(task_ids="detect_new_or_changed_rows", key="ids_to_update") }}
[2024-08-27T16:54:58.129+0000] {logging_mixin.py:188} WARNING - /home/airflow/.local/lib/python3.8/site-packages/airflow/models/baseoperator.py:437 RemovedInAirflow3Warning: provide_context is deprecated as of 2.0 and is no longer required
[2024-08-27T16:54:58.139+0000] {processor.py:840} INFO - DAG(s) 'ETL_Dag_S3' retrieved from /opt/airflow/dags/etl_dag_s3.py
[2024-08-27T16:54:58.248+0000] {logging_mixin.py:188} INFO - [2024-08-27T16:54:58.247+0000] {dag.py:3036} INFO - Sync 1 DAGs
[2024-08-27T16:54:58.474+0000] {logging_mixin.py:188} INFO - [2024-08-27T16:54:58.473+0000] {dag.py:3823} INFO - Setting next_dagrun for ETL_Dag_S3 to 2024-08-27 15:00:00+00:00, run_after=2024-08-27 16:00:00+00:00
[2024-08-27T16:54:58.558+0000] {processor.py:183} INFO - Processing /opt/airflow/dags/etl_dag_s3.py took 0.537 seconds
[2024-08-27T16:55:28.911+0000] {processor.py:161} INFO - Started process (PID=248) to work on /opt/airflow/dags/etl_dag_s3.py
[2024-08-27T16:55:28.914+0000] {processor.py:830} INFO - Processing file /opt/airflow/dags/etl_dag_s3.py for tasks to queue
[2024-08-27T16:55:28.920+0000] {logging_mixin.py:188} INFO - [2024-08-27T16:55:28.919+0000] {dagbag.py:538} INFO - Filling up the DagBag from /opt/airflow/dags/etl_dag_s3.py
[2024-08-27T16:55:29.041+0000] {logging_mixin.py:188} INFO - rows_to_insert: {{ ti.xcom_pull(task_ids="detect_new_or_changed_rows", key="rows_to_insert") }}
[2024-08-27T16:55:29.044+0000] {logging_mixin.py:188} INFO - ids_to_update {{ ti.xcom_pull(task_ids="detect_new_or_changed_rows", key="ids_to_update") }}
[2024-08-27T16:55:29.074+0000] {logging_mixin.py:188} WARNING - /home/airflow/.local/lib/python3.8/site-packages/airflow/models/baseoperator.py:437 RemovedInAirflow3Warning: provide_context is deprecated as of 2.0 and is no longer required
[2024-08-27T16:55:29.096+0000] {processor.py:840} INFO - DAG(s) 'ETL_Dag_S3' retrieved from /opt/airflow/dags/etl_dag_s3.py
[2024-08-27T16:55:29.179+0000] {logging_mixin.py:188} INFO - [2024-08-27T16:55:29.179+0000] {dag.py:3036} INFO - Sync 1 DAGs
[2024-08-27T16:55:29.239+0000] {logging_mixin.py:188} INFO - [2024-08-27T16:55:29.238+0000] {dag.py:3823} INFO - Setting next_dagrun for ETL_Dag_S3 to 2024-08-27 15:00:00+00:00, run_after=2024-08-27 16:00:00+00:00
[2024-08-27T16:55:29.329+0000] {processor.py:183} INFO - Processing /opt/airflow/dags/etl_dag_s3.py took 0.430 seconds
[2024-08-27T16:56:00.277+0000] {processor.py:161} INFO - Started process (PID=264) to work on /opt/airflow/dags/etl_dag_s3.py
[2024-08-27T16:56:00.280+0000] {processor.py:830} INFO - Processing file /opt/airflow/dags/etl_dag_s3.py for tasks to queue
[2024-08-27T16:56:00.288+0000] {logging_mixin.py:188} INFO - [2024-08-27T16:56:00.287+0000] {dagbag.py:538} INFO - Filling up the DagBag from /opt/airflow/dags/etl_dag_s3.py
[2024-08-27T16:56:00.438+0000] {logging_mixin.py:188} INFO - rows_to_insert: {{ ti.xcom_pull(task_ids="detect_new_or_changed_rows", key="rows_to_insert") }}
[2024-08-27T16:56:00.440+0000] {logging_mixin.py:188} INFO - ids_to_update {{ ti.xcom_pull(task_ids="detect_new_or_changed_rows", key="ids_to_update") }}
[2024-08-27T16:56:00.466+0000] {logging_mixin.py:188} WARNING - /home/airflow/.local/lib/python3.8/site-packages/airflow/models/baseoperator.py:437 RemovedInAirflow3Warning: provide_context is deprecated as of 2.0 and is no longer required
[2024-08-27T16:56:00.485+0000] {processor.py:840} INFO - DAG(s) 'ETL_Dag_S3' retrieved from /opt/airflow/dags/etl_dag_s3.py
[2024-08-27T16:56:00.633+0000] {logging_mixin.py:188} INFO - [2024-08-27T16:56:00.632+0000] {dag.py:3036} INFO - Sync 1 DAGs
[2024-08-27T16:56:00.799+0000] {logging_mixin.py:188} INFO - [2024-08-27T16:56:00.798+0000] {dag.py:3823} INFO - Setting next_dagrun for ETL_Dag_S3 to 2024-08-27 15:00:00+00:00, run_after=2024-08-27 16:00:00+00:00
[2024-08-27T16:56:00.852+0000] {processor.py:183} INFO - Processing /opt/airflow/dags/etl_dag_s3.py took 0.594 seconds
[2024-08-27T16:56:31.253+0000] {processor.py:161} INFO - Started process (PID=279) to work on /opt/airflow/dags/etl_dag_s3.py
[2024-08-27T16:56:31.255+0000] {processor.py:830} INFO - Processing file /opt/airflow/dags/etl_dag_s3.py for tasks to queue
[2024-08-27T16:56:31.259+0000] {logging_mixin.py:188} INFO - [2024-08-27T16:56:31.259+0000] {dagbag.py:538} INFO - Filling up the DagBag from /opt/airflow/dags/etl_dag_s3.py
[2024-08-27T16:56:31.326+0000] {logging_mixin.py:188} INFO - rows_to_insert: {{ ti.xcom_pull(task_ids="detect_new_or_changed_rows", key="rows_to_insert") }}
[2024-08-27T16:56:31.328+0000] {logging_mixin.py:188} INFO - ids_to_update {{ ti.xcom_pull(task_ids="detect_new_or_changed_rows", key="ids_to_update") }}
[2024-08-27T16:56:31.341+0000] {logging_mixin.py:188} WARNING - /home/airflow/.local/lib/python3.8/site-packages/airflow/models/baseoperator.py:437 RemovedInAirflow3Warning: provide_context is deprecated as of 2.0 and is no longer required
[2024-08-27T16:56:31.349+0000] {processor.py:840} INFO - DAG(s) 'ETL_Dag_S3' retrieved from /opt/airflow/dags/etl_dag_s3.py
[2024-08-27T16:56:31.395+0000] {logging_mixin.py:188} INFO - [2024-08-27T16:56:31.394+0000] {dag.py:3036} INFO - Sync 1 DAGs
[2024-08-27T16:56:31.461+0000] {logging_mixin.py:188} INFO - [2024-08-27T16:56:31.461+0000] {dag.py:3823} INFO - Setting next_dagrun for ETL_Dag_S3 to 2024-08-27 15:00:00+00:00, run_after=2024-08-27 16:00:00+00:00
[2024-08-27T16:56:31.517+0000] {processor.py:183} INFO - Processing /opt/airflow/dags/etl_dag_s3.py took 0.272 seconds
[2024-08-27T16:57:01.874+0000] {processor.py:161} INFO - Started process (PID=297) to work on /opt/airflow/dags/etl_dag_s3.py
[2024-08-27T16:57:01.877+0000] {processor.py:830} INFO - Processing file /opt/airflow/dags/etl_dag_s3.py for tasks to queue
[2024-08-27T16:57:01.883+0000] {logging_mixin.py:188} INFO - [2024-08-27T16:57:01.882+0000] {dagbag.py:538} INFO - Filling up the DagBag from /opt/airflow/dags/etl_dag_s3.py
[2024-08-27T16:57:01.952+0000] {logging_mixin.py:188} INFO - rows_to_insert: {{ ti.xcom_pull(task_ids="detect_new_or_changed_rows", key="rows_to_insert") }}
[2024-08-27T16:57:01.954+0000] {logging_mixin.py:188} INFO - ids_to_update {{ ti.xcom_pull(task_ids="detect_new_or_changed_rows", key="ids_to_update") }}
[2024-08-27T16:57:01.967+0000] {logging_mixin.py:188} WARNING - /home/airflow/.local/lib/python3.8/site-packages/airflow/models/baseoperator.py:437 RemovedInAirflow3Warning: provide_context is deprecated as of 2.0 and is no longer required
[2024-08-27T16:57:01.974+0000] {processor.py:840} INFO - DAG(s) 'ETL_Dag_S3' retrieved from /opt/airflow/dags/etl_dag_s3.py
[2024-08-27T16:57:02.016+0000] {logging_mixin.py:188} INFO - [2024-08-27T16:57:02.015+0000] {dag.py:3036} INFO - Sync 1 DAGs
[2024-08-27T16:57:02.068+0000] {logging_mixin.py:188} INFO - [2024-08-27T16:57:02.067+0000] {dag.py:3823} INFO - Setting next_dagrun for ETL_Dag_S3 to 2024-08-27 15:00:00+00:00, run_after=2024-08-27 16:00:00+00:00
[2024-08-27T16:57:02.110+0000] {processor.py:183} INFO - Processing /opt/airflow/dags/etl_dag_s3.py took 0.244 seconds
[2024-08-27T16:57:32.534+0000] {processor.py:161} INFO - Started process (PID=313) to work on /opt/airflow/dags/etl_dag_s3.py
[2024-08-27T16:57:32.536+0000] {processor.py:830} INFO - Processing file /opt/airflow/dags/etl_dag_s3.py for tasks to queue
[2024-08-27T16:57:32.540+0000] {logging_mixin.py:188} INFO - [2024-08-27T16:57:32.540+0000] {dagbag.py:538} INFO - Filling up the DagBag from /opt/airflow/dags/etl_dag_s3.py
[2024-08-27T16:57:32.631+0000] {logging_mixin.py:188} INFO - rows_to_insert: {{ ti.xcom_pull(task_ids="detect_new_or_changed_rows", key="rows_to_insert") }}
[2024-08-27T16:57:32.633+0000] {logging_mixin.py:188} INFO - ids_to_update {{ ti.xcom_pull(task_ids="detect_new_or_changed_rows", key="ids_to_update") }}
[2024-08-27T16:57:32.648+0000] {logging_mixin.py:188} WARNING - /home/airflow/.local/lib/python3.8/site-packages/airflow/models/baseoperator.py:437 RemovedInAirflow3Warning: provide_context is deprecated as of 2.0 and is no longer required
[2024-08-27T16:57:32.656+0000] {processor.py:840} INFO - DAG(s) 'ETL_Dag_S3' retrieved from /opt/airflow/dags/etl_dag_s3.py
[2024-08-27T16:57:32.709+0000] {logging_mixin.py:188} INFO - [2024-08-27T16:57:32.708+0000] {dag.py:3036} INFO - Sync 1 DAGs
[2024-08-27T16:57:32.769+0000] {logging_mixin.py:188} INFO - [2024-08-27T16:57:32.768+0000] {dag.py:3823} INFO - Setting next_dagrun for ETL_Dag_S3 to 2024-08-27 15:00:00+00:00, run_after=2024-08-27 16:00:00+00:00
[2024-08-27T16:57:32.821+0000] {processor.py:183} INFO - Processing /opt/airflow/dags/etl_dag_s3.py took 0.303 seconds
[2024-08-27T16:58:02.925+0000] {processor.py:161} INFO - Started process (PID=329) to work on /opt/airflow/dags/etl_dag_s3.py
[2024-08-27T16:58:02.927+0000] {processor.py:830} INFO - Processing file /opt/airflow/dags/etl_dag_s3.py for tasks to queue
[2024-08-27T16:58:02.931+0000] {logging_mixin.py:188} INFO - [2024-08-27T16:58:02.930+0000] {dagbag.py:538} INFO - Filling up the DagBag from /opt/airflow/dags/etl_dag_s3.py
[2024-08-27T16:58:03.006+0000] {logging_mixin.py:188} INFO - rows_to_insert: {{ ti.xcom_pull(task_ids="detect_new_or_changed_rows", key="rows_to_insert") }}
[2024-08-27T16:58:03.008+0000] {logging_mixin.py:188} INFO - ids_to_update {{ ti.xcom_pull(task_ids="detect_new_or_changed_rows", key="ids_to_update") }}
[2024-08-27T16:58:03.022+0000] {logging_mixin.py:188} WARNING - /home/airflow/.local/lib/python3.8/site-packages/airflow/models/baseoperator.py:437 RemovedInAirflow3Warning: provide_context is deprecated as of 2.0 and is no longer required
[2024-08-27T16:58:03.030+0000] {processor.py:840} INFO - DAG(s) 'ETL_Dag_S3' retrieved from /opt/airflow/dags/etl_dag_s3.py
[2024-08-27T16:58:03.077+0000] {logging_mixin.py:188} INFO - [2024-08-27T16:58:03.077+0000] {dag.py:3036} INFO - Sync 1 DAGs
[2024-08-27T16:58:03.154+0000] {logging_mixin.py:188} INFO - [2024-08-27T16:58:03.153+0000] {dag.py:3823} INFO - Setting next_dagrun for ETL_Dag_S3 to 2024-08-27 15:00:00+00:00, run_after=2024-08-27 16:00:00+00:00
[2024-08-27T16:58:03.218+0000] {processor.py:183} INFO - Processing /opt/airflow/dags/etl_dag_s3.py took 0.299 seconds
[2024-08-27T16:58:33.584+0000] {processor.py:161} INFO - Started process (PID=345) to work on /opt/airflow/dags/etl_dag_s3.py
[2024-08-27T16:58:33.587+0000] {processor.py:830} INFO - Processing file /opt/airflow/dags/etl_dag_s3.py for tasks to queue
[2024-08-27T16:58:33.592+0000] {logging_mixin.py:188} INFO - [2024-08-27T16:58:33.591+0000] {dagbag.py:538} INFO - Filling up the DagBag from /opt/airflow/dags/etl_dag_s3.py
[2024-08-27T16:58:33.674+0000] {logging_mixin.py:188} INFO - rows_to_insert: {{ ti.xcom_pull(task_ids="detect_new_or_changed_rows", key="rows_to_insert") }}
[2024-08-27T16:58:33.678+0000] {logging_mixin.py:188} INFO - ids_to_update {{ ti.xcom_pull(task_ids="detect_new_or_changed_rows", key="ids_to_update") }}
[2024-08-27T16:58:33.694+0000] {logging_mixin.py:188} WARNING - /home/airflow/.local/lib/python3.8/site-packages/airflow/models/baseoperator.py:437 RemovedInAirflow3Warning: provide_context is deprecated as of 2.0 and is no longer required
[2024-08-27T16:58:33.702+0000] {processor.py:840} INFO - DAG(s) 'ETL_Dag_S3' retrieved from /opt/airflow/dags/etl_dag_s3.py
[2024-08-27T16:58:33.752+0000] {logging_mixin.py:188} INFO - [2024-08-27T16:58:33.751+0000] {dag.py:3036} INFO - Sync 1 DAGs
[2024-08-27T16:58:33.817+0000] {logging_mixin.py:188} INFO - [2024-08-27T16:58:33.817+0000] {dag.py:3823} INFO - Setting next_dagrun for ETL_Dag_S3 to 2024-08-27 15:00:00+00:00, run_after=2024-08-27 16:00:00+00:00
[2024-08-27T16:58:33.856+0000] {processor.py:183} INFO - Processing /opt/airflow/dags/etl_dag_s3.py took 0.281 seconds
[2024-08-27T16:59:04.429+0000] {processor.py:161} INFO - Started process (PID=361) to work on /opt/airflow/dags/etl_dag_s3.py
[2024-08-27T16:59:04.431+0000] {processor.py:830} INFO - Processing file /opt/airflow/dags/etl_dag_s3.py for tasks to queue
[2024-08-27T16:59:04.434+0000] {logging_mixin.py:188} INFO - [2024-08-27T16:59:04.433+0000] {dagbag.py:538} INFO - Filling up the DagBag from /opt/airflow/dags/etl_dag_s3.py
[2024-08-27T16:59:04.507+0000] {logging_mixin.py:188} INFO - rows_to_insert: {{ ti.xcom_pull(task_ids="detect_new_or_changed_rows", key="rows_to_insert") }}
[2024-08-27T16:59:04.509+0000] {logging_mixin.py:188} INFO - ids_to_update {{ ti.xcom_pull(task_ids="detect_new_or_changed_rows", key="ids_to_update") }}
[2024-08-27T16:59:04.521+0000] {logging_mixin.py:188} WARNING - /home/airflow/.local/lib/python3.8/site-packages/airflow/models/baseoperator.py:437 RemovedInAirflow3Warning: provide_context is deprecated as of 2.0 and is no longer required
[2024-08-27T16:59:04.528+0000] {processor.py:840} INFO - DAG(s) 'ETL_Dag_S3' retrieved from /opt/airflow/dags/etl_dag_s3.py
[2024-08-27T16:59:04.575+0000] {logging_mixin.py:188} INFO - [2024-08-27T16:59:04.574+0000] {dag.py:3036} INFO - Sync 1 DAGs
[2024-08-27T16:59:04.628+0000] {logging_mixin.py:188} INFO - [2024-08-27T16:59:04.628+0000] {dag.py:3823} INFO - Setting next_dagrun for ETL_Dag_S3 to 2024-08-27 15:00:00+00:00, run_after=2024-08-27 16:00:00+00:00
[2024-08-27T16:59:04.664+0000] {processor.py:183} INFO - Processing /opt/airflow/dags/etl_dag_s3.py took 0.243 seconds
[2024-08-27T16:59:34.991+0000] {processor.py:161} INFO - Started process (PID=377) to work on /opt/airflow/dags/etl_dag_s3.py
[2024-08-27T16:59:34.993+0000] {processor.py:830} INFO - Processing file /opt/airflow/dags/etl_dag_s3.py for tasks to queue
[2024-08-27T16:59:34.996+0000] {logging_mixin.py:188} INFO - [2024-08-27T16:59:34.996+0000] {dagbag.py:538} INFO - Filling up the DagBag from /opt/airflow/dags/etl_dag_s3.py
[2024-08-27T16:59:35.083+0000] {logging_mixin.py:188} INFO - rows_to_insert: {{ ti.xcom_pull(task_ids="detect_new_or_changed_rows", key="rows_to_insert") }}
[2024-08-27T16:59:35.087+0000] {logging_mixin.py:188} INFO - ids_to_update {{ ti.xcom_pull(task_ids="detect_new_or_changed_rows", key="ids_to_update") }}
[2024-08-27T16:59:35.107+0000] {logging_mixin.py:188} WARNING - /home/airflow/.local/lib/python3.8/site-packages/airflow/models/baseoperator.py:437 RemovedInAirflow3Warning: provide_context is deprecated as of 2.0 and is no longer required
[2024-08-27T16:59:35.117+0000] {processor.py:840} INFO - DAG(s) 'ETL_Dag_S3' retrieved from /opt/airflow/dags/etl_dag_s3.py
[2024-08-27T16:59:35.203+0000] {logging_mixin.py:188} INFO - [2024-08-27T16:59:35.201+0000] {dag.py:3036} INFO - Sync 1 DAGs
[2024-08-27T16:59:35.267+0000] {logging_mixin.py:188} INFO - [2024-08-27T16:59:35.267+0000] {dag.py:3823} INFO - Setting next_dagrun for ETL_Dag_S3 to 2024-08-27 15:00:00+00:00, run_after=2024-08-27 16:00:00+00:00
[2024-08-27T16:59:35.320+0000] {processor.py:183} INFO - Processing /opt/airflow/dags/etl_dag_s3.py took 0.336 seconds
[2024-08-27T17:00:05.899+0000] {processor.py:161} INFO - Started process (PID=393) to work on /opt/airflow/dags/etl_dag_s3.py
[2024-08-27T17:00:05.904+0000] {processor.py:830} INFO - Processing file /opt/airflow/dags/etl_dag_s3.py for tasks to queue
[2024-08-27T17:00:05.910+0000] {logging_mixin.py:188} INFO - [2024-08-27T17:00:05.909+0000] {dagbag.py:538} INFO - Filling up the DagBag from /opt/airflow/dags/etl_dag_s3.py
[2024-08-27T17:00:06.079+0000] {logging_mixin.py:188} INFO - rows_to_insert: {{ ti.xcom_pull(task_ids="detect_new_or_changed_rows", key="rows_to_insert") }}
[2024-08-27T17:00:06.090+0000] {logging_mixin.py:188} INFO - ids_to_update {{ ti.xcom_pull(task_ids="detect_new_or_changed_rows", key="ids_to_update") }}
[2024-08-27T17:00:06.112+0000] {logging_mixin.py:188} WARNING - /home/airflow/.local/lib/python3.8/site-packages/airflow/models/baseoperator.py:437 RemovedInAirflow3Warning: provide_context is deprecated as of 2.0 and is no longer required
[2024-08-27T17:00:06.149+0000] {processor.py:840} INFO - DAG(s) 'ETL_Dag_S3' retrieved from /opt/airflow/dags/etl_dag_s3.py
[2024-08-27T17:00:06.254+0000] {logging_mixin.py:188} INFO - [2024-08-27T17:00:06.252+0000] {dag.py:3036} INFO - Sync 1 DAGs
[2024-08-27T17:00:06.413+0000] {logging_mixin.py:188} INFO - [2024-08-27T17:00:06.412+0000] {dag.py:3823} INFO - Setting next_dagrun for ETL_Dag_S3 to 2024-08-27 16:00:00+00:00, run_after=2024-08-27 17:00:00+00:00
[2024-08-27T17:00:06.547+0000] {processor.py:183} INFO - Processing /opt/airflow/dags/etl_dag_s3.py took 0.662 seconds
[2024-08-27T17:00:37.070+0000] {processor.py:161} INFO - Started process (PID=409) to work on /opt/airflow/dags/etl_dag_s3.py
[2024-08-27T17:00:37.074+0000] {processor.py:830} INFO - Processing file /opt/airflow/dags/etl_dag_s3.py for tasks to queue
[2024-08-27T17:00:37.081+0000] {logging_mixin.py:188} INFO - [2024-08-27T17:00:37.080+0000] {dagbag.py:538} INFO - Filling up the DagBag from /opt/airflow/dags/etl_dag_s3.py
[2024-08-27T17:00:37.169+0000] {logging_mixin.py:188} INFO - rows_to_insert: {{ ti.xcom_pull(task_ids="detect_new_or_changed_rows", key="rows_to_insert") }}
[2024-08-27T17:00:37.171+0000] {logging_mixin.py:188} INFO - ids_to_update {{ ti.xcom_pull(task_ids="detect_new_or_changed_rows", key="ids_to_update") }}
[2024-08-27T17:00:37.184+0000] {logging_mixin.py:188} WARNING - /home/airflow/.local/lib/python3.8/site-packages/airflow/models/baseoperator.py:437 RemovedInAirflow3Warning: provide_context is deprecated as of 2.0 and is no longer required
[2024-08-27T17:00:37.192+0000] {processor.py:840} INFO - DAG(s) 'ETL_Dag_S3' retrieved from /opt/airflow/dags/etl_dag_s3.py
[2024-08-27T17:00:37.247+0000] {logging_mixin.py:188} INFO - [2024-08-27T17:00:37.246+0000] {dag.py:3036} INFO - Sync 1 DAGs
[2024-08-27T17:00:37.293+0000] {logging_mixin.py:188} INFO - [2024-08-27T17:00:37.293+0000] {dag.py:3823} INFO - Setting next_dagrun for ETL_Dag_S3 to 2024-08-27 16:00:00+00:00, run_after=2024-08-27 17:00:00+00:00
[2024-08-27T17:00:37.353+0000] {processor.py:183} INFO - Processing /opt/airflow/dags/etl_dag_s3.py took 0.293 seconds
[2024-08-27T17:01:07.689+0000] {processor.py:161} INFO - Started process (PID=425) to work on /opt/airflow/dags/etl_dag_s3.py
[2024-08-27T17:01:07.691+0000] {processor.py:830} INFO - Processing file /opt/airflow/dags/etl_dag_s3.py for tasks to queue
[2024-08-27T17:01:07.696+0000] {logging_mixin.py:188} INFO - [2024-08-27T17:01:07.695+0000] {dagbag.py:538} INFO - Filling up the DagBag from /opt/airflow/dags/etl_dag_s3.py
[2024-08-27T17:01:07.771+0000] {logging_mixin.py:188} INFO - rows_to_insert: {{ ti.xcom_pull(task_ids="detect_new_or_changed_rows", key="rows_to_insert") }}
[2024-08-27T17:01:07.773+0000] {logging_mixin.py:188} INFO - ids_to_update {{ ti.xcom_pull(task_ids="detect_new_or_changed_rows", key="ids_to_update") }}
[2024-08-27T17:01:07.785+0000] {logging_mixin.py:188} WARNING - /home/airflow/.local/lib/python3.8/site-packages/airflow/models/baseoperator.py:437 RemovedInAirflow3Warning: provide_context is deprecated as of 2.0 and is no longer required
[2024-08-27T17:01:07.794+0000] {processor.py:840} INFO - DAG(s) 'ETL_Dag_S3' retrieved from /opt/airflow/dags/etl_dag_s3.py
[2024-08-27T17:01:07.860+0000] {logging_mixin.py:188} INFO - [2024-08-27T17:01:07.858+0000] {dag.py:3036} INFO - Sync 1 DAGs
[2024-08-27T17:01:07.931+0000] {logging_mixin.py:188} INFO - [2024-08-27T17:01:07.930+0000] {dag.py:3823} INFO - Setting next_dagrun for ETL_Dag_S3 to 2024-08-27 16:00:00+00:00, run_after=2024-08-27 17:00:00+00:00
[2024-08-27T17:01:07.982+0000] {processor.py:183} INFO - Processing /opt/airflow/dags/etl_dag_s3.py took 0.301 seconds
[2024-08-27T17:01:38.364+0000] {processor.py:161} INFO - Started process (PID=441) to work on /opt/airflow/dags/etl_dag_s3.py
[2024-08-27T17:01:38.367+0000] {processor.py:830} INFO - Processing file /opt/airflow/dags/etl_dag_s3.py for tasks to queue
[2024-08-27T17:01:38.381+0000] {logging_mixin.py:188} INFO - [2024-08-27T17:01:38.372+0000] {dagbag.py:538} INFO - Filling up the DagBag from /opt/airflow/dags/etl_dag_s3.py
[2024-08-27T17:01:38.531+0000] {logging_mixin.py:188} INFO - rows_to_insert: {{ ti.xcom_pull(task_ids="detect_new_or_changed_rows", key="rows_to_insert") }}
[2024-08-27T17:01:38.533+0000] {logging_mixin.py:188} INFO - ids_to_update {{ ti.xcom_pull(task_ids="detect_new_or_changed_rows", key="ids_to_update") }}
[2024-08-27T17:01:38.555+0000] {logging_mixin.py:188} WARNING - /home/airflow/.local/lib/python3.8/site-packages/airflow/models/baseoperator.py:437 RemovedInAirflow3Warning: provide_context is deprecated as of 2.0 and is no longer required
[2024-08-27T17:01:38.565+0000] {processor.py:840} INFO - DAG(s) 'ETL_Dag_S3' retrieved from /opt/airflow/dags/etl_dag_s3.py
[2024-08-27T17:01:38.641+0000] {logging_mixin.py:188} INFO - [2024-08-27T17:01:38.640+0000] {dag.py:3036} INFO - Sync 1 DAGs
[2024-08-27T17:01:38.727+0000] {logging_mixin.py:188} INFO - [2024-08-27T17:01:38.727+0000] {dag.py:3823} INFO - Setting next_dagrun for ETL_Dag_S3 to 2024-08-27 16:00:00+00:00, run_after=2024-08-27 17:00:00+00:00
[2024-08-27T17:01:38.780+0000] {processor.py:183} INFO - Processing /opt/airflow/dags/etl_dag_s3.py took 0.433 seconds
[2024-08-27T17:02:09.236+0000] {processor.py:161} INFO - Started process (PID=457) to work on /opt/airflow/dags/etl_dag_s3.py
[2024-08-27T17:02:09.249+0000] {processor.py:830} INFO - Processing file /opt/airflow/dags/etl_dag_s3.py for tasks to queue
[2024-08-27T17:02:09.265+0000] {logging_mixin.py:188} INFO - [2024-08-27T17:02:09.264+0000] {dagbag.py:538} INFO - Filling up the DagBag from /opt/airflow/dags/etl_dag_s3.py
[2024-08-27T17:02:09.429+0000] {logging_mixin.py:188} INFO - rows_to_insert: {{ ti.xcom_pull(task_ids="detect_new_or_changed_rows", key="rows_to_insert") }}
[2024-08-27T17:02:09.443+0000] {logging_mixin.py:188} INFO - ids_to_update {{ ti.xcom_pull(task_ids="detect_new_or_changed_rows", key="ids_to_update") }}
[2024-08-27T17:02:09.470+0000] {logging_mixin.py:188} WARNING - /home/airflow/.local/lib/python3.8/site-packages/airflow/models/baseoperator.py:437 RemovedInAirflow3Warning: provide_context is deprecated as of 2.0 and is no longer required
[2024-08-27T17:02:09.491+0000] {processor.py:840} INFO - DAG(s) 'ETL_Dag_S3' retrieved from /opt/airflow/dags/etl_dag_s3.py
[2024-08-27T17:02:09.605+0000] {logging_mixin.py:188} INFO - [2024-08-27T17:02:09.603+0000] {dag.py:3036} INFO - Sync 1 DAGs
[2024-08-27T17:02:09.740+0000] {logging_mixin.py:188} INFO - [2024-08-27T17:02:09.739+0000] {dag.py:3823} INFO - Setting next_dagrun for ETL_Dag_S3 to 2024-08-27 16:00:00+00:00, run_after=2024-08-27 17:00:00+00:00
[2024-08-27T17:02:09.822+0000] {processor.py:183} INFO - Processing /opt/airflow/dags/etl_dag_s3.py took 0.603 seconds
[2024-08-27T17:02:40.328+0000] {processor.py:161} INFO - Started process (PID=473) to work on /opt/airflow/dags/etl_dag_s3.py
[2024-08-27T17:02:40.330+0000] {processor.py:830} INFO - Processing file /opt/airflow/dags/etl_dag_s3.py for tasks to queue
[2024-08-27T17:02:40.334+0000] {logging_mixin.py:188} INFO - [2024-08-27T17:02:40.333+0000] {dagbag.py:538} INFO - Filling up the DagBag from /opt/airflow/dags/etl_dag_s3.py
[2024-08-27T17:02:40.414+0000] {logging_mixin.py:188} INFO - rows_to_insert: {{ ti.xcom_pull(task_ids="detect_new_or_changed_rows", key="rows_to_insert") }}
[2024-08-27T17:02:40.415+0000] {logging_mixin.py:188} INFO - ids_to_update {{ ti.xcom_pull(task_ids="detect_new_or_changed_rows", key="ids_to_update") }}
[2024-08-27T17:02:40.428+0000] {logging_mixin.py:188} WARNING - /home/airflow/.local/lib/python3.8/site-packages/airflow/models/baseoperator.py:437 RemovedInAirflow3Warning: provide_context is deprecated as of 2.0 and is no longer required
[2024-08-27T17:02:40.437+0000] {processor.py:840} INFO - DAG(s) 'ETL_Dag_S3' retrieved from /opt/airflow/dags/etl_dag_s3.py
[2024-08-27T17:02:40.490+0000] {logging_mixin.py:188} INFO - [2024-08-27T17:02:40.489+0000] {dag.py:3036} INFO - Sync 1 DAGs
[2024-08-27T17:02:40.547+0000] {logging_mixin.py:188} INFO - [2024-08-27T17:02:40.546+0000] {dag.py:3823} INFO - Setting next_dagrun for ETL_Dag_S3 to 2024-08-27 16:00:00+00:00, run_after=2024-08-27 17:00:00+00:00
[2024-08-27T17:02:40.592+0000] {processor.py:183} INFO - Processing /opt/airflow/dags/etl_dag_s3.py took 0.271 seconds
[2024-08-27T17:03:10.997+0000] {processor.py:161} INFO - Started process (PID=489) to work on /opt/airflow/dags/etl_dag_s3.py
[2024-08-27T17:03:11.000+0000] {processor.py:830} INFO - Processing file /opt/airflow/dags/etl_dag_s3.py for tasks to queue
[2024-08-27T17:03:11.004+0000] {logging_mixin.py:188} INFO - [2024-08-27T17:03:11.003+0000] {dagbag.py:538} INFO - Filling up the DagBag from /opt/airflow/dags/etl_dag_s3.py
[2024-08-27T17:03:11.070+0000] {logging_mixin.py:188} INFO - rows_to_insert: {{ ti.xcom_pull(task_ids="detect_new_or_changed_rows", key="rows_to_insert") }}
[2024-08-27T17:03:11.072+0000] {logging_mixin.py:188} INFO - ids_to_update {{ ti.xcom_pull(task_ids="detect_new_or_changed_rows", key="ids_to_update") }}
[2024-08-27T17:03:11.086+0000] {logging_mixin.py:188} WARNING - /home/airflow/.local/lib/python3.8/site-packages/airflow/models/baseoperator.py:437 RemovedInAirflow3Warning: provide_context is deprecated as of 2.0 and is no longer required
[2024-08-27T17:03:11.094+0000] {processor.py:840} INFO - DAG(s) 'ETL_Dag_S3' retrieved from /opt/airflow/dags/etl_dag_s3.py
[2024-08-27T17:03:11.142+0000] {logging_mixin.py:188} INFO - [2024-08-27T17:03:11.141+0000] {dag.py:3036} INFO - Sync 1 DAGs
[2024-08-27T17:03:11.188+0000] {logging_mixin.py:188} INFO - [2024-08-27T17:03:11.187+0000] {dag.py:3823} INFO - Setting next_dagrun for ETL_Dag_S3 to 2024-08-27 16:00:00+00:00, run_after=2024-08-27 17:00:00+00:00
[2024-08-27T17:03:11.229+0000] {processor.py:183} INFO - Processing /opt/airflow/dags/etl_dag_s3.py took 0.239 seconds
[2024-08-27T17:03:41.570+0000] {processor.py:161} INFO - Started process (PID=505) to work on /opt/airflow/dags/etl_dag_s3.py
[2024-08-27T17:03:41.572+0000] {processor.py:830} INFO - Processing file /opt/airflow/dags/etl_dag_s3.py for tasks to queue
[2024-08-27T17:03:41.577+0000] {logging_mixin.py:188} INFO - [2024-08-27T17:03:41.576+0000] {dagbag.py:538} INFO - Filling up the DagBag from /opt/airflow/dags/etl_dag_s3.py
[2024-08-27T17:03:41.647+0000] {logging_mixin.py:188} INFO - rows_to_insert: {{ ti.xcom_pull(task_ids="detect_new_or_changed_rows", key="rows_to_insert") }}
[2024-08-27T17:03:41.649+0000] {logging_mixin.py:188} INFO - ids_to_update {{ ti.xcom_pull(task_ids="detect_new_or_changed_rows", key="ids_to_update") }}
[2024-08-27T17:03:41.661+0000] {logging_mixin.py:188} WARNING - /home/airflow/.local/lib/python3.8/site-packages/airflow/models/baseoperator.py:437 RemovedInAirflow3Warning: provide_context is deprecated as of 2.0 and is no longer required
[2024-08-27T17:03:41.669+0000] {processor.py:840} INFO - DAG(s) 'ETL_Dag_S3' retrieved from /opt/airflow/dags/etl_dag_s3.py
[2024-08-27T17:03:41.717+0000] {logging_mixin.py:188} INFO - [2024-08-27T17:03:41.717+0000] {dag.py:3036} INFO - Sync 1 DAGs
[2024-08-27T17:03:41.771+0000] {logging_mixin.py:188} INFO - [2024-08-27T17:03:41.771+0000] {dag.py:3823} INFO - Setting next_dagrun for ETL_Dag_S3 to 2024-08-27 16:00:00+00:00, run_after=2024-08-27 17:00:00+00:00
[2024-08-27T17:03:41.808+0000] {processor.py:183} INFO - Processing /opt/airflow/dags/etl_dag_s3.py took 0.247 seconds
[2024-08-27T17:04:12.109+0000] {processor.py:161} INFO - Started process (PID=521) to work on /opt/airflow/dags/etl_dag_s3.py
[2024-08-27T17:04:12.111+0000] {processor.py:830} INFO - Processing file /opt/airflow/dags/etl_dag_s3.py for tasks to queue
[2024-08-27T17:04:12.117+0000] {logging_mixin.py:188} INFO - [2024-08-27T17:04:12.115+0000] {dagbag.py:538} INFO - Filling up the DagBag from /opt/airflow/dags/etl_dag_s3.py
[2024-08-27T17:04:12.186+0000] {logging_mixin.py:188} INFO - rows_to_insert: {{ ti.xcom_pull(task_ids="detect_new_or_changed_rows", key="rows_to_insert") }}
[2024-08-27T17:04:12.189+0000] {logging_mixin.py:188} INFO - ids_to_update {{ ti.xcom_pull(task_ids="detect_new_or_changed_rows", key="ids_to_update") }}
[2024-08-27T17:04:12.207+0000] {logging_mixin.py:188} WARNING - /home/airflow/.local/lib/python3.8/site-packages/airflow/models/baseoperator.py:437 RemovedInAirflow3Warning: provide_context is deprecated as of 2.0 and is no longer required
[2024-08-27T17:04:12.217+0000] {processor.py:840} INFO - DAG(s) 'ETL_Dag_S3' retrieved from /opt/airflow/dags/etl_dag_s3.py
[2024-08-27T17:04:12.270+0000] {logging_mixin.py:188} INFO - [2024-08-27T17:04:12.268+0000] {dag.py:3036} INFO - Sync 1 DAGs
[2024-08-27T17:04:12.414+0000] {logging_mixin.py:188} INFO - [2024-08-27T17:04:12.414+0000] {dag.py:3823} INFO - Setting next_dagrun for ETL_Dag_S3 to 2024-08-27 16:00:00+00:00, run_after=2024-08-27 17:00:00+00:00
[2024-08-27T17:04:12.473+0000] {processor.py:183} INFO - Processing /opt/airflow/dags/etl_dag_s3.py took 0.372 seconds
[2024-08-27T17:04:43.115+0000] {processor.py:161} INFO - Started process (PID=537) to work on /opt/airflow/dags/etl_dag_s3.py
[2024-08-27T17:04:43.117+0000] {processor.py:830} INFO - Processing file /opt/airflow/dags/etl_dag_s3.py for tasks to queue
[2024-08-27T17:04:43.121+0000] {logging_mixin.py:188} INFO - [2024-08-27T17:04:43.120+0000] {dagbag.py:538} INFO - Filling up the DagBag from /opt/airflow/dags/etl_dag_s3.py
[2024-08-27T17:04:43.188+0000] {logging_mixin.py:188} INFO - rows_to_insert: {{ ti.xcom_pull(task_ids="detect_new_or_changed_rows", key="rows_to_insert") }}
[2024-08-27T17:04:43.190+0000] {logging_mixin.py:188} INFO - ids_to_update {{ ti.xcom_pull(task_ids="detect_new_or_changed_rows", key="ids_to_update") }}
[2024-08-27T17:04:43.202+0000] {logging_mixin.py:188} WARNING - /home/airflow/.local/lib/python3.8/site-packages/airflow/models/baseoperator.py:437 RemovedInAirflow3Warning: provide_context is deprecated as of 2.0 and is no longer required
[2024-08-27T17:04:43.210+0000] {processor.py:840} INFO - DAG(s) 'ETL_Dag_S3' retrieved from /opt/airflow/dags/etl_dag_s3.py
[2024-08-27T17:04:43.251+0000] {logging_mixin.py:188} INFO - [2024-08-27T17:04:43.251+0000] {dag.py:3036} INFO - Sync 1 DAGs
[2024-08-27T17:04:43.298+0000] {logging_mixin.py:188} INFO - [2024-08-27T17:04:43.298+0000] {dag.py:3823} INFO - Setting next_dagrun for ETL_Dag_S3 to 2024-08-27 16:00:00+00:00, run_after=2024-08-27 17:00:00+00:00
[2024-08-27T17:04:43.338+0000] {processor.py:183} INFO - Processing /opt/airflow/dags/etl_dag_s3.py took 0.232 seconds
[2024-08-27T17:05:13.665+0000] {processor.py:161} INFO - Started process (PID=553) to work on /opt/airflow/dags/etl_dag_s3.py
[2024-08-27T17:05:13.668+0000] {processor.py:830} INFO - Processing file /opt/airflow/dags/etl_dag_s3.py for tasks to queue
[2024-08-27T17:05:13.680+0000] {logging_mixin.py:188} INFO - [2024-08-27T17:05:13.676+0000] {dagbag.py:538} INFO - Filling up the DagBag from /opt/airflow/dags/etl_dag_s3.py
[2024-08-27T17:05:13.781+0000] {logging_mixin.py:188} INFO - rows_to_insert: {{ ti.xcom_pull(task_ids="detect_new_or_changed_rows", key="rows_to_insert") }}
[2024-08-27T17:05:13.783+0000] {logging_mixin.py:188} INFO - ids_to_update {{ ti.xcom_pull(task_ids="detect_new_or_changed_rows", key="ids_to_update") }}
[2024-08-27T17:05:13.797+0000] {logging_mixin.py:188} WARNING - /home/airflow/.local/lib/python3.8/site-packages/airflow/models/baseoperator.py:437 RemovedInAirflow3Warning: provide_context is deprecated as of 2.0 and is no longer required
[2024-08-27T17:05:13.805+0000] {processor.py:840} INFO - DAG(s) 'ETL_Dag_S3' retrieved from /opt/airflow/dags/etl_dag_s3.py
[2024-08-27T17:05:13.851+0000] {logging_mixin.py:188} INFO - [2024-08-27T17:05:13.850+0000] {dag.py:3036} INFO - Sync 1 DAGs
[2024-08-27T17:05:13.907+0000] {logging_mixin.py:188} INFO - [2024-08-27T17:05:13.907+0000] {dag.py:3823} INFO - Setting next_dagrun for ETL_Dag_S3 to 2024-08-27 16:00:00+00:00, run_after=2024-08-27 17:00:00+00:00
[2024-08-27T17:05:13.972+0000] {processor.py:183} INFO - Processing /opt/airflow/dags/etl_dag_s3.py took 0.320 seconds
[2024-08-27T17:05:44.618+0000] {processor.py:161} INFO - Started process (PID=569) to work on /opt/airflow/dags/etl_dag_s3.py
[2024-08-27T17:05:44.621+0000] {processor.py:830} INFO - Processing file /opt/airflow/dags/etl_dag_s3.py for tasks to queue
[2024-08-27T17:05:44.630+0000] {logging_mixin.py:188} INFO - [2024-08-27T17:05:44.629+0000] {dagbag.py:538} INFO - Filling up the DagBag from /opt/airflow/dags/etl_dag_s3.py
[2024-08-27T17:05:44.734+0000] {logging_mixin.py:188} INFO - rows_to_insert: {{ ti.xcom_pull(task_ids="detect_new_or_changed_rows", key="rows_to_insert") }}
[2024-08-27T17:05:44.737+0000] {logging_mixin.py:188} INFO - ids_to_update {{ ti.xcom_pull(task_ids="detect_new_or_changed_rows", key="ids_to_update") }}
[2024-08-27T17:05:44.761+0000] {logging_mixin.py:188} WARNING - /home/airflow/.local/lib/python3.8/site-packages/airflow/models/baseoperator.py:437 RemovedInAirflow3Warning: provide_context is deprecated as of 2.0 and is no longer required
[2024-08-27T17:05:44.779+0000] {processor.py:840} INFO - DAG(s) 'ETL_Dag_S3' retrieved from /opt/airflow/dags/etl_dag_s3.py
[2024-08-27T17:05:44.880+0000] {logging_mixin.py:188} INFO - [2024-08-27T17:05:44.879+0000] {dag.py:3036} INFO - Sync 1 DAGs
[2024-08-27T17:05:44.947+0000] {logging_mixin.py:188} INFO - [2024-08-27T17:05:44.947+0000] {dag.py:3823} INFO - Setting next_dagrun for ETL_Dag_S3 to 2024-08-27 16:00:00+00:00, run_after=2024-08-27 17:00:00+00:00
[2024-08-27T17:05:44.994+0000] {processor.py:183} INFO - Processing /opt/airflow/dags/etl_dag_s3.py took 0.387 seconds
[2024-08-27T17:06:15.373+0000] {processor.py:161} INFO - Started process (PID=592) to work on /opt/airflow/dags/etl_dag_s3.py
[2024-08-27T17:06:15.377+0000] {processor.py:830} INFO - Processing file /opt/airflow/dags/etl_dag_s3.py for tasks to queue
[2024-08-27T17:06:15.382+0000] {logging_mixin.py:188} INFO - [2024-08-27T17:06:15.382+0000] {dagbag.py:538} INFO - Filling up the DagBag from /opt/airflow/dags/etl_dag_s3.py
[2024-08-27T17:06:15.454+0000] {logging_mixin.py:188} INFO - rows_to_insert: {{ ti.xcom_pull(task_ids="detect_new_or_changed_rows", key="rows_to_insert") }}
[2024-08-27T17:06:15.457+0000] {logging_mixin.py:188} INFO - ids_to_update {{ ti.xcom_pull(task_ids="detect_new_or_changed_rows", key="ids_to_update") }}
[2024-08-27T17:06:15.475+0000] {logging_mixin.py:188} WARNING - /home/airflow/.local/lib/python3.8/site-packages/airflow/models/baseoperator.py:437 RemovedInAirflow3Warning: provide_context is deprecated as of 2.0 and is no longer required
[2024-08-27T17:06:15.486+0000] {processor.py:840} INFO - DAG(s) 'ETL_Dag_S3' retrieved from /opt/airflow/dags/etl_dag_s3.py
[2024-08-27T17:06:15.535+0000] {logging_mixin.py:188} INFO - [2024-08-27T17:06:15.534+0000] {dag.py:3036} INFO - Sync 1 DAGs
[2024-08-27T17:06:15.583+0000] {logging_mixin.py:188} INFO - [2024-08-27T17:06:15.583+0000] {dag.py:3823} INFO - Setting next_dagrun for ETL_Dag_S3 to 2024-08-27 16:00:00+00:00, run_after=2024-08-27 17:00:00+00:00
[2024-08-27T17:06:15.623+0000] {processor.py:183} INFO - Processing /opt/airflow/dags/etl_dag_s3.py took 0.259 seconds
[2024-08-27T17:06:46.031+0000] {processor.py:161} INFO - Started process (PID=608) to work on /opt/airflow/dags/etl_dag_s3.py
[2024-08-27T17:06:46.035+0000] {processor.py:830} INFO - Processing file /opt/airflow/dags/etl_dag_s3.py for tasks to queue
[2024-08-27T17:06:46.041+0000] {logging_mixin.py:188} INFO - [2024-08-27T17:06:46.040+0000] {dagbag.py:538} INFO - Filling up the DagBag from /opt/airflow/dags/etl_dag_s3.py
[2024-08-27T17:06:46.129+0000] {logging_mixin.py:188} INFO - rows_to_insert: {{ ti.xcom_pull(task_ids="detect_new_or_changed_rows", key="rows_to_insert") }}
[2024-08-27T17:06:46.131+0000] {logging_mixin.py:188} INFO - ids_to_update {{ ti.xcom_pull(task_ids="detect_new_or_changed_rows", key="ids_to_update") }}
[2024-08-27T17:06:46.148+0000] {logging_mixin.py:188} WARNING - /home/airflow/.local/lib/python3.8/site-packages/airflow/models/baseoperator.py:437 RemovedInAirflow3Warning: provide_context is deprecated as of 2.0 and is no longer required
[2024-08-27T17:06:46.155+0000] {processor.py:840} INFO - DAG(s) 'ETL_Dag_S3' retrieved from /opt/airflow/dags/etl_dag_s3.py
[2024-08-27T17:06:46.198+0000] {logging_mixin.py:188} INFO - [2024-08-27T17:06:46.197+0000] {dag.py:3036} INFO - Sync 1 DAGs
[2024-08-27T17:06:46.246+0000] {logging_mixin.py:188} INFO - [2024-08-27T17:06:46.246+0000] {dag.py:3823} INFO - Setting next_dagrun for ETL_Dag_S3 to 2024-08-27 16:00:00+00:00, run_after=2024-08-27 17:00:00+00:00
[2024-08-27T17:06:46.290+0000] {processor.py:183} INFO - Processing /opt/airflow/dags/etl_dag_s3.py took 0.267 seconds
[2024-08-27T17:07:16.595+0000] {processor.py:161} INFO - Started process (PID=624) to work on /opt/airflow/dags/etl_dag_s3.py
[2024-08-27T17:07:16.598+0000] {processor.py:830} INFO - Processing file /opt/airflow/dags/etl_dag_s3.py for tasks to queue
[2024-08-27T17:07:16.603+0000] {logging_mixin.py:188} INFO - [2024-08-27T17:07:16.602+0000] {dagbag.py:538} INFO - Filling up the DagBag from /opt/airflow/dags/etl_dag_s3.py
[2024-08-27T17:07:16.722+0000] {logging_mixin.py:188} INFO - rows_to_insert: {{ ti.xcom_pull(task_ids="detect_new_or_changed_rows", key="rows_to_insert") }}
[2024-08-27T17:07:16.729+0000] {logging_mixin.py:188} INFO - ids_to_update {{ ti.xcom_pull(task_ids="detect_new_or_changed_rows", key="ids_to_update") }}
[2024-08-27T17:07:16.747+0000] {logging_mixin.py:188} WARNING - /home/airflow/.local/lib/python3.8/site-packages/airflow/models/baseoperator.py:437 RemovedInAirflow3Warning: provide_context is deprecated as of 2.0 and is no longer required
[2024-08-27T17:07:16.757+0000] {processor.py:840} INFO - DAG(s) 'ETL_Dag_S3' retrieved from /opt/airflow/dags/etl_dag_s3.py
[2024-08-27T17:07:16.812+0000] {logging_mixin.py:188} INFO - [2024-08-27T17:07:16.811+0000] {dag.py:3036} INFO - Sync 1 DAGs
[2024-08-27T17:07:16.876+0000] {logging_mixin.py:188} INFO - [2024-08-27T17:07:16.875+0000] {dag.py:3823} INFO - Setting next_dagrun for ETL_Dag_S3 to 2024-08-27 16:00:00+00:00, run_after=2024-08-27 17:00:00+00:00
[2024-08-27T17:07:16.931+0000] {processor.py:183} INFO - Processing /opt/airflow/dags/etl_dag_s3.py took 0.347 seconds
[2024-08-27T17:07:47.185+0000] {processor.py:161} INFO - Started process (PID=640) to work on /opt/airflow/dags/etl_dag_s3.py
[2024-08-27T17:07:47.188+0000] {processor.py:830} INFO - Processing file /opt/airflow/dags/etl_dag_s3.py for tasks to queue
[2024-08-27T17:07:47.191+0000] {logging_mixin.py:188} INFO - [2024-08-27T17:07:47.191+0000] {dagbag.py:538} INFO - Filling up the DagBag from /opt/airflow/dags/etl_dag_s3.py
[2024-08-27T17:07:47.261+0000] {logging_mixin.py:188} INFO - rows_to_insert: {{ ti.xcom_pull(task_ids="detect_new_or_changed_rows", key="rows_to_insert") }}
[2024-08-27T17:07:47.264+0000] {logging_mixin.py:188} INFO - ids_to_update {{ ti.xcom_pull(task_ids="detect_new_or_changed_rows", key="ids_to_update") }}
[2024-08-27T17:07:47.278+0000] {logging_mixin.py:188} WARNING - /home/airflow/.local/lib/python3.8/site-packages/airflow/models/baseoperator.py:437 RemovedInAirflow3Warning: provide_context is deprecated as of 2.0 and is no longer required
[2024-08-27T17:07:47.287+0000] {processor.py:840} INFO - DAG(s) 'ETL_Dag_S3' retrieved from /opt/airflow/dags/etl_dag_s3.py
[2024-08-27T17:07:47.342+0000] {logging_mixin.py:188} INFO - [2024-08-27T17:07:47.342+0000] {dag.py:3036} INFO - Sync 1 DAGs
[2024-08-27T17:07:47.399+0000] {logging_mixin.py:188} INFO - [2024-08-27T17:07:47.398+0000] {dag.py:3823} INFO - Setting next_dagrun for ETL_Dag_S3 to 2024-08-27 16:00:00+00:00, run_after=2024-08-27 17:00:00+00:00
[2024-08-27T17:07:47.466+0000] {processor.py:183} INFO - Processing /opt/airflow/dags/etl_dag_s3.py took 0.291 seconds
[2024-08-27T17:08:17.816+0000] {processor.py:161} INFO - Started process (PID=656) to work on /opt/airflow/dags/etl_dag_s3.py
[2024-08-27T17:08:17.819+0000] {processor.py:830} INFO - Processing file /opt/airflow/dags/etl_dag_s3.py for tasks to queue
[2024-08-27T17:08:17.823+0000] {logging_mixin.py:188} INFO - [2024-08-27T17:08:17.823+0000] {dagbag.py:538} INFO - Filling up the DagBag from /opt/airflow/dags/etl_dag_s3.py
[2024-08-27T17:08:17.900+0000] {logging_mixin.py:188} INFO - rows_to_insert: {{ ti.xcom_pull(task_ids="detect_new_or_changed_rows", key="rows_to_insert") }}
[2024-08-27T17:08:17.903+0000] {logging_mixin.py:188} INFO - ids_to_update {{ ti.xcom_pull(task_ids="detect_new_or_changed_rows", key="ids_to_update") }}
[2024-08-27T17:08:17.917+0000] {logging_mixin.py:188} WARNING - /home/airflow/.local/lib/python3.8/site-packages/airflow/models/baseoperator.py:437 RemovedInAirflow3Warning: provide_context is deprecated as of 2.0 and is no longer required
[2024-08-27T17:08:17.929+0000] {processor.py:840} INFO - DAG(s) 'ETL_Dag_S3' retrieved from /opt/airflow/dags/etl_dag_s3.py
[2024-08-27T17:08:17.982+0000] {logging_mixin.py:188} INFO - [2024-08-27T17:08:17.981+0000] {dag.py:3036} INFO - Sync 1 DAGs
[2024-08-27T17:08:18.031+0000] {logging_mixin.py:188} INFO - [2024-08-27T17:08:18.031+0000] {dag.py:3823} INFO - Setting next_dagrun for ETL_Dag_S3 to 2024-08-27 16:00:00+00:00, run_after=2024-08-27 17:00:00+00:00
[2024-08-27T17:08:18.073+0000] {processor.py:183} INFO - Processing /opt/airflow/dags/etl_dag_s3.py took 0.267 seconds
[2024-08-27T17:08:48.542+0000] {processor.py:161} INFO - Started process (PID=672) to work on /opt/airflow/dags/etl_dag_s3.py
[2024-08-27T17:08:48.543+0000] {processor.py:830} INFO - Processing file /opt/airflow/dags/etl_dag_s3.py for tasks to queue
[2024-08-27T17:08:48.548+0000] {logging_mixin.py:188} INFO - [2024-08-27T17:08:48.547+0000] {dagbag.py:538} INFO - Filling up the DagBag from /opt/airflow/dags/etl_dag_s3.py
[2024-08-27T17:08:48.625+0000] {logging_mixin.py:188} INFO - rows_to_insert: {{ ti.xcom_pull(task_ids="detect_new_or_changed_rows", key="rows_to_insert") }}
[2024-08-27T17:08:48.627+0000] {logging_mixin.py:188} INFO - ids_to_update {{ ti.xcom_pull(task_ids="detect_new_or_changed_rows", key="ids_to_update") }}
[2024-08-27T17:08:48.640+0000] {logging_mixin.py:188} WARNING - /home/airflow/.local/lib/python3.8/site-packages/airflow/models/baseoperator.py:437 RemovedInAirflow3Warning: provide_context is deprecated as of 2.0 and is no longer required
[2024-08-27T17:08:48.648+0000] {processor.py:840} INFO - DAG(s) 'ETL_Dag_S3' retrieved from /opt/airflow/dags/etl_dag_s3.py
[2024-08-27T17:08:48.694+0000] {logging_mixin.py:188} INFO - [2024-08-27T17:08:48.693+0000] {dag.py:3036} INFO - Sync 1 DAGs
[2024-08-27T17:08:48.745+0000] {logging_mixin.py:188} INFO - [2024-08-27T17:08:48.744+0000] {dag.py:3823} INFO - Setting next_dagrun for ETL_Dag_S3 to 2024-08-27 16:00:00+00:00, run_after=2024-08-27 17:00:00+00:00
[2024-08-27T17:08:48.783+0000] {processor.py:183} INFO - Processing /opt/airflow/dags/etl_dag_s3.py took 0.247 seconds
[2024-08-27T17:09:19.122+0000] {processor.py:161} INFO - Started process (PID=689) to work on /opt/airflow/dags/etl_dag_s3.py
[2024-08-27T17:09:19.125+0000] {processor.py:830} INFO - Processing file /opt/airflow/dags/etl_dag_s3.py for tasks to queue
[2024-08-27T17:09:19.128+0000] {logging_mixin.py:188} INFO - [2024-08-27T17:09:19.128+0000] {dagbag.py:538} INFO - Filling up the DagBag from /opt/airflow/dags/etl_dag_s3.py
[2024-08-27T17:09:19.201+0000] {logging_mixin.py:188} INFO - rows_to_insert: {{ ti.xcom_pull(task_ids="detect_new_or_changed_rows", key="rows_to_insert") }}
[2024-08-27T17:09:19.204+0000] {logging_mixin.py:188} INFO - ids_to_update {{ ti.xcom_pull(task_ids="detect_new_or_changed_rows", key="ids_to_update") }}
[2024-08-27T17:09:19.218+0000] {logging_mixin.py:188} WARNING - /home/airflow/.local/lib/python3.8/site-packages/airflow/models/baseoperator.py:437 RemovedInAirflow3Warning: provide_context is deprecated as of 2.0 and is no longer required
[2024-08-27T17:09:19.225+0000] {processor.py:840} INFO - DAG(s) 'ETL_Dag_S3' retrieved from /opt/airflow/dags/etl_dag_s3.py
[2024-08-27T17:09:19.273+0000] {logging_mixin.py:188} INFO - [2024-08-27T17:09:19.272+0000] {dag.py:3036} INFO - Sync 1 DAGs
[2024-08-27T17:09:19.320+0000] {logging_mixin.py:188} INFO - [2024-08-27T17:09:19.319+0000] {dag.py:3823} INFO - Setting next_dagrun for ETL_Dag_S3 to 2024-08-27 16:00:00+00:00, run_after=2024-08-27 17:00:00+00:00
[2024-08-27T17:09:19.366+0000] {processor.py:183} INFO - Processing /opt/airflow/dags/etl_dag_s3.py took 0.251 seconds
[2024-08-27T17:09:49.684+0000] {processor.py:161} INFO - Started process (PID=705) to work on /opt/airflow/dags/etl_dag_s3.py
[2024-08-27T17:09:49.687+0000] {processor.py:830} INFO - Processing file /opt/airflow/dags/etl_dag_s3.py for tasks to queue
[2024-08-27T17:09:49.692+0000] {logging_mixin.py:188} INFO - [2024-08-27T17:09:49.691+0000] {dagbag.py:538} INFO - Filling up the DagBag from /opt/airflow/dags/etl_dag_s3.py
[2024-08-27T17:09:49.771+0000] {logging_mixin.py:188} INFO - rows_to_insert: {{ ti.xcom_pull(task_ids="detect_new_or_changed_rows", key="rows_to_insert") }}
[2024-08-27T17:09:49.773+0000] {logging_mixin.py:188} INFO - ids_to_update {{ ti.xcom_pull(task_ids="detect_new_or_changed_rows", key="ids_to_update") }}
[2024-08-27T17:09:49.786+0000] {logging_mixin.py:188} WARNING - /home/airflow/.local/lib/python3.8/site-packages/airflow/models/baseoperator.py:437 RemovedInAirflow3Warning: provide_context is deprecated as of 2.0 and is no longer required
[2024-08-27T17:09:49.793+0000] {processor.py:840} INFO - DAG(s) 'ETL_Dag_S3' retrieved from /opt/airflow/dags/etl_dag_s3.py
[2024-08-27T17:09:49.864+0000] {logging_mixin.py:188} INFO - [2024-08-27T17:09:49.863+0000] {dag.py:3036} INFO - Sync 1 DAGs
[2024-08-27T17:09:49.915+0000] {logging_mixin.py:188} INFO - [2024-08-27T17:09:49.914+0000] {dag.py:3823} INFO - Setting next_dagrun for ETL_Dag_S3 to 2024-08-27 16:00:00+00:00, run_after=2024-08-27 17:00:00+00:00
[2024-08-27T17:09:49.961+0000] {processor.py:183} INFO - Processing /opt/airflow/dags/etl_dag_s3.py took 0.284 seconds
[2024-08-27T17:10:20.415+0000] {processor.py:161} INFO - Started process (PID=722) to work on /opt/airflow/dags/etl_dag_s3.py
[2024-08-27T17:10:20.433+0000] {processor.py:830} INFO - Processing file /opt/airflow/dags/etl_dag_s3.py for tasks to queue
[2024-08-27T17:10:20.438+0000] {logging_mixin.py:188} INFO - [2024-08-27T17:10:20.437+0000] {dagbag.py:538} INFO - Filling up the DagBag from /opt/airflow/dags/etl_dag_s3.py
[2024-08-27T17:10:20.625+0000] {logging_mixin.py:188} INFO - rows_to_insert: {{ ti.xcom_pull(task_ids="detect_new_or_changed_rows", key="rows_to_insert") }}
[2024-08-27T17:10:20.633+0000] {logging_mixin.py:188} INFO - ids_to_update {{ ti.xcom_pull(task_ids="detect_new_or_changed_rows", key="ids_to_update") }}
[2024-08-27T17:10:20.695+0000] {logging_mixin.py:188} WARNING - /home/airflow/.local/lib/python3.8/site-packages/airflow/models/baseoperator.py:437 RemovedInAirflow3Warning: provide_context is deprecated as of 2.0 and is no longer required
[2024-08-27T17:10:20.730+0000] {processor.py:840} INFO - DAG(s) 'ETL_Dag_S3' retrieved from /opt/airflow/dags/etl_dag_s3.py
[2024-08-27T17:10:20.830+0000] {logging_mixin.py:188} INFO - [2024-08-27T17:10:20.829+0000] {dag.py:3036} INFO - Sync 1 DAGs
[2024-08-27T17:10:20.890+0000] {logging_mixin.py:188} INFO - [2024-08-27T17:10:20.889+0000] {dag.py:3823} INFO - Setting next_dagrun for ETL_Dag_S3 to 2024-08-27 16:00:00+00:00, run_after=2024-08-27 17:00:00+00:00
[2024-08-27T17:10:20.938+0000] {processor.py:183} INFO - Processing /opt/airflow/dags/etl_dag_s3.py took 0.540 seconds
[2024-08-27T17:10:51.616+0000] {processor.py:161} INFO - Started process (PID=738) to work on /opt/airflow/dags/etl_dag_s3.py
[2024-08-27T17:10:51.618+0000] {processor.py:830} INFO - Processing file /opt/airflow/dags/etl_dag_s3.py for tasks to queue
[2024-08-27T17:10:51.623+0000] {logging_mixin.py:188} INFO - [2024-08-27T17:10:51.622+0000] {dagbag.py:538} INFO - Filling up the DagBag from /opt/airflow/dags/etl_dag_s3.py
[2024-08-27T17:10:51.695+0000] {logging_mixin.py:188} INFO - rows_to_insert: {{ ti.xcom_pull(task_ids="detect_new_or_changed_rows", key="rows_to_insert") }}
[2024-08-27T17:10:51.697+0000] {logging_mixin.py:188} INFO - ids_to_update {{ ti.xcom_pull(task_ids="detect_new_or_changed_rows", key="ids_to_update") }}
[2024-08-27T17:10:51.712+0000] {logging_mixin.py:188} WARNING - /home/airflow/.local/lib/python3.8/site-packages/airflow/models/baseoperator.py:437 RemovedInAirflow3Warning: provide_context is deprecated as of 2.0 and is no longer required
[2024-08-27T17:10:51.721+0000] {processor.py:840} INFO - DAG(s) 'ETL_Dag_S3' retrieved from /opt/airflow/dags/etl_dag_s3.py
[2024-08-27T17:10:51.766+0000] {logging_mixin.py:188} INFO - [2024-08-27T17:10:51.765+0000] {dag.py:3036} INFO - Sync 1 DAGs
[2024-08-27T17:10:51.815+0000] {logging_mixin.py:188} INFO - [2024-08-27T17:10:51.815+0000] {dag.py:3823} INFO - Setting next_dagrun for ETL_Dag_S3 to 2024-08-27 16:00:00+00:00, run_after=2024-08-27 17:00:00+00:00
[2024-08-27T17:10:51.871+0000] {processor.py:183} INFO - Processing /opt/airflow/dags/etl_dag_s3.py took 0.264 seconds
[2024-08-27T17:11:22.210+0000] {processor.py:161} INFO - Started process (PID=754) to work on /opt/airflow/dags/etl_dag_s3.py
[2024-08-27T17:11:22.212+0000] {processor.py:830} INFO - Processing file /opt/airflow/dags/etl_dag_s3.py for tasks to queue
[2024-08-27T17:11:22.216+0000] {logging_mixin.py:188} INFO - [2024-08-27T17:11:22.216+0000] {dagbag.py:538} INFO - Filling up the DagBag from /opt/airflow/dags/etl_dag_s3.py
[2024-08-27T17:11:22.284+0000] {logging_mixin.py:188} INFO - rows_to_insert: {{ ti.xcom_pull(task_ids="detect_new_or_changed_rows", key="rows_to_insert") }}
[2024-08-27T17:11:22.286+0000] {logging_mixin.py:188} INFO - ids_to_update {{ ti.xcom_pull(task_ids="detect_new_or_changed_rows", key="ids_to_update") }}
[2024-08-27T17:11:22.301+0000] {logging_mixin.py:188} WARNING - /home/airflow/.local/lib/python3.8/site-packages/airflow/models/baseoperator.py:437 RemovedInAirflow3Warning: provide_context is deprecated as of 2.0 and is no longer required
[2024-08-27T17:11:22.315+0000] {processor.py:840} INFO - DAG(s) 'ETL_Dag_S3' retrieved from /opt/airflow/dags/etl_dag_s3.py
[2024-08-27T17:11:22.383+0000] {logging_mixin.py:188} INFO - [2024-08-27T17:11:22.382+0000] {dag.py:3036} INFO - Sync 1 DAGs
[2024-08-27T17:11:22.454+0000] {logging_mixin.py:188} INFO - [2024-08-27T17:11:22.454+0000] {dag.py:3823} INFO - Setting next_dagrun for ETL_Dag_S3 to 2024-08-27 16:00:00+00:00, run_after=2024-08-27 17:00:00+00:00
[2024-08-27T17:11:22.504+0000] {processor.py:183} INFO - Processing /opt/airflow/dags/etl_dag_s3.py took 0.302 seconds
[2024-08-27T17:11:52.796+0000] {processor.py:161} INFO - Started process (PID=770) to work on /opt/airflow/dags/etl_dag_s3.py
[2024-08-27T17:11:52.798+0000] {processor.py:830} INFO - Processing file /opt/airflow/dags/etl_dag_s3.py for tasks to queue
[2024-08-27T17:11:52.803+0000] {logging_mixin.py:188} INFO - [2024-08-27T17:11:52.802+0000] {dagbag.py:538} INFO - Filling up the DagBag from /opt/airflow/dags/etl_dag_s3.py
[2024-08-27T17:11:52.880+0000] {logging_mixin.py:188} INFO - rows_to_insert: {{ ti.xcom_pull(task_ids="detect_new_or_changed_rows", key="rows_to_insert") }}
[2024-08-27T17:11:52.881+0000] {logging_mixin.py:188} INFO - ids_to_update {{ ti.xcom_pull(task_ids="detect_new_or_changed_rows", key="ids_to_update") }}
[2024-08-27T17:11:52.895+0000] {logging_mixin.py:188} WARNING - /home/airflow/.local/lib/python3.8/site-packages/airflow/models/baseoperator.py:437 RemovedInAirflow3Warning: provide_context is deprecated as of 2.0 and is no longer required
[2024-08-27T17:11:52.903+0000] {processor.py:840} INFO - DAG(s) 'ETL_Dag_S3' retrieved from /opt/airflow/dags/etl_dag_s3.py
[2024-08-27T17:11:52.955+0000] {logging_mixin.py:188} INFO - [2024-08-27T17:11:52.954+0000] {dag.py:3036} INFO - Sync 1 DAGs
[2024-08-27T17:11:53.001+0000] {logging_mixin.py:188} INFO - [2024-08-27T17:11:53.001+0000] {dag.py:3823} INFO - Setting next_dagrun for ETL_Dag_S3 to 2024-08-27 16:00:00+00:00, run_after=2024-08-27 17:00:00+00:00
[2024-08-27T17:11:53.059+0000] {processor.py:183} INFO - Processing /opt/airflow/dags/etl_dag_s3.py took 0.270 seconds
[2024-08-27T17:12:23.398+0000] {processor.py:161} INFO - Started process (PID=786) to work on /opt/airflow/dags/etl_dag_s3.py
[2024-08-27T17:12:23.400+0000] {processor.py:830} INFO - Processing file /opt/airflow/dags/etl_dag_s3.py for tasks to queue
[2024-08-27T17:12:23.404+0000] {logging_mixin.py:188} INFO - [2024-08-27T17:12:23.403+0000] {dagbag.py:538} INFO - Filling up the DagBag from /opt/airflow/dags/etl_dag_s3.py
[2024-08-27T17:12:23.475+0000] {logging_mixin.py:188} INFO - rows_to_insert: {{ ti.xcom_pull(task_ids="detect_new_or_changed_rows", key="rows_to_insert") }}
[2024-08-27T17:12:23.478+0000] {logging_mixin.py:188} INFO - ids_to_update {{ ti.xcom_pull(task_ids="detect_new_or_changed_rows", key="ids_to_update") }}
[2024-08-27T17:12:23.494+0000] {logging_mixin.py:188} WARNING - /home/airflow/.local/lib/python3.8/site-packages/airflow/models/baseoperator.py:437 RemovedInAirflow3Warning: provide_context is deprecated as of 2.0 and is no longer required
[2024-08-27T17:12:23.505+0000] {processor.py:840} INFO - DAG(s) 'ETL_Dag_S3' retrieved from /opt/airflow/dags/etl_dag_s3.py
[2024-08-27T17:12:23.551+0000] {logging_mixin.py:188} INFO - [2024-08-27T17:12:23.550+0000] {dag.py:3036} INFO - Sync 1 DAGs
[2024-08-27T17:12:23.601+0000] {logging_mixin.py:188} INFO - [2024-08-27T17:12:23.600+0000] {dag.py:3823} INFO - Setting next_dagrun for ETL_Dag_S3 to 2024-08-27 16:00:00+00:00, run_after=2024-08-27 17:00:00+00:00
[2024-08-27T17:12:23.647+0000] {processor.py:183} INFO - Processing /opt/airflow/dags/etl_dag_s3.py took 0.259 seconds
[2024-08-27T17:12:53.997+0000] {processor.py:161} INFO - Started process (PID=802) to work on /opt/airflow/dags/etl_dag_s3.py
[2024-08-27T17:12:54.000+0000] {processor.py:830} INFO - Processing file /opt/airflow/dags/etl_dag_s3.py for tasks to queue
[2024-08-27T17:12:54.005+0000] {logging_mixin.py:188} INFO - [2024-08-27T17:12:54.004+0000] {dagbag.py:538} INFO - Filling up the DagBag from /opt/airflow/dags/etl_dag_s3.py
[2024-08-27T17:12:54.073+0000] {logging_mixin.py:188} INFO - rows_to_insert: {{ ti.xcom_pull(task_ids="detect_new_or_changed_rows", key="rows_to_insert") }}
[2024-08-27T17:12:54.075+0000] {logging_mixin.py:188} INFO - ids_to_update {{ ti.xcom_pull(task_ids="detect_new_or_changed_rows", key="ids_to_update") }}
[2024-08-27T17:12:54.087+0000] {logging_mixin.py:188} WARNING - /home/airflow/.local/lib/python3.8/site-packages/airflow/models/baseoperator.py:437 RemovedInAirflow3Warning: provide_context is deprecated as of 2.0 and is no longer required
[2024-08-27T17:12:54.095+0000] {processor.py:840} INFO - DAG(s) 'ETL_Dag_S3' retrieved from /opt/airflow/dags/etl_dag_s3.py
[2024-08-27T17:12:54.150+0000] {logging_mixin.py:188} INFO - [2024-08-27T17:12:54.149+0000] {dag.py:3036} INFO - Sync 1 DAGs
[2024-08-27T17:12:54.243+0000] {logging_mixin.py:188} INFO - [2024-08-27T17:12:54.241+0000] {dag.py:3823} INFO - Setting next_dagrun for ETL_Dag_S3 to 2024-08-27 16:00:00+00:00, run_after=2024-08-27 17:00:00+00:00
[2024-08-27T17:12:54.304+0000] {processor.py:183} INFO - Processing /opt/airflow/dags/etl_dag_s3.py took 0.315 seconds
[2024-08-27T17:13:24.595+0000] {processor.py:161} INFO - Started process (PID=818) to work on /opt/airflow/dags/etl_dag_s3.py
[2024-08-27T17:13:24.598+0000] {processor.py:830} INFO - Processing file /opt/airflow/dags/etl_dag_s3.py for tasks to queue
[2024-08-27T17:13:24.602+0000] {logging_mixin.py:188} INFO - [2024-08-27T17:13:24.602+0000] {dagbag.py:538} INFO - Filling up the DagBag from /opt/airflow/dags/etl_dag_s3.py
[2024-08-27T17:13:24.690+0000] {logging_mixin.py:188} INFO - rows_to_insert: {{ ti.xcom_pull(task_ids="detect_new_or_changed_rows", key="rows_to_insert") }}
[2024-08-27T17:13:24.692+0000] {logging_mixin.py:188} INFO - ids_to_update {{ ti.xcom_pull(task_ids="detect_new_or_changed_rows", key="ids_to_update") }}
[2024-08-27T17:13:24.708+0000] {logging_mixin.py:188} WARNING - /home/airflow/.local/lib/python3.8/site-packages/airflow/models/baseoperator.py:437 RemovedInAirflow3Warning: provide_context is deprecated as of 2.0 and is no longer required
[2024-08-27T17:13:24.717+0000] {processor.py:840} INFO - DAG(s) 'ETL_Dag_S3' retrieved from /opt/airflow/dags/etl_dag_s3.py
[2024-08-27T17:13:24.776+0000] {logging_mixin.py:188} INFO - [2024-08-27T17:13:24.775+0000] {dag.py:3036} INFO - Sync 1 DAGs
[2024-08-27T17:13:24.822+0000] {logging_mixin.py:188} INFO - [2024-08-27T17:13:24.822+0000] {dag.py:3823} INFO - Setting next_dagrun for ETL_Dag_S3 to 2024-08-27 16:00:00+00:00, run_after=2024-08-27 17:00:00+00:00
[2024-08-27T17:13:24.862+0000] {processor.py:183} INFO - Processing /opt/airflow/dags/etl_dag_s3.py took 0.274 seconds
[2024-08-27T17:13:55.163+0000] {processor.py:161} INFO - Started process (PID=834) to work on /opt/airflow/dags/etl_dag_s3.py
[2024-08-27T17:13:55.165+0000] {processor.py:830} INFO - Processing file /opt/airflow/dags/etl_dag_s3.py for tasks to queue
[2024-08-27T17:13:55.170+0000] {logging_mixin.py:188} INFO - [2024-08-27T17:13:55.169+0000] {dagbag.py:538} INFO - Filling up the DagBag from /opt/airflow/dags/etl_dag_s3.py
[2024-08-27T17:13:55.243+0000] {logging_mixin.py:188} INFO - rows_to_insert: {{ ti.xcom_pull(task_ids="detect_new_or_changed_rows", key="rows_to_insert") }}
[2024-08-27T17:13:55.245+0000] {logging_mixin.py:188} INFO - ids_to_update {{ ti.xcom_pull(task_ids="detect_new_or_changed_rows", key="ids_to_update") }}
[2024-08-27T17:13:55.259+0000] {logging_mixin.py:188} WARNING - /home/airflow/.local/lib/python3.8/site-packages/airflow/models/baseoperator.py:437 RemovedInAirflow3Warning: provide_context is deprecated as of 2.0 and is no longer required
[2024-08-27T17:13:55.266+0000] {processor.py:840} INFO - DAG(s) 'ETL_Dag_S3' retrieved from /opt/airflow/dags/etl_dag_s3.py
[2024-08-27T17:13:55.316+0000] {logging_mixin.py:188} INFO - [2024-08-27T17:13:55.315+0000] {dag.py:3036} INFO - Sync 1 DAGs
[2024-08-27T17:13:55.372+0000] {logging_mixin.py:188} INFO - [2024-08-27T17:13:55.371+0000] {dag.py:3823} INFO - Setting next_dagrun for ETL_Dag_S3 to 2024-08-27 16:00:00+00:00, run_after=2024-08-27 17:00:00+00:00
[2024-08-27T17:13:55.414+0000] {processor.py:183} INFO - Processing /opt/airflow/dags/etl_dag_s3.py took 0.259 seconds
[2024-08-27T17:14:25.771+0000] {processor.py:161} INFO - Started process (PID=850) to work on /opt/airflow/dags/etl_dag_s3.py
[2024-08-27T17:14:25.773+0000] {processor.py:830} INFO - Processing file /opt/airflow/dags/etl_dag_s3.py for tasks to queue
[2024-08-27T17:14:25.777+0000] {logging_mixin.py:188} INFO - [2024-08-27T17:14:25.776+0000] {dagbag.py:538} INFO - Filling up the DagBag from /opt/airflow/dags/etl_dag_s3.py
[2024-08-27T17:14:25.906+0000] {logging_mixin.py:188} INFO - rows_to_insert: {{ ti.xcom_pull(task_ids="detect_new_or_changed_rows", key="rows_to_insert") }}
[2024-08-27T17:14:25.909+0000] {logging_mixin.py:188} INFO - ids_to_update {{ ti.xcom_pull(task_ids="detect_new_or_changed_rows", key="ids_to_update") }}
[2024-08-27T17:14:25.928+0000] {logging_mixin.py:188} WARNING - /home/airflow/.local/lib/python3.8/site-packages/airflow/models/baseoperator.py:437 RemovedInAirflow3Warning: provide_context is deprecated as of 2.0 and is no longer required
[2024-08-27T17:14:25.940+0000] {processor.py:840} INFO - DAG(s) 'ETL_Dag_S3' retrieved from /opt/airflow/dags/etl_dag_s3.py
[2024-08-27T17:14:25.996+0000] {logging_mixin.py:188} INFO - [2024-08-27T17:14:25.995+0000] {dag.py:3036} INFO - Sync 1 DAGs
[2024-08-27T17:14:26.057+0000] {logging_mixin.py:188} INFO - [2024-08-27T17:14:26.057+0000] {dag.py:3823} INFO - Setting next_dagrun for ETL_Dag_S3 to 2024-08-27 16:00:00+00:00, run_after=2024-08-27 17:00:00+00:00
[2024-08-27T17:14:26.099+0000] {processor.py:183} INFO - Processing /opt/airflow/dags/etl_dag_s3.py took 0.338 seconds
[2024-08-27T17:14:56.629+0000] {processor.py:161} INFO - Started process (PID=866) to work on /opt/airflow/dags/etl_dag_s3.py
[2024-08-27T17:14:56.660+0000] {processor.py:830} INFO - Processing file /opt/airflow/dags/etl_dag_s3.py for tasks to queue
[2024-08-27T17:14:56.667+0000] {logging_mixin.py:188} INFO - [2024-08-27T17:14:56.666+0000] {dagbag.py:538} INFO - Filling up the DagBag from /opt/airflow/dags/etl_dag_s3.py
[2024-08-27T17:14:56.960+0000] {logging_mixin.py:188} INFO - rows_to_insert: {{ ti.xcom_pull(task_ids="detect_new_or_changed_rows", key="rows_to_insert") }}
[2024-08-27T17:14:56.961+0000] {logging_mixin.py:188} INFO - ids_to_update {{ ti.xcom_pull(task_ids="detect_new_or_changed_rows", key="ids_to_update") }}
[2024-08-27T17:14:56.982+0000] {logging_mixin.py:188} WARNING - /home/airflow/.local/lib/python3.8/site-packages/airflow/models/baseoperator.py:437 RemovedInAirflow3Warning: provide_context is deprecated as of 2.0 and is no longer required
[2024-08-27T17:14:56.999+0000] {processor.py:840} INFO - DAG(s) 'ETL_Dag_S3' retrieved from /opt/airflow/dags/etl_dag_s3.py
[2024-08-27T17:14:57.113+0000] {logging_mixin.py:188} INFO - [2024-08-27T17:14:57.111+0000] {dag.py:3036} INFO - Sync 1 DAGs
[2024-08-27T17:14:57.225+0000] {logging_mixin.py:188} INFO - [2024-08-27T17:14:57.225+0000] {dag.py:3823} INFO - Setting next_dagrun for ETL_Dag_S3 to 2024-08-27 16:00:00+00:00, run_after=2024-08-27 17:00:00+00:00
[2024-08-27T17:14:57.283+0000] {processor.py:183} INFO - Processing /opt/airflow/dags/etl_dag_s3.py took 0.671 seconds
[2024-08-27T17:15:27.692+0000] {processor.py:161} INFO - Started process (PID=882) to work on /opt/airflow/dags/etl_dag_s3.py
[2024-08-27T17:15:27.694+0000] {processor.py:830} INFO - Processing file /opt/airflow/dags/etl_dag_s3.py for tasks to queue
[2024-08-27T17:15:27.699+0000] {logging_mixin.py:188} INFO - [2024-08-27T17:15:27.698+0000] {dagbag.py:538} INFO - Filling up the DagBag from /opt/airflow/dags/etl_dag_s3.py
[2024-08-27T17:15:27.815+0000] {logging_mixin.py:188} INFO - rows_to_insert: {{ ti.xcom_pull(task_ids="detect_new_or_changed_rows", key="rows_to_insert") }}
[2024-08-27T17:15:27.818+0000] {logging_mixin.py:188} INFO - ids_to_update {{ ti.xcom_pull(task_ids="detect_new_or_changed_rows", key="ids_to_update") }}
[2024-08-27T17:15:27.839+0000] {logging_mixin.py:188} WARNING - /home/airflow/.local/lib/python3.8/site-packages/airflow/models/baseoperator.py:437 RemovedInAirflow3Warning: provide_context is deprecated as of 2.0 and is no longer required
[2024-08-27T17:15:27.849+0000] {processor.py:840} INFO - DAG(s) 'ETL_Dag_S3' retrieved from /opt/airflow/dags/etl_dag_s3.py
[2024-08-27T17:15:27.906+0000] {logging_mixin.py:188} INFO - [2024-08-27T17:15:27.904+0000] {dag.py:3036} INFO - Sync 1 DAGs
[2024-08-27T17:15:27.972+0000] {logging_mixin.py:188} INFO - [2024-08-27T17:15:27.972+0000] {dag.py:3823} INFO - Setting next_dagrun for ETL_Dag_S3 to 2024-08-27 16:00:00+00:00, run_after=2024-08-27 17:00:00+00:00
[2024-08-27T17:15:28.027+0000] {processor.py:183} INFO - Processing /opt/airflow/dags/etl_dag_s3.py took 0.349 seconds
[2024-08-27T17:15:58.355+0000] {processor.py:161} INFO - Started process (PID=898) to work on /opt/airflow/dags/etl_dag_s3.py
[2024-08-27T17:15:58.358+0000] {processor.py:830} INFO - Processing file /opt/airflow/dags/etl_dag_s3.py for tasks to queue
[2024-08-27T17:15:58.362+0000] {logging_mixin.py:188} INFO - [2024-08-27T17:15:58.361+0000] {dagbag.py:538} INFO - Filling up the DagBag from /opt/airflow/dags/etl_dag_s3.py
[2024-08-27T17:15:58.463+0000] {logging_mixin.py:188} INFO - rows_to_insert: {{ ti.xcom_pull(task_ids="detect_new_or_changed_rows", key="rows_to_insert") }}
[2024-08-27T17:15:58.466+0000] {logging_mixin.py:188} INFO - ids_to_update {{ ti.xcom_pull(task_ids="detect_new_or_changed_rows", key="ids_to_update") }}
[2024-08-27T17:15:58.489+0000] {logging_mixin.py:188} WARNING - /home/airflow/.local/lib/python3.8/site-packages/airflow/models/baseoperator.py:437 RemovedInAirflow3Warning: provide_context is deprecated as of 2.0 and is no longer required
[2024-08-27T17:15:58.499+0000] {processor.py:840} INFO - DAG(s) 'ETL_Dag_S3' retrieved from /opt/airflow/dags/etl_dag_s3.py
[2024-08-27T17:15:58.564+0000] {logging_mixin.py:188} INFO - [2024-08-27T17:15:58.563+0000] {dag.py:3036} INFO - Sync 1 DAGs
[2024-08-27T17:15:58.639+0000] {logging_mixin.py:188} INFO - [2024-08-27T17:15:58.638+0000] {dag.py:3823} INFO - Setting next_dagrun for ETL_Dag_S3 to 2024-08-27 16:00:00+00:00, run_after=2024-08-27 17:00:00+00:00
[2024-08-27T17:15:58.686+0000] {processor.py:183} INFO - Processing /opt/airflow/dags/etl_dag_s3.py took 0.348 seconds
[2024-08-27T17:16:29.012+0000] {processor.py:161} INFO - Started process (PID=915) to work on /opt/airflow/dags/etl_dag_s3.py
[2024-08-27T17:16:29.016+0000] {processor.py:830} INFO - Processing file /opt/airflow/dags/etl_dag_s3.py for tasks to queue
[2024-08-27T17:16:29.021+0000] {logging_mixin.py:188} INFO - [2024-08-27T17:16:29.020+0000] {dagbag.py:538} INFO - Filling up the DagBag from /opt/airflow/dags/etl_dag_s3.py
[2024-08-27T17:16:29.138+0000] {logging_mixin.py:188} INFO - rows_to_insert: {{ ti.xcom_pull(task_ids="detect_new_or_changed_rows", key="rows_to_insert") }}
[2024-08-27T17:16:29.140+0000] {logging_mixin.py:188} INFO - ids_to_update {{ ti.xcom_pull(task_ids="detect_new_or_changed_rows", key="ids_to_update") }}
[2024-08-27T17:16:29.156+0000] {logging_mixin.py:188} WARNING - /home/airflow/.local/lib/python3.8/site-packages/airflow/models/baseoperator.py:437 RemovedInAirflow3Warning: provide_context is deprecated as of 2.0 and is no longer required
[2024-08-27T17:16:29.168+0000] {processor.py:840} INFO - DAG(s) 'ETL_Dag_S3' retrieved from /opt/airflow/dags/etl_dag_s3.py
[2024-08-27T17:16:29.252+0000] {logging_mixin.py:188} INFO - [2024-08-27T17:16:29.249+0000] {dag.py:3036} INFO - Sync 1 DAGs
[2024-08-27T17:16:29.353+0000] {logging_mixin.py:188} INFO - [2024-08-27T17:16:29.351+0000] {dag.py:3823} INFO - Setting next_dagrun for ETL_Dag_S3 to 2024-08-27 16:00:00+00:00, run_after=2024-08-27 17:00:00+00:00
[2024-08-27T17:16:29.411+0000] {processor.py:183} INFO - Processing /opt/airflow/dags/etl_dag_s3.py took 0.416 seconds
[2024-08-27T17:16:59.809+0000] {processor.py:161} INFO - Started process (PID=931) to work on /opt/airflow/dags/etl_dag_s3.py
[2024-08-27T17:16:59.817+0000] {processor.py:830} INFO - Processing file /opt/airflow/dags/etl_dag_s3.py for tasks to queue
[2024-08-27T17:16:59.829+0000] {logging_mixin.py:188} INFO - [2024-08-27T17:16:59.828+0000] {dagbag.py:538} INFO - Filling up the DagBag from /opt/airflow/dags/etl_dag_s3.py
[2024-08-27T17:16:59.982+0000] {logging_mixin.py:188} INFO - rows_to_insert: {{ ti.xcom_pull(task_ids="detect_new_or_changed_rows", key="rows_to_insert") }}
[2024-08-27T17:16:59.985+0000] {logging_mixin.py:188} INFO - ids_to_update {{ ti.xcom_pull(task_ids="detect_new_or_changed_rows", key="ids_to_update") }}
[2024-08-27T17:17:00.009+0000] {logging_mixin.py:188} WARNING - /home/airflow/.local/lib/python3.8/site-packages/airflow/models/baseoperator.py:437 RemovedInAirflow3Warning: provide_context is deprecated as of 2.0 and is no longer required
[2024-08-27T17:17:00.044+0000] {processor.py:840} INFO - DAG(s) 'ETL_Dag_S3' retrieved from /opt/airflow/dags/etl_dag_s3.py
[2024-08-27T17:17:00.198+0000] {logging_mixin.py:188} INFO - [2024-08-27T17:17:00.195+0000] {dag.py:3036} INFO - Sync 1 DAGs
[2024-08-27T17:17:00.332+0000] {logging_mixin.py:188} INFO - [2024-08-27T17:17:00.331+0000] {dag.py:3823} INFO - Setting next_dagrun for ETL_Dag_S3 to 2024-08-27 16:00:00+00:00, run_after=2024-08-27 17:00:00+00:00
[2024-08-27T17:17:00.419+0000] {processor.py:183} INFO - Processing /opt/airflow/dags/etl_dag_s3.py took 0.625 seconds
[2024-08-27T17:17:30.814+0000] {processor.py:161} INFO - Started process (PID=947) to work on /opt/airflow/dags/etl_dag_s3.py
[2024-08-27T17:17:30.818+0000] {processor.py:830} INFO - Processing file /opt/airflow/dags/etl_dag_s3.py for tasks to queue
[2024-08-27T17:17:30.824+0000] {logging_mixin.py:188} INFO - [2024-08-27T17:17:30.823+0000] {dagbag.py:538} INFO - Filling up the DagBag from /opt/airflow/dags/etl_dag_s3.py
[2024-08-27T17:17:30.937+0000] {logging_mixin.py:188} INFO - rows_to_insert: {{ ti.xcom_pull(task_ids="detect_new_or_changed_rows", key="rows_to_insert") }}
[2024-08-27T17:17:30.940+0000] {logging_mixin.py:188} INFO - ids_to_update {{ ti.xcom_pull(task_ids="detect_new_or_changed_rows", key="ids_to_update") }}
[2024-08-27T17:17:30.962+0000] {logging_mixin.py:188} WARNING - /home/airflow/.local/lib/python3.8/site-packages/airflow/models/baseoperator.py:437 RemovedInAirflow3Warning: provide_context is deprecated as of 2.0 and is no longer required
[2024-08-27T17:17:30.979+0000] {processor.py:840} INFO - DAG(s) 'ETL_Dag_S3' retrieved from /opt/airflow/dags/etl_dag_s3.py
[2024-08-27T17:17:31.052+0000] {logging_mixin.py:188} INFO - [2024-08-27T17:17:31.051+0000] {dag.py:3036} INFO - Sync 1 DAGs
[2024-08-27T17:17:31.128+0000] {logging_mixin.py:188} INFO - [2024-08-27T17:17:31.127+0000] {dag.py:3823} INFO - Setting next_dagrun for ETL_Dag_S3 to 2024-08-27 16:00:00+00:00, run_after=2024-08-27 17:00:00+00:00
[2024-08-27T17:17:31.214+0000] {processor.py:183} INFO - Processing /opt/airflow/dags/etl_dag_s3.py took 0.408 seconds
[2024-08-27T17:18:01.517+0000] {processor.py:161} INFO - Started process (PID=963) to work on /opt/airflow/dags/etl_dag_s3.py
[2024-08-27T17:18:01.521+0000] {processor.py:830} INFO - Processing file /opt/airflow/dags/etl_dag_s3.py for tasks to queue
[2024-08-27T17:18:01.529+0000] {logging_mixin.py:188} INFO - [2024-08-27T17:18:01.528+0000] {dagbag.py:538} INFO - Filling up the DagBag from /opt/airflow/dags/etl_dag_s3.py
[2024-08-27T17:18:01.620+0000] {logging_mixin.py:188} INFO - rows_to_insert: {{ ti.xcom_pull(task_ids="detect_new_or_changed_rows", key="rows_to_insert") }}
[2024-08-27T17:18:01.623+0000] {logging_mixin.py:188} INFO - ids_to_update {{ ti.xcom_pull(task_ids="detect_new_or_changed_rows", key="ids_to_update") }}
[2024-08-27T17:18:01.649+0000] {logging_mixin.py:188} WARNING - /home/airflow/.local/lib/python3.8/site-packages/airflow/models/baseoperator.py:437 RemovedInAirflow3Warning: provide_context is deprecated as of 2.0 and is no longer required
[2024-08-27T17:18:01.661+0000] {processor.py:840} INFO - DAG(s) 'ETL_Dag_S3' retrieved from /opt/airflow/dags/etl_dag_s3.py
[2024-08-27T17:18:01.736+0000] {logging_mixin.py:188} INFO - [2024-08-27T17:18:01.735+0000] {dag.py:3036} INFO - Sync 1 DAGs
[2024-08-27T17:18:01.798+0000] {logging_mixin.py:188} INFO - [2024-08-27T17:18:01.798+0000] {dag.py:3823} INFO - Setting next_dagrun for ETL_Dag_S3 to 2024-08-27 16:00:00+00:00, run_after=2024-08-27 17:00:00+00:00
[2024-08-27T17:18:01.854+0000] {processor.py:183} INFO - Processing /opt/airflow/dags/etl_dag_s3.py took 0.347 seconds
[2024-08-27T17:18:32.601+0000] {processor.py:161} INFO - Started process (PID=979) to work on /opt/airflow/dags/etl_dag_s3.py
[2024-08-27T17:18:32.609+0000] {processor.py:830} INFO - Processing file /opt/airflow/dags/etl_dag_s3.py for tasks to queue
[2024-08-27T17:18:32.620+0000] {logging_mixin.py:188} INFO - [2024-08-27T17:18:32.619+0000] {dagbag.py:538} INFO - Filling up the DagBag from /opt/airflow/dags/etl_dag_s3.py
[2024-08-27T17:18:32.782+0000] {logging_mixin.py:188} INFO - rows_to_insert: {{ ti.xcom_pull(task_ids="detect_new_or_changed_rows", key="rows_to_insert") }}
[2024-08-27T17:18:32.784+0000] {logging_mixin.py:188} INFO - ids_to_update {{ ti.xcom_pull(task_ids="detect_new_or_changed_rows", key="ids_to_update") }}
[2024-08-27T17:18:32.808+0000] {logging_mixin.py:188} WARNING - /home/airflow/.local/lib/python3.8/site-packages/airflow/models/baseoperator.py:437 RemovedInAirflow3Warning: provide_context is deprecated as of 2.0 and is no longer required
[2024-08-27T17:18:32.830+0000] {processor.py:840} INFO - DAG(s) 'ETL_Dag_S3' retrieved from /opt/airflow/dags/etl_dag_s3.py
[2024-08-27T17:18:32.967+0000] {logging_mixin.py:188} INFO - [2024-08-27T17:18:32.966+0000] {dag.py:3036} INFO - Sync 1 DAGs
[2024-08-27T17:18:33.134+0000] {logging_mixin.py:188} INFO - [2024-08-27T17:18:33.134+0000] {dag.py:3823} INFO - Setting next_dagrun for ETL_Dag_S3 to 2024-08-27 16:00:00+00:00, run_after=2024-08-27 17:00:00+00:00
[2024-08-27T17:18:33.330+0000] {processor.py:183} INFO - Processing /opt/airflow/dags/etl_dag_s3.py took 0.741 seconds
[2024-08-27T17:19:05.100+0000] {processor.py:161} INFO - Started process (PID=995) to work on /opt/airflow/dags/etl_dag_s3.py
[2024-08-27T17:19:05.113+0000] {processor.py:830} INFO - Processing file /opt/airflow/dags/etl_dag_s3.py for tasks to queue
[2024-08-27T17:19:05.117+0000] {logging_mixin.py:188} INFO - [2024-08-27T17:19:05.116+0000] {dagbag.py:538} INFO - Filling up the DagBag from /opt/airflow/dags/etl_dag_s3.py
[2024-08-27T17:19:06.121+0000] {logging_mixin.py:188} INFO - rows_to_insert: {{ ti.xcom_pull(task_ids="detect_new_or_changed_rows", key="rows_to_insert") }}
[2024-08-27T17:19:06.183+0000] {logging_mixin.py:188} INFO - ids_to_update {{ ti.xcom_pull(task_ids="detect_new_or_changed_rows", key="ids_to_update") }}
[2024-08-27T17:19:06.260+0000] {logging_mixin.py:188} WARNING - /home/airflow/.local/lib/python3.8/site-packages/airflow/models/baseoperator.py:437 RemovedInAirflow3Warning: provide_context is deprecated as of 2.0 and is no longer required
[2024-08-27T17:19:06.282+0000] {processor.py:840} INFO - DAG(s) 'ETL_Dag_S3' retrieved from /opt/airflow/dags/etl_dag_s3.py
[2024-08-27T17:19:06.485+0000] {logging_mixin.py:188} INFO - [2024-08-27T17:19:06.484+0000] {dag.py:3036} INFO - Sync 1 DAGs
[2024-08-27T17:19:06.672+0000] {logging_mixin.py:188} INFO - [2024-08-27T17:19:06.662+0000] {dag.py:3823} INFO - Setting next_dagrun for ETL_Dag_S3 to 2024-08-27 16:00:00+00:00, run_after=2024-08-27 17:00:00+00:00
[2024-08-27T17:19:06.933+0000] {processor.py:183} INFO - Processing /opt/airflow/dags/etl_dag_s3.py took 1.851 seconds
[2024-08-27T17:19:37.203+0000] {processor.py:161} INFO - Started process (PID=1016) to work on /opt/airflow/dags/etl_dag_s3.py
[2024-08-27T17:19:37.205+0000] {processor.py:830} INFO - Processing file /opt/airflow/dags/etl_dag_s3.py for tasks to queue
[2024-08-27T17:19:37.210+0000] {logging_mixin.py:188} INFO - [2024-08-27T17:19:37.209+0000] {dagbag.py:538} INFO - Filling up the DagBag from /opt/airflow/dags/etl_dag_s3.py
[2024-08-27T17:19:37.288+0000] {logging_mixin.py:188} INFO - rows_to_insert: {{ ti.xcom_pull(task_ids="detect_new_or_changed_rows", key="rows_to_insert") }}
[2024-08-27T17:19:37.291+0000] {logging_mixin.py:188} INFO - ids_to_update {{ ti.xcom_pull(task_ids="detect_new_or_changed_rows", key="ids_to_update") }}
[2024-08-27T17:19:37.304+0000] {logging_mixin.py:188} WARNING - /home/airflow/.local/lib/python3.8/site-packages/airflow/models/baseoperator.py:437 RemovedInAirflow3Warning: provide_context is deprecated as of 2.0 and is no longer required
[2024-08-27T17:19:37.316+0000] {processor.py:840} INFO - DAG(s) 'ETL_Dag_S3' retrieved from /opt/airflow/dags/etl_dag_s3.py
[2024-08-27T17:19:37.389+0000] {logging_mixin.py:188} INFO - [2024-08-27T17:19:37.388+0000] {dag.py:3036} INFO - Sync 1 DAGs
[2024-08-27T17:19:37.495+0000] {logging_mixin.py:188} INFO - [2024-08-27T17:19:37.494+0000] {dag.py:3823} INFO - Setting next_dagrun for ETL_Dag_S3 to 2024-08-27 16:00:00+00:00, run_after=2024-08-27 17:00:00+00:00
[2024-08-27T17:19:37.541+0000] {processor.py:183} INFO - Processing /opt/airflow/dags/etl_dag_s3.py took 0.346 seconds
[2024-08-27T17:20:07.934+0000] {processor.py:161} INFO - Started process (PID=1030) to work on /opt/airflow/dags/etl_dag_s3.py
[2024-08-27T17:20:07.936+0000] {processor.py:830} INFO - Processing file /opt/airflow/dags/etl_dag_s3.py for tasks to queue
[2024-08-27T17:20:07.942+0000] {logging_mixin.py:188} INFO - [2024-08-27T17:20:07.941+0000] {dagbag.py:538} INFO - Filling up the DagBag from /opt/airflow/dags/etl_dag_s3.py
[2024-08-27T17:20:08.027+0000] {logging_mixin.py:188} INFO - rows_to_insert: {{ ti.xcom_pull(task_ids="detect_new_or_changed_rows", key="rows_to_insert") }}
[2024-08-27T17:20:08.033+0000] {logging_mixin.py:188} INFO - ids_to_update {{ ti.xcom_pull(task_ids="detect_new_or_changed_rows", key="ids_to_update") }}
[2024-08-27T17:20:08.056+0000] {logging_mixin.py:188} WARNING - /home/airflow/.local/lib/python3.8/site-packages/airflow/models/baseoperator.py:437 RemovedInAirflow3Warning: provide_context is deprecated as of 2.0 and is no longer required
[2024-08-27T17:20:08.075+0000] {processor.py:840} INFO - DAG(s) 'ETL_Dag_S3' retrieved from /opt/airflow/dags/etl_dag_s3.py
[2024-08-27T17:20:08.171+0000] {logging_mixin.py:188} INFO - [2024-08-27T17:20:08.170+0000] {dag.py:3036} INFO - Sync 1 DAGs
[2024-08-27T17:20:08.223+0000] {logging_mixin.py:188} INFO - [2024-08-27T17:20:08.223+0000] {dag.py:3823} INFO - Setting next_dagrun for ETL_Dag_S3 to 2024-08-27 16:00:00+00:00, run_after=2024-08-27 17:00:00+00:00
[2024-08-27T17:20:08.264+0000] {processor.py:183} INFO - Processing /opt/airflow/dags/etl_dag_s3.py took 0.343 seconds
[2024-08-27T17:20:38.752+0000] {processor.py:161} INFO - Started process (PID=1047) to work on /opt/airflow/dags/etl_dag_s3.py
[2024-08-27T17:20:38.769+0000] {processor.py:830} INFO - Processing file /opt/airflow/dags/etl_dag_s3.py for tasks to queue
[2024-08-27T17:20:38.787+0000] {logging_mixin.py:188} INFO - [2024-08-27T17:20:38.778+0000] {dagbag.py:538} INFO - Filling up the DagBag from /opt/airflow/dags/etl_dag_s3.py
[2024-08-27T17:20:39.087+0000] {logging_mixin.py:188} INFO - rows_to_insert: {{ ti.xcom_pull(task_ids="detect_new_or_changed_rows", key="rows_to_insert") }}
[2024-08-27T17:20:39.113+0000] {logging_mixin.py:188} INFO - ids_to_update {{ ti.xcom_pull(task_ids="detect_new_or_changed_rows", key="ids_to_update") }}
[2024-08-27T17:20:39.138+0000] {logging_mixin.py:188} WARNING - /home/airflow/.local/lib/python3.8/site-packages/airflow/models/baseoperator.py:437 RemovedInAirflow3Warning: provide_context is deprecated as of 2.0 and is no longer required
[2024-08-27T17:20:39.158+0000] {processor.py:840} INFO - DAG(s) 'ETL_Dag_S3' retrieved from /opt/airflow/dags/etl_dag_s3.py
[2024-08-27T17:20:39.266+0000] {logging_mixin.py:188} INFO - [2024-08-27T17:20:39.263+0000] {dag.py:3036} INFO - Sync 1 DAGs
[2024-08-27T17:20:39.407+0000] {logging_mixin.py:188} INFO - [2024-08-27T17:20:39.407+0000] {dag.py:3823} INFO - Setting next_dagrun for ETL_Dag_S3 to 2024-08-27 16:00:00+00:00, run_after=2024-08-27 17:00:00+00:00
[2024-08-27T17:20:39.494+0000] {processor.py:183} INFO - Processing /opt/airflow/dags/etl_dag_s3.py took 0.762 seconds
[2024-08-27T17:21:09.695+0000] {processor.py:161} INFO - Started process (PID=1061) to work on /opt/airflow/dags/etl_dag_s3.py
[2024-08-27T17:21:09.708+0000] {processor.py:830} INFO - Processing file /opt/airflow/dags/etl_dag_s3.py for tasks to queue
[2024-08-27T17:21:09.713+0000] {logging_mixin.py:188} INFO - [2024-08-27T17:21:09.712+0000] {dagbag.py:538} INFO - Filling up the DagBag from /opt/airflow/dags/etl_dag_s3.py
[2024-08-27T17:21:09.909+0000] {logging_mixin.py:188} INFO - rows_to_insert: {{ ti.xcom_pull(task_ids="detect_new_or_changed_rows", key="rows_to_insert") }}
[2024-08-27T17:21:09.911+0000] {logging_mixin.py:188} INFO - ids_to_update {{ ti.xcom_pull(task_ids="detect_new_or_changed_rows", key="ids_to_update") }}
[2024-08-27T17:21:09.946+0000] {logging_mixin.py:188} WARNING - /home/airflow/.local/lib/python3.8/site-packages/airflow/models/baseoperator.py:437 RemovedInAirflow3Warning: provide_context is deprecated as of 2.0 and is no longer required
[2024-08-27T17:21:09.963+0000] {processor.py:840} INFO - DAG(s) 'ETL_Dag_S3' retrieved from /opt/airflow/dags/etl_dag_s3.py
[2024-08-27T17:21:10.075+0000] {logging_mixin.py:188} INFO - [2024-08-27T17:21:10.074+0000] {dag.py:3036} INFO - Sync 1 DAGs
[2024-08-27T17:21:10.176+0000] {logging_mixin.py:188} INFO - [2024-08-27T17:21:10.176+0000] {dag.py:3823} INFO - Setting next_dagrun for ETL_Dag_S3 to 2024-08-27 16:00:00+00:00, run_after=2024-08-27 17:00:00+00:00
[2024-08-27T17:21:10.258+0000] {processor.py:183} INFO - Processing /opt/airflow/dags/etl_dag_s3.py took 0.576 seconds
[2024-08-27T17:21:40.584+0000] {processor.py:161} INFO - Started process (PID=1078) to work on /opt/airflow/dags/etl_dag_s3.py
[2024-08-27T17:21:40.589+0000] {processor.py:830} INFO - Processing file /opt/airflow/dags/etl_dag_s3.py for tasks to queue
[2024-08-27T17:21:40.596+0000] {logging_mixin.py:188} INFO - [2024-08-27T17:21:40.595+0000] {dagbag.py:538} INFO - Filling up the DagBag from /opt/airflow/dags/etl_dag_s3.py
[2024-08-27T17:21:40.745+0000] {logging_mixin.py:188} INFO - rows_to_insert: {{ ti.xcom_pull(task_ids="detect_new_or_changed_rows", key="rows_to_insert") }}
[2024-08-27T17:21:40.759+0000] {logging_mixin.py:188} INFO - ids_to_update {{ ti.xcom_pull(task_ids="detect_new_or_changed_rows", key="ids_to_update") }}
[2024-08-27T17:21:40.810+0000] {logging_mixin.py:188} WARNING - /home/airflow/.local/lib/python3.8/site-packages/airflow/models/baseoperator.py:437 RemovedInAirflow3Warning: provide_context is deprecated as of 2.0 and is no longer required
[2024-08-27T17:21:40.829+0000] {processor.py:840} INFO - DAG(s) 'ETL_Dag_S3' retrieved from /opt/airflow/dags/etl_dag_s3.py
[2024-08-27T17:21:40.979+0000] {logging_mixin.py:188} INFO - [2024-08-27T17:21:40.979+0000] {dag.py:3036} INFO - Sync 1 DAGs
[2024-08-27T17:21:41.092+0000] {logging_mixin.py:188} INFO - [2024-08-27T17:21:41.091+0000] {dag.py:3823} INFO - Setting next_dagrun for ETL_Dag_S3 to 2024-08-27 16:00:00+00:00, run_after=2024-08-27 17:00:00+00:00
[2024-08-27T17:21:41.149+0000] {processor.py:183} INFO - Processing /opt/airflow/dags/etl_dag_s3.py took 0.571 seconds
[2024-08-27T17:22:11.740+0000] {processor.py:161} INFO - Started process (PID=1097) to work on /opt/airflow/dags/etl_dag_s3.py
[2024-08-27T17:22:11.743+0000] {processor.py:830} INFO - Processing file /opt/airflow/dags/etl_dag_s3.py for tasks to queue
[2024-08-27T17:22:11.755+0000] {logging_mixin.py:188} INFO - [2024-08-27T17:22:11.751+0000] {dagbag.py:538} INFO - Filling up the DagBag from /opt/airflow/dags/etl_dag_s3.py
[2024-08-27T17:22:11.981+0000] {logging_mixin.py:188} INFO - rows_to_insert: {{ ti.xcom_pull(task_ids="detect_new_or_changed_rows", key="rows_to_insert") }}
[2024-08-27T17:22:11.994+0000] {logging_mixin.py:188} INFO - ids_to_update {{ ti.xcom_pull(task_ids="detect_new_or_changed_rows", key="ids_to_update") }}
[2024-08-27T17:22:12.032+0000] {logging_mixin.py:188} WARNING - /home/airflow/.local/lib/python3.8/site-packages/airflow/models/baseoperator.py:437 RemovedInAirflow3Warning: provide_context is deprecated as of 2.0 and is no longer required
[2024-08-27T17:22:12.052+0000] {processor.py:840} INFO - DAG(s) 'ETL_Dag_S3' retrieved from /opt/airflow/dags/etl_dag_s3.py
[2024-08-27T17:22:12.217+0000] {logging_mixin.py:188} INFO - [2024-08-27T17:22:12.216+0000] {dag.py:3036} INFO - Sync 1 DAGs
[2024-08-27T17:22:12.290+0000] {logging_mixin.py:188} INFO - [2024-08-27T17:22:12.289+0000] {dag.py:3823} INFO - Setting next_dagrun for ETL_Dag_S3 to 2024-08-27 16:00:00+00:00, run_after=2024-08-27 17:00:00+00:00
[2024-08-27T17:22:12.347+0000] {processor.py:183} INFO - Processing /opt/airflow/dags/etl_dag_s3.py took 0.625 seconds
[2024-08-27T17:22:42.857+0000] {processor.py:161} INFO - Started process (PID=1110) to work on /opt/airflow/dags/etl_dag_s3.py
[2024-08-27T17:22:42.859+0000] {processor.py:830} INFO - Processing file /opt/airflow/dags/etl_dag_s3.py for tasks to queue
[2024-08-27T17:22:42.863+0000] {logging_mixin.py:188} INFO - [2024-08-27T17:22:42.863+0000] {dagbag.py:538} INFO - Filling up the DagBag from /opt/airflow/dags/etl_dag_s3.py
[2024-08-27T17:22:42.997+0000] {logging_mixin.py:188} INFO - rows_to_insert: {{ ti.xcom_pull(task_ids="detect_new_or_changed_rows", key="rows_to_insert") }}
[2024-08-27T17:22:42.999+0000] {logging_mixin.py:188} INFO - ids_to_update {{ ti.xcom_pull(task_ids="detect_new_or_changed_rows", key="ids_to_update") }}
[2024-08-27T17:22:43.015+0000] {logging_mixin.py:188} WARNING - /home/airflow/.local/lib/python3.8/site-packages/airflow/models/baseoperator.py:437 RemovedInAirflow3Warning: provide_context is deprecated as of 2.0 and is no longer required
[2024-08-27T17:22:43.023+0000] {processor.py:840} INFO - DAG(s) 'ETL_Dag_S3' retrieved from /opt/airflow/dags/etl_dag_s3.py
[2024-08-27T17:22:43.076+0000] {logging_mixin.py:188} INFO - [2024-08-27T17:22:43.075+0000] {dag.py:3036} INFO - Sync 1 DAGs
[2024-08-27T17:22:43.130+0000] {logging_mixin.py:188} INFO - [2024-08-27T17:22:43.129+0000] {dag.py:3823} INFO - Setting next_dagrun for ETL_Dag_S3 to 2024-08-27 16:00:00+00:00, run_after=2024-08-27 17:00:00+00:00
[2024-08-27T17:22:43.165+0000] {processor.py:183} INFO - Processing /opt/airflow/dags/etl_dag_s3.py took 0.318 seconds
[2024-08-27T17:23:13.758+0000] {processor.py:161} INFO - Started process (PID=1126) to work on /opt/airflow/dags/etl_dag_s3.py
[2024-08-27T17:23:13.760+0000] {processor.py:830} INFO - Processing file /opt/airflow/dags/etl_dag_s3.py for tasks to queue
[2024-08-27T17:23:13.765+0000] {logging_mixin.py:188} INFO - [2024-08-27T17:23:13.764+0000] {dagbag.py:538} INFO - Filling up the DagBag from /opt/airflow/dags/etl_dag_s3.py
[2024-08-27T17:23:13.857+0000] {logging_mixin.py:188} INFO - rows_to_insert: {{ ti.xcom_pull(task_ids="detect_new_or_changed_rows", key="rows_to_insert") }}
[2024-08-27T17:23:13.868+0000] {logging_mixin.py:188} INFO - ids_to_update {{ ti.xcom_pull(task_ids="detect_new_or_changed_rows", key="ids_to_update") }}
[2024-08-27T17:23:13.885+0000] {logging_mixin.py:188} WARNING - /home/airflow/.local/lib/python3.8/site-packages/airflow/models/baseoperator.py:437 RemovedInAirflow3Warning: provide_context is deprecated as of 2.0 and is no longer required
[2024-08-27T17:23:13.894+0000] {processor.py:840} INFO - DAG(s) 'ETL_Dag_S3' retrieved from /opt/airflow/dags/etl_dag_s3.py
[2024-08-27T17:23:13.939+0000] {logging_mixin.py:188} INFO - [2024-08-27T17:23:13.938+0000] {dag.py:3036} INFO - Sync 1 DAGs
[2024-08-27T17:23:13.988+0000] {logging_mixin.py:188} INFO - [2024-08-27T17:23:13.988+0000] {dag.py:3823} INFO - Setting next_dagrun for ETL_Dag_S3 to 2024-08-27 16:00:00+00:00, run_after=2024-08-27 17:00:00+00:00
[2024-08-27T17:23:14.031+0000] {processor.py:183} INFO - Processing /opt/airflow/dags/etl_dag_s3.py took 0.282 seconds
[2024-08-27T17:23:44.612+0000] {processor.py:161} INFO - Started process (PID=1142) to work on /opt/airflow/dags/etl_dag_s3.py
[2024-08-27T17:23:44.614+0000] {processor.py:830} INFO - Processing file /opt/airflow/dags/etl_dag_s3.py for tasks to queue
[2024-08-27T17:23:44.619+0000] {logging_mixin.py:188} INFO - [2024-08-27T17:23:44.618+0000] {dagbag.py:538} INFO - Filling up the DagBag from /opt/airflow/dags/etl_dag_s3.py
[2024-08-27T17:23:44.711+0000] {logging_mixin.py:188} INFO - rows_to_insert: {{ ti.xcom_pull(task_ids="detect_new_or_changed_rows", key="rows_to_insert") }}
[2024-08-27T17:23:44.712+0000] {logging_mixin.py:188} INFO - ids_to_update {{ ti.xcom_pull(task_ids="detect_new_or_changed_rows", key="ids_to_update") }}
[2024-08-27T17:23:44.725+0000] {logging_mixin.py:188} WARNING - /home/airflow/.local/lib/python3.8/site-packages/airflow/models/baseoperator.py:437 RemovedInAirflow3Warning: provide_context is deprecated as of 2.0 and is no longer required
[2024-08-27T17:23:44.736+0000] {processor.py:840} INFO - DAG(s) 'ETL_Dag_S3' retrieved from /opt/airflow/dags/etl_dag_s3.py
[2024-08-27T17:23:44.787+0000] {logging_mixin.py:188} INFO - [2024-08-27T17:23:44.786+0000] {dag.py:3036} INFO - Sync 1 DAGs
[2024-08-27T17:23:44.844+0000] {logging_mixin.py:188} INFO - [2024-08-27T17:23:44.843+0000] {dag.py:3823} INFO - Setting next_dagrun for ETL_Dag_S3 to 2024-08-27 16:00:00+00:00, run_after=2024-08-27 17:00:00+00:00
[2024-08-27T17:23:44.884+0000] {processor.py:183} INFO - Processing /opt/airflow/dags/etl_dag_s3.py took 0.283 seconds
[2024-08-27T17:24:15.303+0000] {processor.py:161} INFO - Started process (PID=1158) to work on /opt/airflow/dags/etl_dag_s3.py
[2024-08-27T17:24:15.305+0000] {processor.py:830} INFO - Processing file /opt/airflow/dags/etl_dag_s3.py for tasks to queue
[2024-08-27T17:24:15.311+0000] {logging_mixin.py:188} INFO - [2024-08-27T17:24:15.310+0000] {dagbag.py:538} INFO - Filling up the DagBag from /opt/airflow/dags/etl_dag_s3.py
[2024-08-27T17:24:15.392+0000] {logging_mixin.py:188} INFO - rows_to_insert: {{ ti.xcom_pull(task_ids="detect_new_or_changed_rows", key="rows_to_insert") }}
[2024-08-27T17:24:15.394+0000] {logging_mixin.py:188} INFO - ids_to_update {{ ti.xcom_pull(task_ids="detect_new_or_changed_rows", key="ids_to_update") }}
[2024-08-27T17:24:15.406+0000] {logging_mixin.py:188} WARNING - /home/airflow/.local/lib/python3.8/site-packages/airflow/models/baseoperator.py:437 RemovedInAirflow3Warning: provide_context is deprecated as of 2.0 and is no longer required
[2024-08-27T17:24:15.414+0000] {processor.py:840} INFO - DAG(s) 'ETL_Dag_S3' retrieved from /opt/airflow/dags/etl_dag_s3.py
[2024-08-27T17:24:15.461+0000] {logging_mixin.py:188} INFO - [2024-08-27T17:24:15.460+0000] {dag.py:3036} INFO - Sync 1 DAGs
[2024-08-27T17:24:15.528+0000] {logging_mixin.py:188} INFO - [2024-08-27T17:24:15.527+0000] {dag.py:3823} INFO - Setting next_dagrun for ETL_Dag_S3 to 2024-08-27 16:00:00+00:00, run_after=2024-08-27 17:00:00+00:00
[2024-08-27T17:24:15.570+0000] {processor.py:183} INFO - Processing /opt/airflow/dags/etl_dag_s3.py took 0.278 seconds
[2024-08-27T17:24:46.365+0000] {processor.py:161} INFO - Started process (PID=1174) to work on /opt/airflow/dags/etl_dag_s3.py
[2024-08-27T17:24:46.386+0000] {processor.py:830} INFO - Processing file /opt/airflow/dags/etl_dag_s3.py for tasks to queue
[2024-08-27T17:24:46.395+0000] {logging_mixin.py:188} INFO - [2024-08-27T17:24:46.394+0000] {dagbag.py:538} INFO - Filling up the DagBag from /opt/airflow/dags/etl_dag_s3.py
[2024-08-27T17:24:46.890+0000] {logging_mixin.py:188} INFO - rows_to_insert: {{ ti.xcom_pull(task_ids="detect_new_or_changed_rows", key="rows_to_insert") }}
[2024-08-27T17:24:46.897+0000] {logging_mixin.py:188} INFO - ids_to_update {{ ti.xcom_pull(task_ids="detect_new_or_changed_rows", key="ids_to_update") }}
[2024-08-27T17:24:46.923+0000] {logging_mixin.py:188} WARNING - /home/airflow/.local/lib/python3.8/site-packages/airflow/models/baseoperator.py:437 RemovedInAirflow3Warning: provide_context is deprecated as of 2.0 and is no longer required
[2024-08-27T17:24:46.938+0000] {processor.py:840} INFO - DAG(s) 'ETL_Dag_S3' retrieved from /opt/airflow/dags/etl_dag_s3.py
[2024-08-27T17:24:47.070+0000] {logging_mixin.py:188} INFO - [2024-08-27T17:24:47.069+0000] {dag.py:3036} INFO - Sync 1 DAGs
[2024-08-27T17:24:47.182+0000] {logging_mixin.py:188} INFO - [2024-08-27T17:24:47.181+0000] {dag.py:3823} INFO - Setting next_dagrun for ETL_Dag_S3 to 2024-08-27 16:00:00+00:00, run_after=2024-08-27 17:00:00+00:00
[2024-08-27T17:24:47.289+0000] {processor.py:183} INFO - Processing /opt/airflow/dags/etl_dag_s3.py took 0.943 seconds
