[2024-08-27T16:52:51.984+0000] {processor.py:161} INFO - Started process (PID=173) to work on /opt/airflow/dags/etl_dag_minio.py
[2024-08-27T16:52:51.990+0000] {processor.py:830} INFO - Processing file /opt/airflow/dags/etl_dag_minio.py for tasks to queue
[2024-08-27T16:52:51.995+0000] {logging_mixin.py:188} INFO - [2024-08-27T16:52:51.994+0000] {dagbag.py:538} INFO - Filling up the DagBag from /opt/airflow/dags/etl_dag_minio.py
[2024-08-27T16:52:52.152+0000] {processor.py:840} INFO - DAG(s) 'ETL_Dag_Minio' retrieved from /opt/airflow/dags/etl_dag_minio.py
[2024-08-27T16:52:54.536+0000] {logging_mixin.py:188} INFO - [2024-08-27T16:52:54.535+0000] {dag.py:3036} INFO - Sync 1 DAGs
[2024-08-27T16:52:54.721+0000] {logging_mixin.py:188} INFO - [2024-08-27T16:52:54.721+0000] {dag.py:3823} INFO - Setting next_dagrun for ETL_Dag_Minio to 2024-08-27 15:00:00+00:00, run_after=2024-08-27 16:00:00+00:00
[2024-08-27T16:52:55.054+0000] {processor.py:183} INFO - Processing /opt/airflow/dags/etl_dag_minio.py took 3.086 seconds
[2024-08-27T16:53:25.343+0000] {processor.py:161} INFO - Started process (PID=189) to work on /opt/airflow/dags/etl_dag_minio.py
[2024-08-27T16:53:25.346+0000] {processor.py:830} INFO - Processing file /opt/airflow/dags/etl_dag_minio.py for tasks to queue
[2024-08-27T16:53:25.355+0000] {logging_mixin.py:188} INFO - [2024-08-27T16:53:25.354+0000] {dagbag.py:538} INFO - Filling up the DagBag from /opt/airflow/dags/etl_dag_minio.py
[2024-08-27T16:53:25.446+0000] {processor.py:840} INFO - DAG(s) 'ETL_Dag_Minio' retrieved from /opt/airflow/dags/etl_dag_minio.py
[2024-08-27T16:53:25.587+0000] {logging_mixin.py:188} INFO - [2024-08-27T16:53:25.583+0000] {dag.py:3036} INFO - Sync 1 DAGs
[2024-08-27T16:53:25.724+0000] {logging_mixin.py:188} INFO - [2024-08-27T16:53:25.723+0000] {dag.py:3823} INFO - Setting next_dagrun for ETL_Dag_Minio to 2024-08-27 15:00:00+00:00, run_after=2024-08-27 16:00:00+00:00
[2024-08-27T16:53:25.856+0000] {processor.py:183} INFO - Processing /opt/airflow/dags/etl_dag_minio.py took 0.527 seconds
[2024-08-27T16:53:56.418+0000] {processor.py:161} INFO - Started process (PID=204) to work on /opt/airflow/dags/etl_dag_minio.py
[2024-08-27T16:53:56.420+0000] {processor.py:830} INFO - Processing file /opt/airflow/dags/etl_dag_minio.py for tasks to queue
[2024-08-27T16:53:56.425+0000] {logging_mixin.py:188} INFO - [2024-08-27T16:53:56.424+0000] {dagbag.py:538} INFO - Filling up the DagBag from /opt/airflow/dags/etl_dag_minio.py
[2024-08-27T16:53:56.481+0000] {processor.py:840} INFO - DAG(s) 'ETL_Dag_Minio' retrieved from /opt/airflow/dags/etl_dag_minio.py
[2024-08-27T16:53:56.554+0000] {logging_mixin.py:188} INFO - [2024-08-27T16:53:56.551+0000] {dag.py:3036} INFO - Sync 1 DAGs
[2024-08-27T16:53:56.621+0000] {logging_mixin.py:188} INFO - [2024-08-27T16:53:56.621+0000] {dag.py:3823} INFO - Setting next_dagrun for ETL_Dag_Minio to 2024-08-27 15:00:00+00:00, run_after=2024-08-27 16:00:00+00:00
[2024-08-27T16:53:56.673+0000] {processor.py:183} INFO - Processing /opt/airflow/dags/etl_dag_minio.py took 0.262 seconds
[2024-08-27T16:54:27.098+0000] {processor.py:161} INFO - Started process (PID=219) to work on /opt/airflow/dags/etl_dag_minio.py
[2024-08-27T16:54:27.103+0000] {processor.py:830} INFO - Processing file /opt/airflow/dags/etl_dag_minio.py for tasks to queue
[2024-08-27T16:54:27.109+0000] {logging_mixin.py:188} INFO - [2024-08-27T16:54:27.108+0000] {dagbag.py:538} INFO - Filling up the DagBag from /opt/airflow/dags/etl_dag_minio.py
[2024-08-27T16:54:27.181+0000] {processor.py:840} INFO - DAG(s) 'ETL_Dag_Minio' retrieved from /opt/airflow/dags/etl_dag_minio.py
[2024-08-27T16:54:27.233+0000] {logging_mixin.py:188} INFO - [2024-08-27T16:54:27.231+0000] {dag.py:3036} INFO - Sync 1 DAGs
[2024-08-27T16:54:27.303+0000] {logging_mixin.py:188} INFO - [2024-08-27T16:54:27.302+0000] {dag.py:3823} INFO - Setting next_dagrun for ETL_Dag_Minio to 2024-08-27 15:00:00+00:00, run_after=2024-08-27 16:00:00+00:00
[2024-08-27T16:54:27.356+0000] {processor.py:183} INFO - Processing /opt/airflow/dags/etl_dag_minio.py took 0.265 seconds
[2024-08-27T16:54:58.046+0000] {processor.py:161} INFO - Started process (PID=235) to work on /opt/airflow/dags/etl_dag_minio.py
[2024-08-27T16:54:58.048+0000] {processor.py:830} INFO - Processing file /opt/airflow/dags/etl_dag_minio.py for tasks to queue
[2024-08-27T16:54:58.052+0000] {logging_mixin.py:188} INFO - [2024-08-27T16:54:58.052+0000] {dagbag.py:538} INFO - Filling up the DagBag from /opt/airflow/dags/etl_dag_minio.py
[2024-08-27T16:54:58.108+0000] {processor.py:840} INFO - DAG(s) 'ETL_Dag_Minio' retrieved from /opt/airflow/dags/etl_dag_minio.py
[2024-08-27T16:54:58.193+0000] {logging_mixin.py:188} INFO - [2024-08-27T16:54:58.191+0000] {dag.py:3036} INFO - Sync 1 DAGs
[2024-08-27T16:54:58.378+0000] {logging_mixin.py:188} INFO - [2024-08-27T16:54:58.377+0000] {dag.py:3823} INFO - Setting next_dagrun for ETL_Dag_Minio to 2024-08-27 15:00:00+00:00, run_after=2024-08-27 16:00:00+00:00
[2024-08-27T16:54:58.470+0000] {processor.py:183} INFO - Processing /opt/airflow/dags/etl_dag_minio.py took 0.431 seconds
[2024-08-27T16:55:28.917+0000] {processor.py:161} INFO - Started process (PID=251) to work on /opt/airflow/dags/etl_dag_minio.py
[2024-08-27T16:55:28.924+0000] {processor.py:830} INFO - Processing file /opt/airflow/dags/etl_dag_minio.py for tasks to queue
[2024-08-27T16:55:28.938+0000] {logging_mixin.py:188} INFO - [2024-08-27T16:55:28.937+0000] {dagbag.py:538} INFO - Filling up the DagBag from /opt/airflow/dags/etl_dag_minio.py
[2024-08-27T16:55:29.043+0000] {processor.py:840} INFO - DAG(s) 'ETL_Dag_Minio' retrieved from /opt/airflow/dags/etl_dag_minio.py
[2024-08-27T16:55:29.189+0000] {logging_mixin.py:188} INFO - [2024-08-27T16:55:29.187+0000] {dag.py:3036} INFO - Sync 1 DAGs
[2024-08-27T16:55:29.296+0000] {logging_mixin.py:188} INFO - [2024-08-27T16:55:29.296+0000] {dag.py:3823} INFO - Setting next_dagrun for ETL_Dag_Minio to 2024-08-27 15:00:00+00:00, run_after=2024-08-27 16:00:00+00:00
[2024-08-27T16:55:29.397+0000] {processor.py:183} INFO - Processing /opt/airflow/dags/etl_dag_minio.py took 0.497 seconds
[2024-08-27T16:56:00.315+0000] {processor.py:161} INFO - Started process (PID=267) to work on /opt/airflow/dags/etl_dag_minio.py
[2024-08-27T16:56:00.320+0000] {processor.py:830} INFO - Processing file /opt/airflow/dags/etl_dag_minio.py for tasks to queue
[2024-08-27T16:56:00.330+0000] {logging_mixin.py:188} INFO - [2024-08-27T16:56:00.329+0000] {dagbag.py:538} INFO - Filling up the DagBag from /opt/airflow/dags/etl_dag_minio.py
[2024-08-27T16:56:00.415+0000] {processor.py:840} INFO - DAG(s) 'ETL_Dag_Minio' retrieved from /opt/airflow/dags/etl_dag_minio.py
[2024-08-27T16:56:00.537+0000] {logging_mixin.py:188} INFO - [2024-08-27T16:56:00.536+0000] {dag.py:3036} INFO - Sync 1 DAGs
[2024-08-27T16:56:00.690+0000] {logging_mixin.py:188} INFO - [2024-08-27T16:56:00.689+0000] {dag.py:3823} INFO - Setting next_dagrun for ETL_Dag_Minio to 2024-08-27 15:00:00+00:00, run_after=2024-08-27 16:00:00+00:00
[2024-08-27T16:56:00.801+0000] {processor.py:183} INFO - Processing /opt/airflow/dags/etl_dag_minio.py took 0.502 seconds
[2024-08-27T16:56:31.264+0000] {processor.py:161} INFO - Started process (PID=282) to work on /opt/airflow/dags/etl_dag_minio.py
[2024-08-27T16:56:31.266+0000] {processor.py:830} INFO - Processing file /opt/airflow/dags/etl_dag_minio.py for tasks to queue
[2024-08-27T16:56:31.270+0000] {logging_mixin.py:188} INFO - [2024-08-27T16:56:31.269+0000] {dagbag.py:538} INFO - Filling up the DagBag from /opt/airflow/dags/etl_dag_minio.py
[2024-08-27T16:56:31.313+0000] {processor.py:840} INFO - DAG(s) 'ETL_Dag_Minio' retrieved from /opt/airflow/dags/etl_dag_minio.py
[2024-08-27T16:56:31.356+0000] {logging_mixin.py:188} INFO - [2024-08-27T16:56:31.354+0000] {dag.py:3036} INFO - Sync 1 DAGs
[2024-08-27T16:56:31.403+0000] {logging_mixin.py:188} INFO - [2024-08-27T16:56:31.403+0000] {dag.py:3823} INFO - Setting next_dagrun for ETL_Dag_Minio to 2024-08-27 15:00:00+00:00, run_after=2024-08-27 16:00:00+00:00
[2024-08-27T16:56:31.454+0000] {processor.py:183} INFO - Processing /opt/airflow/dags/etl_dag_minio.py took 0.197 seconds
[2024-08-27T16:57:01.890+0000] {processor.py:161} INFO - Started process (PID=300) to work on /opt/airflow/dags/etl_dag_minio.py
[2024-08-27T16:57:01.892+0000] {processor.py:830} INFO - Processing file /opt/airflow/dags/etl_dag_minio.py for tasks to queue
[2024-08-27T16:57:01.896+0000] {logging_mixin.py:188} INFO - [2024-08-27T16:57:01.895+0000] {dagbag.py:538} INFO - Filling up the DagBag from /opt/airflow/dags/etl_dag_minio.py
[2024-08-27T16:57:01.940+0000] {processor.py:840} INFO - DAG(s) 'ETL_Dag_Minio' retrieved from /opt/airflow/dags/etl_dag_minio.py
[2024-08-27T16:57:01.981+0000] {logging_mixin.py:188} INFO - [2024-08-27T16:57:01.980+0000] {dag.py:3036} INFO - Sync 1 DAGs
[2024-08-27T16:57:02.030+0000] {logging_mixin.py:188} INFO - [2024-08-27T16:57:02.030+0000] {dag.py:3823} INFO - Setting next_dagrun for ETL_Dag_Minio to 2024-08-27 15:00:00+00:00, run_after=2024-08-27 16:00:00+00:00
[2024-08-27T16:57:02.071+0000] {processor.py:183} INFO - Processing /opt/airflow/dags/etl_dag_minio.py took 0.187 seconds
[2024-08-27T16:57:32.542+0000] {processor.py:161} INFO - Started process (PID=316) to work on /opt/airflow/dags/etl_dag_minio.py
[2024-08-27T16:57:32.546+0000] {processor.py:830} INFO - Processing file /opt/airflow/dags/etl_dag_minio.py for tasks to queue
[2024-08-27T16:57:32.551+0000] {logging_mixin.py:188} INFO - [2024-08-27T16:57:32.550+0000] {dagbag.py:538} INFO - Filling up the DagBag from /opt/airflow/dags/etl_dag_minio.py
[2024-08-27T16:57:32.609+0000] {processor.py:840} INFO - DAG(s) 'ETL_Dag_Minio' retrieved from /opt/airflow/dags/etl_dag_minio.py
[2024-08-27T16:57:32.662+0000] {logging_mixin.py:188} INFO - [2024-08-27T16:57:32.661+0000] {dag.py:3036} INFO - Sync 1 DAGs
[2024-08-27T16:57:32.719+0000] {logging_mixin.py:188} INFO - [2024-08-27T16:57:32.718+0000] {dag.py:3823} INFO - Setting next_dagrun for ETL_Dag_Minio to 2024-08-27 15:00:00+00:00, run_after=2024-08-27 16:00:00+00:00
[2024-08-27T16:57:32.772+0000] {processor.py:183} INFO - Processing /opt/airflow/dags/etl_dag_minio.py took 0.236 seconds
[2024-08-27T16:58:02.941+0000] {processor.py:161} INFO - Started process (PID=332) to work on /opt/airflow/dags/etl_dag_minio.py
[2024-08-27T16:58:02.943+0000] {processor.py:830} INFO - Processing file /opt/airflow/dags/etl_dag_minio.py for tasks to queue
[2024-08-27T16:58:02.947+0000] {logging_mixin.py:188} INFO - [2024-08-27T16:58:02.947+0000] {dagbag.py:538} INFO - Filling up the DagBag from /opt/airflow/dags/etl_dag_minio.py
[2024-08-27T16:58:02.996+0000] {processor.py:840} INFO - DAG(s) 'ETL_Dag_Minio' retrieved from /opt/airflow/dags/etl_dag_minio.py
[2024-08-27T16:58:03.042+0000] {logging_mixin.py:188} INFO - [2024-08-27T16:58:03.041+0000] {dag.py:3036} INFO - Sync 1 DAGs
[2024-08-27T16:58:03.100+0000] {logging_mixin.py:188} INFO - [2024-08-27T16:58:03.099+0000] {dag.py:3823} INFO - Setting next_dagrun for ETL_Dag_Minio to 2024-08-27 15:00:00+00:00, run_after=2024-08-27 16:00:00+00:00
[2024-08-27T16:58:03.163+0000] {processor.py:183} INFO - Processing /opt/airflow/dags/etl_dag_minio.py took 0.230 seconds
[2024-08-27T16:58:33.602+0000] {processor.py:161} INFO - Started process (PID=348) to work on /opt/airflow/dags/etl_dag_minio.py
[2024-08-27T16:58:33.604+0000] {processor.py:830} INFO - Processing file /opt/airflow/dags/etl_dag_minio.py for tasks to queue
[2024-08-27T16:58:33.609+0000] {logging_mixin.py:188} INFO - [2024-08-27T16:58:33.608+0000] {dagbag.py:538} INFO - Filling up the DagBag from /opt/airflow/dags/etl_dag_minio.py
[2024-08-27T16:58:33.657+0000] {processor.py:840} INFO - DAG(s) 'ETL_Dag_Minio' retrieved from /opt/airflow/dags/etl_dag_minio.py
[2024-08-27T16:58:33.710+0000] {logging_mixin.py:188} INFO - [2024-08-27T16:58:33.709+0000] {dag.py:3036} INFO - Sync 1 DAGs
[2024-08-27T16:58:33.761+0000] {logging_mixin.py:188} INFO - [2024-08-27T16:58:33.761+0000] {dag.py:3823} INFO - Setting next_dagrun for ETL_Dag_Minio to 2024-08-27 15:00:00+00:00, run_after=2024-08-27 16:00:00+00:00
[2024-08-27T16:58:33.810+0000] {processor.py:183} INFO - Processing /opt/airflow/dags/etl_dag_minio.py took 0.216 seconds
[2024-08-27T16:59:04.438+0000] {processor.py:161} INFO - Started process (PID=364) to work on /opt/airflow/dags/etl_dag_minio.py
[2024-08-27T16:59:04.439+0000] {processor.py:830} INFO - Processing file /opt/airflow/dags/etl_dag_minio.py for tasks to queue
[2024-08-27T16:59:04.444+0000] {logging_mixin.py:188} INFO - [2024-08-27T16:59:04.443+0000] {dagbag.py:538} INFO - Filling up the DagBag from /opt/airflow/dags/etl_dag_minio.py
[2024-08-27T16:59:04.492+0000] {processor.py:840} INFO - DAG(s) 'ETL_Dag_Minio' retrieved from /opt/airflow/dags/etl_dag_minio.py
[2024-08-27T16:59:04.533+0000] {logging_mixin.py:188} INFO - [2024-08-27T16:59:04.532+0000] {dag.py:3036} INFO - Sync 1 DAGs
[2024-08-27T16:59:04.582+0000] {logging_mixin.py:188} INFO - [2024-08-27T16:59:04.582+0000] {dag.py:3823} INFO - Setting next_dagrun for ETL_Dag_Minio to 2024-08-27 15:00:00+00:00, run_after=2024-08-27 16:00:00+00:00
[2024-08-27T16:59:04.619+0000] {processor.py:183} INFO - Processing /opt/airflow/dags/etl_dag_minio.py took 0.188 seconds
[2024-08-27T16:59:35.035+0000] {processor.py:161} INFO - Started process (PID=380) to work on /opt/airflow/dags/etl_dag_minio.py
[2024-08-27T16:59:35.039+0000] {processor.py:830} INFO - Processing file /opt/airflow/dags/etl_dag_minio.py for tasks to queue
[2024-08-27T16:59:35.055+0000] {logging_mixin.py:188} INFO - [2024-08-27T16:59:35.053+0000] {dagbag.py:538} INFO - Filling up the DagBag from /opt/airflow/dags/etl_dag_minio.py
[2024-08-27T16:59:35.130+0000] {processor.py:840} INFO - DAG(s) 'ETL_Dag_Minio' retrieved from /opt/airflow/dags/etl_dag_minio.py
[2024-08-27T16:59:35.214+0000] {logging_mixin.py:188} INFO - [2024-08-27T16:59:35.214+0000] {dag.py:3036} INFO - Sync 1 DAGs
[2024-08-27T16:59:35.267+0000] {logging_mixin.py:188} INFO - [2024-08-27T16:59:35.267+0000] {dag.py:3823} INFO - Setting next_dagrun for ETL_Dag_Minio to 2024-08-27 15:00:00+00:00, run_after=2024-08-27 16:00:00+00:00
[2024-08-27T16:59:35.339+0000] {processor.py:183} INFO - Processing /opt/airflow/dags/etl_dag_minio.py took 0.325 seconds
[2024-08-27T17:00:05.921+0000] {processor.py:161} INFO - Started process (PID=396) to work on /opt/airflow/dags/etl_dag_minio.py
[2024-08-27T17:00:05.927+0000] {processor.py:830} INFO - Processing file /opt/airflow/dags/etl_dag_minio.py for tasks to queue
[2024-08-27T17:00:05.936+0000] {logging_mixin.py:188} INFO - [2024-08-27T17:00:05.935+0000] {dagbag.py:538} INFO - Filling up the DagBag from /opt/airflow/dags/etl_dag_minio.py
[2024-08-27T17:00:06.064+0000] {processor.py:840} INFO - DAG(s) 'ETL_Dag_Minio' retrieved from /opt/airflow/dags/etl_dag_minio.py
[2024-08-27T17:00:06.176+0000] {logging_mixin.py:188} INFO - [2024-08-27T17:00:06.175+0000] {dag.py:3036} INFO - Sync 1 DAGs
[2024-08-27T17:00:06.290+0000] {logging_mixin.py:188} INFO - [2024-08-27T17:00:06.289+0000] {dag.py:3823} INFO - Setting next_dagrun for ETL_Dag_Minio to 2024-08-27 16:00:00+00:00, run_after=2024-08-27 17:00:00+00:00
[2024-08-27T17:00:06.451+0000] {processor.py:183} INFO - Processing /opt/airflow/dags/etl_dag_minio.py took 0.531 seconds
[2024-08-27T17:00:37.094+0000] {processor.py:161} INFO - Started process (PID=412) to work on /opt/airflow/dags/etl_dag_minio.py
[2024-08-27T17:00:37.098+0000] {processor.py:830} INFO - Processing file /opt/airflow/dags/etl_dag_minio.py for tasks to queue
[2024-08-27T17:00:37.104+0000] {logging_mixin.py:188} INFO - [2024-08-27T17:00:37.103+0000] {dagbag.py:538} INFO - Filling up the DagBag from /opt/airflow/dags/etl_dag_minio.py
[2024-08-27T17:00:37.156+0000] {processor.py:840} INFO - DAG(s) 'ETL_Dag_Minio' retrieved from /opt/airflow/dags/etl_dag_minio.py
[2024-08-27T17:00:37.201+0000] {logging_mixin.py:188} INFO - [2024-08-27T17:00:37.200+0000] {dag.py:3036} INFO - Sync 1 DAGs
[2024-08-27T17:00:37.258+0000] {logging_mixin.py:188} INFO - [2024-08-27T17:00:37.258+0000] {dag.py:3823} INFO - Setting next_dagrun for ETL_Dag_Minio to 2024-08-27 16:00:00+00:00, run_after=2024-08-27 17:00:00+00:00
[2024-08-27T17:00:37.297+0000] {processor.py:183} INFO - Processing /opt/airflow/dags/etl_dag_minio.py took 0.218 seconds
[2024-08-27T17:01:07.708+0000] {processor.py:161} INFO - Started process (PID=428) to work on /opt/airflow/dags/etl_dag_minio.py
[2024-08-27T17:01:07.710+0000] {processor.py:830} INFO - Processing file /opt/airflow/dags/etl_dag_minio.py for tasks to queue
[2024-08-27T17:01:07.714+0000] {logging_mixin.py:188} INFO - [2024-08-27T17:01:07.714+0000] {dagbag.py:538} INFO - Filling up the DagBag from /opt/airflow/dags/etl_dag_minio.py
[2024-08-27T17:01:07.760+0000] {processor.py:840} INFO - DAG(s) 'ETL_Dag_Minio' retrieved from /opt/airflow/dags/etl_dag_minio.py
[2024-08-27T17:01:07.805+0000] {logging_mixin.py:188} INFO - [2024-08-27T17:01:07.804+0000] {dag.py:3036} INFO - Sync 1 DAGs
[2024-08-27T17:01:07.876+0000] {logging_mixin.py:188} INFO - [2024-08-27T17:01:07.875+0000] {dag.py:3823} INFO - Setting next_dagrun for ETL_Dag_Minio to 2024-08-27 16:00:00+00:00, run_after=2024-08-27 17:00:00+00:00
[2024-08-27T17:01:07.930+0000] {processor.py:183} INFO - Processing /opt/airflow/dags/etl_dag_minio.py took 0.229 seconds
[2024-08-27T17:01:38.398+0000] {processor.py:161} INFO - Started process (PID=444) to work on /opt/airflow/dags/etl_dag_minio.py
[2024-08-27T17:01:38.402+0000] {processor.py:830} INFO - Processing file /opt/airflow/dags/etl_dag_minio.py for tasks to queue
[2024-08-27T17:01:38.413+0000] {logging_mixin.py:188} INFO - [2024-08-27T17:01:38.410+0000] {dagbag.py:538} INFO - Filling up the DagBag from /opt/airflow/dags/etl_dag_minio.py
[2024-08-27T17:01:38.517+0000] {processor.py:840} INFO - DAG(s) 'ETL_Dag_Minio' retrieved from /opt/airflow/dags/etl_dag_minio.py
[2024-08-27T17:01:38.579+0000] {logging_mixin.py:188} INFO - [2024-08-27T17:01:38.578+0000] {dag.py:3036} INFO - Sync 1 DAGs
[2024-08-27T17:01:38.656+0000] {logging_mixin.py:188} INFO - [2024-08-27T17:01:38.655+0000] {dag.py:3823} INFO - Setting next_dagrun for ETL_Dag_Minio to 2024-08-27 16:00:00+00:00, run_after=2024-08-27 17:00:00+00:00
[2024-08-27T17:01:38.726+0000] {processor.py:183} INFO - Processing /opt/airflow/dags/etl_dag_minio.py took 0.342 seconds
[2024-08-27T17:02:09.315+0000] {processor.py:161} INFO - Started process (PID=460) to work on /opt/airflow/dags/etl_dag_minio.py
[2024-08-27T17:02:09.324+0000] {processor.py:830} INFO - Processing file /opt/airflow/dags/etl_dag_minio.py for tasks to queue
[2024-08-27T17:02:09.332+0000] {logging_mixin.py:188} INFO - [2024-08-27T17:02:09.331+0000] {dagbag.py:538} INFO - Filling up the DagBag from /opt/airflow/dags/etl_dag_minio.py
[2024-08-27T17:02:09.412+0000] {processor.py:840} INFO - DAG(s) 'ETL_Dag_Minio' retrieved from /opt/airflow/dags/etl_dag_minio.py
[2024-08-27T17:02:09.512+0000] {logging_mixin.py:188} INFO - [2024-08-27T17:02:09.511+0000] {dag.py:3036} INFO - Sync 1 DAGs
[2024-08-27T17:02:09.640+0000] {logging_mixin.py:188} INFO - [2024-08-27T17:02:09.640+0000] {dag.py:3823} INFO - Setting next_dagrun for ETL_Dag_Minio to 2024-08-27 16:00:00+00:00, run_after=2024-08-27 17:00:00+00:00
[2024-08-27T17:02:09.783+0000] {processor.py:183} INFO - Processing /opt/airflow/dags/etl_dag_minio.py took 0.484 seconds
[2024-08-27T17:02:40.345+0000] {processor.py:161} INFO - Started process (PID=476) to work on /opt/airflow/dags/etl_dag_minio.py
[2024-08-27T17:02:40.347+0000] {processor.py:830} INFO - Processing file /opt/airflow/dags/etl_dag_minio.py for tasks to queue
[2024-08-27T17:02:40.352+0000] {logging_mixin.py:188} INFO - [2024-08-27T17:02:40.351+0000] {dagbag.py:538} INFO - Filling up the DagBag from /opt/airflow/dags/etl_dag_minio.py
[2024-08-27T17:02:40.400+0000] {processor.py:840} INFO - DAG(s) 'ETL_Dag_Minio' retrieved from /opt/airflow/dags/etl_dag_minio.py
[2024-08-27T17:02:40.445+0000] {logging_mixin.py:188} INFO - [2024-08-27T17:02:40.444+0000] {dag.py:3036} INFO - Sync 1 DAGs
[2024-08-27T17:02:40.503+0000] {logging_mixin.py:188} INFO - [2024-08-27T17:02:40.502+0000] {dag.py:3823} INFO - Setting next_dagrun for ETL_Dag_Minio to 2024-08-27 16:00:00+00:00, run_after=2024-08-27 17:00:00+00:00
[2024-08-27T17:02:40.546+0000] {processor.py:183} INFO - Processing /opt/airflow/dags/etl_dag_minio.py took 0.208 seconds
[2024-08-27T17:03:11.013+0000] {processor.py:161} INFO - Started process (PID=492) to work on /opt/airflow/dags/etl_dag_minio.py
[2024-08-27T17:03:11.015+0000] {processor.py:830} INFO - Processing file /opt/airflow/dags/etl_dag_minio.py for tasks to queue
[2024-08-27T17:03:11.019+0000] {logging_mixin.py:188} INFO - [2024-08-27T17:03:11.018+0000] {dagbag.py:538} INFO - Filling up the DagBag from /opt/airflow/dags/etl_dag_minio.py
[2024-08-27T17:03:11.061+0000] {processor.py:840} INFO - DAG(s) 'ETL_Dag_Minio' retrieved from /opt/airflow/dags/etl_dag_minio.py
[2024-08-27T17:03:11.104+0000] {logging_mixin.py:188} INFO - [2024-08-27T17:03:11.103+0000] {dag.py:3036} INFO - Sync 1 DAGs
[2024-08-27T17:03:11.153+0000] {logging_mixin.py:188} INFO - [2024-08-27T17:03:11.152+0000] {dag.py:3823} INFO - Setting next_dagrun for ETL_Dag_Minio to 2024-08-27 16:00:00+00:00, run_after=2024-08-27 17:00:00+00:00
[2024-08-27T17:03:11.190+0000] {processor.py:183} INFO - Processing /opt/airflow/dags/etl_dag_minio.py took 0.184 seconds
[2024-08-27T17:03:41.586+0000] {processor.py:161} INFO - Started process (PID=508) to work on /opt/airflow/dags/etl_dag_minio.py
[2024-08-27T17:03:41.588+0000] {processor.py:830} INFO - Processing file /opt/airflow/dags/etl_dag_minio.py for tasks to queue
[2024-08-27T17:03:41.593+0000] {logging_mixin.py:188} INFO - [2024-08-27T17:03:41.592+0000] {dagbag.py:538} INFO - Filling up the DagBag from /opt/airflow/dags/etl_dag_minio.py
[2024-08-27T17:03:41.636+0000] {processor.py:840} INFO - DAG(s) 'ETL_Dag_Minio' retrieved from /opt/airflow/dags/etl_dag_minio.py
[2024-08-27T17:03:41.679+0000] {logging_mixin.py:188} INFO - [2024-08-27T17:03:41.677+0000] {dag.py:3036} INFO - Sync 1 DAGs
[2024-08-27T17:03:41.729+0000] {logging_mixin.py:188} INFO - [2024-08-27T17:03:41.728+0000] {dag.py:3823} INFO - Setting next_dagrun for ETL_Dag_Minio to 2024-08-27 16:00:00+00:00, run_after=2024-08-27 17:00:00+00:00
[2024-08-27T17:03:41.766+0000] {processor.py:183} INFO - Processing /opt/airflow/dags/etl_dag_minio.py took 0.187 seconds
[2024-08-27T17:04:12.126+0000] {processor.py:161} INFO - Started process (PID=524) to work on /opt/airflow/dags/etl_dag_minio.py
[2024-08-27T17:04:12.127+0000] {processor.py:830} INFO - Processing file /opt/airflow/dags/etl_dag_minio.py for tasks to queue
[2024-08-27T17:04:12.131+0000] {logging_mixin.py:188} INFO - [2024-08-27T17:04:12.130+0000] {dagbag.py:538} INFO - Filling up the DagBag from /opt/airflow/dags/etl_dag_minio.py
[2024-08-27T17:04:12.176+0000] {processor.py:840} INFO - DAG(s) 'ETL_Dag_Minio' retrieved from /opt/airflow/dags/etl_dag_minio.py
[2024-08-27T17:04:12.230+0000] {logging_mixin.py:188} INFO - [2024-08-27T17:04:12.228+0000] {dag.py:3036} INFO - Sync 1 DAGs
[2024-08-27T17:04:12.352+0000] {logging_mixin.py:188} INFO - [2024-08-27T17:04:12.351+0000] {dag.py:3823} INFO - Setting next_dagrun for ETL_Dag_Minio to 2024-08-27 16:00:00+00:00, run_after=2024-08-27 17:00:00+00:00
[2024-08-27T17:04:12.439+0000] {processor.py:183} INFO - Processing /opt/airflow/dags/etl_dag_minio.py took 0.321 seconds
[2024-08-27T17:04:43.127+0000] {processor.py:161} INFO - Started process (PID=540) to work on /opt/airflow/dags/etl_dag_minio.py
[2024-08-27T17:04:43.129+0000] {processor.py:830} INFO - Processing file /opt/airflow/dags/etl_dag_minio.py for tasks to queue
[2024-08-27T17:04:43.134+0000] {logging_mixin.py:188} INFO - [2024-08-27T17:04:43.133+0000] {dagbag.py:538} INFO - Filling up the DagBag from /opt/airflow/dags/etl_dag_minio.py
[2024-08-27T17:04:43.174+0000] {processor.py:840} INFO - DAG(s) 'ETL_Dag_Minio' retrieved from /opt/airflow/dags/etl_dag_minio.py
[2024-08-27T17:04:43.214+0000] {logging_mixin.py:188} INFO - [2024-08-27T17:04:43.214+0000] {dag.py:3036} INFO - Sync 1 DAGs
[2024-08-27T17:04:43.259+0000] {logging_mixin.py:188} INFO - [2024-08-27T17:04:43.259+0000] {dag.py:3823} INFO - Setting next_dagrun for ETL_Dag_Minio to 2024-08-27 16:00:00+00:00, run_after=2024-08-27 17:00:00+00:00
[2024-08-27T17:04:43.300+0000] {processor.py:183} INFO - Processing /opt/airflow/dags/etl_dag_minio.py took 0.179 seconds
[2024-08-27T17:05:13.707+0000] {processor.py:161} INFO - Started process (PID=556) to work on /opt/airflow/dags/etl_dag_minio.py
[2024-08-27T17:05:13.712+0000] {processor.py:830} INFO - Processing file /opt/airflow/dags/etl_dag_minio.py for tasks to queue
[2024-08-27T17:05:13.718+0000] {logging_mixin.py:188} INFO - [2024-08-27T17:05:13.717+0000] {dagbag.py:538} INFO - Filling up the DagBag from /opt/airflow/dags/etl_dag_minio.py
[2024-08-27T17:05:13.771+0000] {processor.py:840} INFO - DAG(s) 'ETL_Dag_Minio' retrieved from /opt/airflow/dags/etl_dag_minio.py
[2024-08-27T17:05:13.814+0000] {logging_mixin.py:188} INFO - [2024-08-27T17:05:13.813+0000] {dag.py:3036} INFO - Sync 1 DAGs
[2024-08-27T17:05:13.862+0000] {logging_mixin.py:188} INFO - [2024-08-27T17:05:13.862+0000] {dag.py:3823} INFO - Setting next_dagrun for ETL_Dag_Minio to 2024-08-27 16:00:00+00:00, run_after=2024-08-27 17:00:00+00:00
[2024-08-27T17:05:13.908+0000] {processor.py:183} INFO - Processing /opt/airflow/dags/etl_dag_minio.py took 0.211 seconds
[2024-08-27T17:05:44.637+0000] {processor.py:161} INFO - Started process (PID=572) to work on /opt/airflow/dags/etl_dag_minio.py
[2024-08-27T17:05:44.638+0000] {processor.py:830} INFO - Processing file /opt/airflow/dags/etl_dag_minio.py for tasks to queue
[2024-08-27T17:05:44.646+0000] {logging_mixin.py:188} INFO - [2024-08-27T17:05:44.645+0000] {dagbag.py:538} INFO - Filling up the DagBag from /opt/airflow/dags/etl_dag_minio.py
[2024-08-27T17:05:44.731+0000] {processor.py:840} INFO - DAG(s) 'ETL_Dag_Minio' retrieved from /opt/airflow/dags/etl_dag_minio.py
[2024-08-27T17:05:44.817+0000] {logging_mixin.py:188} INFO - [2024-08-27T17:05:44.816+0000] {dag.py:3036} INFO - Sync 1 DAGs
[2024-08-27T17:05:44.915+0000] {logging_mixin.py:188} INFO - [2024-08-27T17:05:44.914+0000] {dag.py:3823} INFO - Setting next_dagrun for ETL_Dag_Minio to 2024-08-27 16:00:00+00:00, run_after=2024-08-27 17:00:00+00:00
[2024-08-27T17:05:44.954+0000] {processor.py:183} INFO - Processing /opt/airflow/dags/etl_dag_minio.py took 0.323 seconds
[2024-08-27T17:06:15.389+0000] {processor.py:161} INFO - Started process (PID=595) to work on /opt/airflow/dags/etl_dag_minio.py
[2024-08-27T17:06:15.391+0000] {processor.py:830} INFO - Processing file /opt/airflow/dags/etl_dag_minio.py for tasks to queue
[2024-08-27T17:06:15.396+0000] {logging_mixin.py:188} INFO - [2024-08-27T17:06:15.395+0000] {dagbag.py:538} INFO - Filling up the DagBag from /opt/airflow/dags/etl_dag_minio.py
[2024-08-27T17:06:15.443+0000] {processor.py:840} INFO - DAG(s) 'ETL_Dag_Minio' retrieved from /opt/airflow/dags/etl_dag_minio.py
[2024-08-27T17:06:15.496+0000] {logging_mixin.py:188} INFO - [2024-08-27T17:06:15.495+0000] {dag.py:3036} INFO - Sync 1 DAGs
[2024-08-27T17:06:15.545+0000] {logging_mixin.py:188} INFO - [2024-08-27T17:06:15.545+0000] {dag.py:3823} INFO - Setting next_dagrun for ETL_Dag_Minio to 2024-08-27 16:00:00+00:00, run_after=2024-08-27 17:00:00+00:00
[2024-08-27T17:06:15.582+0000] {processor.py:183} INFO - Processing /opt/airflow/dags/etl_dag_minio.py took 0.201 seconds
[2024-08-27T17:06:46.060+0000] {processor.py:161} INFO - Started process (PID=611) to work on /opt/airflow/dags/etl_dag_minio.py
[2024-08-27T17:06:46.063+0000] {processor.py:830} INFO - Processing file /opt/airflow/dags/etl_dag_minio.py for tasks to queue
[2024-08-27T17:06:46.069+0000] {logging_mixin.py:188} INFO - [2024-08-27T17:06:46.068+0000] {dagbag.py:538} INFO - Filling up the DagBag from /opt/airflow/dags/etl_dag_minio.py
[2024-08-27T17:06:46.128+0000] {processor.py:840} INFO - DAG(s) 'ETL_Dag_Minio' retrieved from /opt/airflow/dags/etl_dag_minio.py
[2024-08-27T17:06:46.172+0000] {logging_mixin.py:188} INFO - [2024-08-27T17:06:46.171+0000] {dag.py:3036} INFO - Sync 1 DAGs
[2024-08-27T17:06:46.217+0000] {logging_mixin.py:188} INFO - [2024-08-27T17:06:46.216+0000] {dag.py:3823} INFO - Setting next_dagrun for ETL_Dag_Minio to 2024-08-27 16:00:00+00:00, run_after=2024-08-27 17:00:00+00:00
[2024-08-27T17:06:46.256+0000] {processor.py:183} INFO - Processing /opt/airflow/dags/etl_dag_minio.py took 0.204 seconds
[2024-08-27T17:07:16.606+0000] {processor.py:161} INFO - Started process (PID=627) to work on /opt/airflow/dags/etl_dag_minio.py
[2024-08-27T17:07:16.609+0000] {processor.py:830} INFO - Processing file /opt/airflow/dags/etl_dag_minio.py for tasks to queue
[2024-08-27T17:07:16.614+0000] {logging_mixin.py:188} INFO - [2024-08-27T17:07:16.613+0000] {dagbag.py:538} INFO - Filling up the DagBag from /opt/airflow/dags/etl_dag_minio.py
[2024-08-27T17:07:16.676+0000] {processor.py:840} INFO - DAG(s) 'ETL_Dag_Minio' retrieved from /opt/airflow/dags/etl_dag_minio.py
[2024-08-27T17:07:16.745+0000] {logging_mixin.py:188} INFO - [2024-08-27T17:07:16.745+0000] {dag.py:3036} INFO - Sync 1 DAGs
[2024-08-27T17:07:16.807+0000] {logging_mixin.py:188} INFO - [2024-08-27T17:07:16.806+0000] {dag.py:3823} INFO - Setting next_dagrun for ETL_Dag_Minio to 2024-08-27 16:00:00+00:00, run_after=2024-08-27 17:00:00+00:00
[2024-08-27T17:07:16.859+0000] {processor.py:183} INFO - Processing /opt/airflow/dags/etl_dag_minio.py took 0.261 seconds
[2024-08-27T17:07:47.193+0000] {processor.py:161} INFO - Started process (PID=643) to work on /opt/airflow/dags/etl_dag_minio.py
[2024-08-27T17:07:47.195+0000] {processor.py:830} INFO - Processing file /opt/airflow/dags/etl_dag_minio.py for tasks to queue
[2024-08-27T17:07:47.200+0000] {logging_mixin.py:188} INFO - [2024-08-27T17:07:47.199+0000] {dagbag.py:538} INFO - Filling up the DagBag from /opt/airflow/dags/etl_dag_minio.py
[2024-08-27T17:07:47.249+0000] {processor.py:840} INFO - DAG(s) 'ETL_Dag_Minio' retrieved from /opt/airflow/dags/etl_dag_minio.py
[2024-08-27T17:07:47.293+0000] {logging_mixin.py:188} INFO - [2024-08-27T17:07:47.291+0000] {dag.py:3036} INFO - Sync 1 DAGs
[2024-08-27T17:07:47.348+0000] {logging_mixin.py:188} INFO - [2024-08-27T17:07:47.348+0000] {dag.py:3823} INFO - Setting next_dagrun for ETL_Dag_Minio to 2024-08-27 16:00:00+00:00, run_after=2024-08-27 17:00:00+00:00
[2024-08-27T17:07:47.405+0000] {processor.py:183} INFO - Processing /opt/airflow/dags/etl_dag_minio.py took 0.216 seconds
[2024-08-27T17:08:17.828+0000] {processor.py:161} INFO - Started process (PID=659) to work on /opt/airflow/dags/etl_dag_minio.py
[2024-08-27T17:08:17.829+0000] {processor.py:830} INFO - Processing file /opt/airflow/dags/etl_dag_minio.py for tasks to queue
[2024-08-27T17:08:17.834+0000] {logging_mixin.py:188} INFO - [2024-08-27T17:08:17.833+0000] {dagbag.py:538} INFO - Filling up the DagBag from /opt/airflow/dags/etl_dag_minio.py
[2024-08-27T17:08:17.895+0000] {processor.py:840} INFO - DAG(s) 'ETL_Dag_Minio' retrieved from /opt/airflow/dags/etl_dag_minio.py
[2024-08-27T17:08:17.944+0000] {logging_mixin.py:188} INFO - [2024-08-27T17:08:17.943+0000] {dag.py:3036} INFO - Sync 1 DAGs
[2024-08-27T17:08:17.999+0000] {logging_mixin.py:188} INFO - [2024-08-27T17:08:17.999+0000] {dag.py:3823} INFO - Setting next_dagrun for ETL_Dag_Minio to 2024-08-27 16:00:00+00:00, run_after=2024-08-27 17:00:00+00:00
[2024-08-27T17:08:18.039+0000] {processor.py:183} INFO - Processing /opt/airflow/dags/etl_dag_minio.py took 0.217 seconds
[2024-08-27T17:08:48.542+0000] {processor.py:161} INFO - Started process (PID=674) to work on /opt/airflow/dags/etl_dag_minio.py
[2024-08-27T17:08:48.543+0000] {processor.py:830} INFO - Processing file /opt/airflow/dags/etl_dag_minio.py for tasks to queue
[2024-08-27T17:08:48.547+0000] {logging_mixin.py:188} INFO - [2024-08-27T17:08:48.546+0000] {dagbag.py:538} INFO - Filling up the DagBag from /opt/airflow/dags/etl_dag_minio.py
[2024-08-27T17:08:48.597+0000] {processor.py:840} INFO - DAG(s) 'ETL_Dag_Minio' retrieved from /opt/airflow/dags/etl_dag_minio.py
[2024-08-27T17:08:48.642+0000] {logging_mixin.py:188} INFO - [2024-08-27T17:08:48.641+0000] {dag.py:3036} INFO - Sync 1 DAGs
[2024-08-27T17:08:48.694+0000] {logging_mixin.py:188} INFO - [2024-08-27T17:08:48.693+0000] {dag.py:3823} INFO - Setting next_dagrun for ETL_Dag_Minio to 2024-08-27 16:00:00+00:00, run_after=2024-08-27 17:00:00+00:00
[2024-08-27T17:08:48.735+0000] {processor.py:183} INFO - Processing /opt/airflow/dags/etl_dag_minio.py took 0.199 seconds
[2024-08-27T17:09:19.143+0000] {processor.py:161} INFO - Started process (PID=692) to work on /opt/airflow/dags/etl_dag_minio.py
[2024-08-27T17:09:19.145+0000] {processor.py:830} INFO - Processing file /opt/airflow/dags/etl_dag_minio.py for tasks to queue
[2024-08-27T17:09:19.149+0000] {logging_mixin.py:188} INFO - [2024-08-27T17:09:19.148+0000] {dagbag.py:538} INFO - Filling up the DagBag from /opt/airflow/dags/etl_dag_minio.py
[2024-08-27T17:09:19.194+0000] {processor.py:840} INFO - DAG(s) 'ETL_Dag_Minio' retrieved from /opt/airflow/dags/etl_dag_minio.py
[2024-08-27T17:09:19.256+0000] {logging_mixin.py:188} INFO - [2024-08-27T17:09:19.255+0000] {dag.py:3036} INFO - Sync 1 DAGs
[2024-08-27T17:09:19.305+0000] {logging_mixin.py:188} INFO - [2024-08-27T17:09:19.304+0000] {dag.py:3823} INFO - Setting next_dagrun for ETL_Dag_Minio to 2024-08-27 16:00:00+00:00, run_after=2024-08-27 17:00:00+00:00
[2024-08-27T17:09:19.343+0000] {processor.py:183} INFO - Processing /opt/airflow/dags/etl_dag_minio.py took 0.215 seconds
[2024-08-27T17:09:49.699+0000] {processor.py:161} INFO - Started process (PID=708) to work on /opt/airflow/dags/etl_dag_minio.py
[2024-08-27T17:09:49.701+0000] {processor.py:830} INFO - Processing file /opt/airflow/dags/etl_dag_minio.py for tasks to queue
[2024-08-27T17:09:49.714+0000] {logging_mixin.py:188} INFO - [2024-08-27T17:09:49.713+0000] {dagbag.py:538} INFO - Filling up the DagBag from /opt/airflow/dags/etl_dag_minio.py
[2024-08-27T17:09:49.798+0000] {processor.py:840} INFO - DAG(s) 'ETL_Dag_Minio' retrieved from /opt/airflow/dags/etl_dag_minio.py
[2024-08-27T17:09:49.841+0000] {logging_mixin.py:188} INFO - [2024-08-27T17:09:49.840+0000] {dag.py:3036} INFO - Sync 1 DAGs
[2024-08-27T17:09:49.887+0000] {logging_mixin.py:188} INFO - [2024-08-27T17:09:49.886+0000] {dag.py:3823} INFO - Setting next_dagrun for ETL_Dag_Minio to 2024-08-27 16:00:00+00:00, run_after=2024-08-27 17:00:00+00:00
[2024-08-27T17:09:49.929+0000] {processor.py:183} INFO - Processing /opt/airflow/dags/etl_dag_minio.py took 0.236 seconds
[2024-08-27T17:10:20.440+0000] {processor.py:161} INFO - Started process (PID=725) to work on /opt/airflow/dags/etl_dag_minio.py
[2024-08-27T17:10:20.442+0000] {processor.py:830} INFO - Processing file /opt/airflow/dags/etl_dag_minio.py for tasks to queue
[2024-08-27T17:10:20.455+0000] {logging_mixin.py:188} INFO - [2024-08-27T17:10:20.454+0000] {dagbag.py:538} INFO - Filling up the DagBag from /opt/airflow/dags/etl_dag_minio.py
[2024-08-27T17:10:20.540+0000] {processor.py:840} INFO - DAG(s) 'ETL_Dag_Minio' retrieved from /opt/airflow/dags/etl_dag_minio.py
[2024-08-27T17:10:20.684+0000] {logging_mixin.py:188} INFO - [2024-08-27T17:10:20.683+0000] {dag.py:3036} INFO - Sync 1 DAGs
[2024-08-27T17:10:20.826+0000] {logging_mixin.py:188} INFO - [2024-08-27T17:10:20.825+0000] {dag.py:3823} INFO - Setting next_dagrun for ETL_Dag_Minio to 2024-08-27 16:00:00+00:00, run_after=2024-08-27 17:00:00+00:00
[2024-08-27T17:10:20.880+0000] {processor.py:183} INFO - Processing /opt/airflow/dags/etl_dag_minio.py took 0.446 seconds
[2024-08-27T17:10:51.630+0000] {processor.py:161} INFO - Started process (PID=741) to work on /opt/airflow/dags/etl_dag_minio.py
[2024-08-27T17:10:51.632+0000] {processor.py:830} INFO - Processing file /opt/airflow/dags/etl_dag_minio.py for tasks to queue
[2024-08-27T17:10:51.636+0000] {logging_mixin.py:188} INFO - [2024-08-27T17:10:51.636+0000] {dagbag.py:538} INFO - Filling up the DagBag from /opt/airflow/dags/etl_dag_minio.py
[2024-08-27T17:10:51.688+0000] {processor.py:840} INFO - DAG(s) 'ETL_Dag_Minio' retrieved from /opt/airflow/dags/etl_dag_minio.py
[2024-08-27T17:10:51.732+0000] {logging_mixin.py:188} INFO - [2024-08-27T17:10:51.731+0000] {dag.py:3036} INFO - Sync 1 DAGs
[2024-08-27T17:10:51.781+0000] {logging_mixin.py:188} INFO - [2024-08-27T17:10:51.781+0000] {dag.py:3823} INFO - Setting next_dagrun for ETL_Dag_Minio to 2024-08-27 16:00:00+00:00, run_after=2024-08-27 17:00:00+00:00
[2024-08-27T17:10:51.823+0000] {processor.py:183} INFO - Processing /opt/airflow/dags/etl_dag_minio.py took 0.199 seconds
[2024-08-27T17:11:22.224+0000] {processor.py:161} INFO - Started process (PID=757) to work on /opt/airflow/dags/etl_dag_minio.py
[2024-08-27T17:11:22.226+0000] {processor.py:830} INFO - Processing file /opt/airflow/dags/etl_dag_minio.py for tasks to queue
[2024-08-27T17:11:22.230+0000] {logging_mixin.py:188} INFO - [2024-08-27T17:11:22.230+0000] {dagbag.py:538} INFO - Filling up the DagBag from /opt/airflow/dags/etl_dag_minio.py
[2024-08-27T17:11:22.272+0000] {processor.py:840} INFO - DAG(s) 'ETL_Dag_Minio' retrieved from /opt/airflow/dags/etl_dag_minio.py
[2024-08-27T17:11:22.327+0000] {logging_mixin.py:188} INFO - [2024-08-27T17:11:22.326+0000] {dag.py:3036} INFO - Sync 1 DAGs
[2024-08-27T17:11:22.393+0000] {logging_mixin.py:188} INFO - [2024-08-27T17:11:22.392+0000] {dag.py:3823} INFO - Setting next_dagrun for ETL_Dag_Minio to 2024-08-27 16:00:00+00:00, run_after=2024-08-27 17:00:00+00:00
[2024-08-27T17:11:22.447+0000] {processor.py:183} INFO - Processing /opt/airflow/dags/etl_dag_minio.py took 0.230 seconds
[2024-08-27T17:11:52.815+0000] {processor.py:161} INFO - Started process (PID=773) to work on /opt/airflow/dags/etl_dag_minio.py
[2024-08-27T17:11:52.817+0000] {processor.py:830} INFO - Processing file /opt/airflow/dags/etl_dag_minio.py for tasks to queue
[2024-08-27T17:11:52.823+0000] {logging_mixin.py:188} INFO - [2024-08-27T17:11:52.822+0000] {dagbag.py:538} INFO - Filling up the DagBag from /opt/airflow/dags/etl_dag_minio.py
[2024-08-27T17:11:52.873+0000] {processor.py:840} INFO - DAG(s) 'ETL_Dag_Minio' retrieved from /opt/airflow/dags/etl_dag_minio.py
[2024-08-27T17:11:52.916+0000] {logging_mixin.py:188} INFO - [2024-08-27T17:11:52.915+0000] {dag.py:3036} INFO - Sync 1 DAGs
[2024-08-27T17:11:52.970+0000] {logging_mixin.py:188} INFO - [2024-08-27T17:11:52.970+0000] {dag.py:3823} INFO - Setting next_dagrun for ETL_Dag_Minio to 2024-08-27 16:00:00+00:00, run_after=2024-08-27 17:00:00+00:00
[2024-08-27T17:11:53.007+0000] {processor.py:183} INFO - Processing /opt/airflow/dags/etl_dag_minio.py took 0.203 seconds
[2024-08-27T17:12:23.410+0000] {processor.py:161} INFO - Started process (PID=789) to work on /opt/airflow/dags/etl_dag_minio.py
[2024-08-27T17:12:23.411+0000] {processor.py:830} INFO - Processing file /opt/airflow/dags/etl_dag_minio.py for tasks to queue
[2024-08-27T17:12:23.415+0000] {logging_mixin.py:188} INFO - [2024-08-27T17:12:23.415+0000] {dagbag.py:538} INFO - Filling up the DagBag from /opt/airflow/dags/etl_dag_minio.py
[2024-08-27T17:12:23.466+0000] {processor.py:840} INFO - DAG(s) 'ETL_Dag_Minio' retrieved from /opt/airflow/dags/etl_dag_minio.py
[2024-08-27T17:12:23.518+0000] {logging_mixin.py:188} INFO - [2024-08-27T17:12:23.517+0000] {dag.py:3036} INFO - Sync 1 DAGs
[2024-08-27T17:12:23.564+0000] {logging_mixin.py:188} INFO - [2024-08-27T17:12:23.564+0000] {dag.py:3823} INFO - Setting next_dagrun for ETL_Dag_Minio to 2024-08-27 16:00:00+00:00, run_after=2024-08-27 17:00:00+00:00
[2024-08-27T17:12:23.602+0000] {processor.py:183} INFO - Processing /opt/airflow/dags/etl_dag_minio.py took 0.200 seconds
[2024-08-27T17:12:54.010+0000] {processor.py:161} INFO - Started process (PID=805) to work on /opt/airflow/dags/etl_dag_minio.py
[2024-08-27T17:12:54.012+0000] {processor.py:830} INFO - Processing file /opt/airflow/dags/etl_dag_minio.py for tasks to queue
[2024-08-27T17:12:54.016+0000] {logging_mixin.py:188} INFO - [2024-08-27T17:12:54.015+0000] {dagbag.py:538} INFO - Filling up the DagBag from /opt/airflow/dags/etl_dag_minio.py
[2024-08-27T17:12:54.060+0000] {processor.py:840} INFO - DAG(s) 'ETL_Dag_Minio' retrieved from /opt/airflow/dags/etl_dag_minio.py
[2024-08-27T17:12:54.102+0000] {logging_mixin.py:188} INFO - [2024-08-27T17:12:54.101+0000] {dag.py:3036} INFO - Sync 1 DAGs
[2024-08-27T17:12:54.163+0000] {logging_mixin.py:188} INFO - [2024-08-27T17:12:54.162+0000] {dag.py:3823} INFO - Setting next_dagrun for ETL_Dag_Minio to 2024-08-27 16:00:00+00:00, run_after=2024-08-27 17:00:00+00:00
[2024-08-27T17:12:54.233+0000] {processor.py:183} INFO - Processing /opt/airflow/dags/etl_dag_minio.py took 0.229 seconds
[2024-08-27T17:13:24.608+0000] {processor.py:161} INFO - Started process (PID=821) to work on /opt/airflow/dags/etl_dag_minio.py
[2024-08-27T17:13:24.610+0000] {processor.py:830} INFO - Processing file /opt/airflow/dags/etl_dag_minio.py for tasks to queue
[2024-08-27T17:13:24.614+0000] {logging_mixin.py:188} INFO - [2024-08-27T17:13:24.613+0000] {dagbag.py:538} INFO - Filling up the DagBag from /opt/airflow/dags/etl_dag_minio.py
[2024-08-27T17:13:24.668+0000] {processor.py:840} INFO - DAG(s) 'ETL_Dag_Minio' retrieved from /opt/airflow/dags/etl_dag_minio.py
[2024-08-27T17:13:24.724+0000] {logging_mixin.py:188} INFO - [2024-08-27T17:13:24.723+0000] {dag.py:3036} INFO - Sync 1 DAGs
[2024-08-27T17:13:24.789+0000] {logging_mixin.py:188} INFO - [2024-08-27T17:13:24.788+0000] {dag.py:3823} INFO - Setting next_dagrun for ETL_Dag_Minio to 2024-08-27 16:00:00+00:00, run_after=2024-08-27 17:00:00+00:00
[2024-08-27T17:13:24.825+0000] {processor.py:183} INFO - Processing /opt/airflow/dags/etl_dag_minio.py took 0.222 seconds
[2024-08-27T17:13:55.179+0000] {processor.py:161} INFO - Started process (PID=837) to work on /opt/airflow/dags/etl_dag_minio.py
[2024-08-27T17:13:55.182+0000] {processor.py:830} INFO - Processing file /opt/airflow/dags/etl_dag_minio.py for tasks to queue
[2024-08-27T17:13:55.186+0000] {logging_mixin.py:188} INFO - [2024-08-27T17:13:55.185+0000] {dagbag.py:538} INFO - Filling up the DagBag from /opt/airflow/dags/etl_dag_minio.py
[2024-08-27T17:13:55.232+0000] {processor.py:840} INFO - DAG(s) 'ETL_Dag_Minio' retrieved from /opt/airflow/dags/etl_dag_minio.py
[2024-08-27T17:13:55.277+0000] {logging_mixin.py:188} INFO - [2024-08-27T17:13:55.275+0000] {dag.py:3036} INFO - Sync 1 DAGs
[2024-08-27T17:13:55.325+0000] {logging_mixin.py:188} INFO - [2024-08-27T17:13:55.324+0000] {dag.py:3823} INFO - Setting next_dagrun for ETL_Dag_Minio to 2024-08-27 16:00:00+00:00, run_after=2024-08-27 17:00:00+00:00
[2024-08-27T17:13:55.378+0000] {processor.py:183} INFO - Processing /opt/airflow/dags/etl_dag_minio.py took 0.205 seconds
[2024-08-27T17:14:25.778+0000] {processor.py:161} INFO - Started process (PID=853) to work on /opt/airflow/dags/etl_dag_minio.py
[2024-08-27T17:14:25.780+0000] {processor.py:830} INFO - Processing file /opt/airflow/dags/etl_dag_minio.py for tasks to queue
[2024-08-27T17:14:25.785+0000] {logging_mixin.py:188} INFO - [2024-08-27T17:14:25.784+0000] {dagbag.py:538} INFO - Filling up the DagBag from /opt/airflow/dags/etl_dag_minio.py
[2024-08-27T17:14:25.869+0000] {processor.py:840} INFO - DAG(s) 'ETL_Dag_Minio' retrieved from /opt/airflow/dags/etl_dag_minio.py
[2024-08-27T17:14:25.945+0000] {logging_mixin.py:188} INFO - [2024-08-27T17:14:25.944+0000] {dag.py:3036} INFO - Sync 1 DAGs
[2024-08-27T17:14:26.005+0000] {logging_mixin.py:188} INFO - [2024-08-27T17:14:26.004+0000] {dag.py:3823} INFO - Setting next_dagrun for ETL_Dag_Minio to 2024-08-27 16:00:00+00:00, run_after=2024-08-27 17:00:00+00:00
[2024-08-27T17:14:26.047+0000] {processor.py:183} INFO - Processing /opt/airflow/dags/etl_dag_minio.py took 0.278 seconds
[2024-08-27T17:14:56.682+0000] {processor.py:161} INFO - Started process (PID=869) to work on /opt/airflow/dags/etl_dag_minio.py
[2024-08-27T17:14:56.692+0000] {processor.py:830} INFO - Processing file /opt/airflow/dags/etl_dag_minio.py for tasks to queue
[2024-08-27T17:14:56.696+0000] {logging_mixin.py:188} INFO - [2024-08-27T17:14:56.695+0000] {dagbag.py:538} INFO - Filling up the DagBag from /opt/airflow/dags/etl_dag_minio.py
[2024-08-27T17:14:56.797+0000] {processor.py:840} INFO - DAG(s) 'ETL_Dag_Minio' retrieved from /opt/airflow/dags/etl_dag_minio.py
[2024-08-27T17:14:56.913+0000] {logging_mixin.py:188} INFO - [2024-08-27T17:14:56.910+0000] {dag.py:3036} INFO - Sync 1 DAGs
[2024-08-27T17:14:57.011+0000] {logging_mixin.py:188} INFO - [2024-08-27T17:14:57.010+0000] {dag.py:3823} INFO - Setting next_dagrun for ETL_Dag_Minio to 2024-08-27 16:00:00+00:00, run_after=2024-08-27 17:00:00+00:00
[2024-08-27T17:14:57.121+0000] {processor.py:183} INFO - Processing /opt/airflow/dags/etl_dag_minio.py took 0.446 seconds
[2024-08-27T17:15:27.697+0000] {processor.py:161} INFO - Started process (PID=885) to work on /opt/airflow/dags/etl_dag_minio.py
[2024-08-27T17:15:27.699+0000] {processor.py:830} INFO - Processing file /opt/airflow/dags/etl_dag_minio.py for tasks to queue
[2024-08-27T17:15:27.704+0000] {logging_mixin.py:188} INFO - [2024-08-27T17:15:27.702+0000] {dagbag.py:538} INFO - Filling up the DagBag from /opt/airflow/dags/etl_dag_minio.py
[2024-08-27T17:15:27.780+0000] {processor.py:840} INFO - DAG(s) 'ETL_Dag_Minio' retrieved from /opt/airflow/dags/etl_dag_minio.py
[2024-08-27T17:15:27.853+0000] {logging_mixin.py:188} INFO - [2024-08-27T17:15:27.852+0000] {dag.py:3036} INFO - Sync 1 DAGs
[2024-08-27T17:15:27.913+0000] {logging_mixin.py:188} INFO - [2024-08-27T17:15:27.913+0000] {dag.py:3823} INFO - Setting next_dagrun for ETL_Dag_Minio to 2024-08-27 16:00:00+00:00, run_after=2024-08-27 17:00:00+00:00
[2024-08-27T17:15:27.959+0000] {processor.py:183} INFO - Processing /opt/airflow/dags/etl_dag_minio.py took 0.269 seconds
[2024-08-27T17:15:58.383+0000] {processor.py:161} INFO - Started process (PID=901) to work on /opt/airflow/dags/etl_dag_minio.py
[2024-08-27T17:15:58.388+0000] {processor.py:830} INFO - Processing file /opt/airflow/dags/etl_dag_minio.py for tasks to queue
[2024-08-27T17:15:58.395+0000] {logging_mixin.py:188} INFO - [2024-08-27T17:15:58.394+0000] {dagbag.py:538} INFO - Filling up the DagBag from /opt/airflow/dags/etl_dag_minio.py
[2024-08-27T17:15:58.456+0000] {processor.py:840} INFO - DAG(s) 'ETL_Dag_Minio' retrieved from /opt/airflow/dags/etl_dag_minio.py
[2024-08-27T17:15:58.514+0000] {logging_mixin.py:188} INFO - [2024-08-27T17:15:58.513+0000] {dag.py:3036} INFO - Sync 1 DAGs
[2024-08-27T17:15:58.586+0000] {logging_mixin.py:188} INFO - [2024-08-27T17:15:58.586+0000] {dag.py:3823} INFO - Setting next_dagrun for ETL_Dag_Minio to 2024-08-27 16:00:00+00:00, run_after=2024-08-27 17:00:00+00:00
[2024-08-27T17:15:58.645+0000] {processor.py:183} INFO - Processing /opt/airflow/dags/etl_dag_minio.py took 0.272 seconds
[2024-08-27T17:16:29.034+0000] {processor.py:161} INFO - Started process (PID=918) to work on /opt/airflow/dags/etl_dag_minio.py
[2024-08-27T17:16:29.039+0000] {processor.py:830} INFO - Processing file /opt/airflow/dags/etl_dag_minio.py for tasks to queue
[2024-08-27T17:16:29.044+0000] {logging_mixin.py:188} INFO - [2024-08-27T17:16:29.043+0000] {dagbag.py:538} INFO - Filling up the DagBag from /opt/airflow/dags/etl_dag_minio.py
[2024-08-27T17:16:29.101+0000] {processor.py:840} INFO - DAG(s) 'ETL_Dag_Minio' retrieved from /opt/airflow/dags/etl_dag_minio.py
[2024-08-27T17:16:29.164+0000] {logging_mixin.py:188} INFO - [2024-08-27T17:16:29.163+0000] {dag.py:3036} INFO - Sync 1 DAGs
[2024-08-27T17:16:29.259+0000] {logging_mixin.py:188} INFO - [2024-08-27T17:16:29.258+0000] {dag.py:3823} INFO - Setting next_dagrun for ETL_Dag_Minio to 2024-08-27 16:00:00+00:00, run_after=2024-08-27 17:00:00+00:00
[2024-08-27T17:16:29.326+0000] {processor.py:183} INFO - Processing /opt/airflow/dags/etl_dag_minio.py took 0.302 seconds
[2024-08-27T17:16:59.856+0000] {processor.py:161} INFO - Started process (PID=934) to work on /opt/airflow/dags/etl_dag_minio.py
[2024-08-27T17:16:59.860+0000] {processor.py:830} INFO - Processing file /opt/airflow/dags/etl_dag_minio.py for tasks to queue
[2024-08-27T17:16:59.870+0000] {logging_mixin.py:188} INFO - [2024-08-27T17:16:59.869+0000] {dagbag.py:538} INFO - Filling up the DagBag from /opt/airflow/dags/etl_dag_minio.py
[2024-08-27T17:16:59.954+0000] {processor.py:840} INFO - DAG(s) 'ETL_Dag_Minio' retrieved from /opt/airflow/dags/etl_dag_minio.py
[2024-08-27T17:17:00.051+0000] {logging_mixin.py:188} INFO - [2024-08-27T17:17:00.050+0000] {dag.py:3036} INFO - Sync 1 DAGs
[2024-08-27T17:17:00.198+0000] {logging_mixin.py:188} INFO - [2024-08-27T17:17:00.198+0000] {dag.py:3823} INFO - Setting next_dagrun for ETL_Dag_Minio to 2024-08-27 16:00:00+00:00, run_after=2024-08-27 17:00:00+00:00
[2024-08-27T17:17:00.286+0000] {processor.py:183} INFO - Processing /opt/airflow/dags/etl_dag_minio.py took 0.446 seconds
[2024-08-27T17:17:30.850+0000] {processor.py:161} INFO - Started process (PID=950) to work on /opt/airflow/dags/etl_dag_minio.py
[2024-08-27T17:17:30.853+0000] {processor.py:830} INFO - Processing file /opt/airflow/dags/etl_dag_minio.py for tasks to queue
[2024-08-27T17:17:30.859+0000] {logging_mixin.py:188} INFO - [2024-08-27T17:17:30.858+0000] {dagbag.py:538} INFO - Filling up the DagBag from /opt/airflow/dags/etl_dag_minio.py
[2024-08-27T17:17:30.925+0000] {processor.py:840} INFO - DAG(s) 'ETL_Dag_Minio' retrieved from /opt/airflow/dags/etl_dag_minio.py
[2024-08-27T17:17:31.008+0000] {logging_mixin.py:188} INFO - [2024-08-27T17:17:31.007+0000] {dag.py:3036} INFO - Sync 1 DAGs
[2024-08-27T17:17:31.075+0000] {logging_mixin.py:188} INFO - [2024-08-27T17:17:31.075+0000] {dag.py:3823} INFO - Setting next_dagrun for ETL_Dag_Minio to 2024-08-27 16:00:00+00:00, run_after=2024-08-27 17:00:00+00:00
[2024-08-27T17:17:31.137+0000] {processor.py:183} INFO - Processing /opt/airflow/dags/etl_dag_minio.py took 0.298 seconds
[2024-08-27T17:18:01.549+0000] {processor.py:161} INFO - Started process (PID=966) to work on /opt/airflow/dags/etl_dag_minio.py
[2024-08-27T17:18:01.551+0000] {processor.py:830} INFO - Processing file /opt/airflow/dags/etl_dag_minio.py for tasks to queue
[2024-08-27T17:18:01.556+0000] {logging_mixin.py:188} INFO - [2024-08-27T17:18:01.555+0000] {dagbag.py:538} INFO - Filling up the DagBag from /opt/airflow/dags/etl_dag_minio.py
[2024-08-27T17:18:01.611+0000] {processor.py:840} INFO - DAG(s) 'ETL_Dag_Minio' retrieved from /opt/airflow/dags/etl_dag_minio.py
[2024-08-27T17:18:01.675+0000] {logging_mixin.py:188} INFO - [2024-08-27T17:18:01.670+0000] {dag.py:3036} INFO - Sync 1 DAGs
[2024-08-27T17:18:01.752+0000] {logging_mixin.py:188} INFO - [2024-08-27T17:18:01.751+0000] {dag.py:3823} INFO - Setting next_dagrun for ETL_Dag_Minio to 2024-08-27 16:00:00+00:00, run_after=2024-08-27 17:00:00+00:00
[2024-08-27T17:18:01.803+0000] {processor.py:183} INFO - Processing /opt/airflow/dags/etl_dag_minio.py took 0.267 seconds
[2024-08-27T17:18:32.658+0000] {processor.py:161} INFO - Started process (PID=982) to work on /opt/airflow/dags/etl_dag_minio.py
[2024-08-27T17:18:32.667+0000] {processor.py:830} INFO - Processing file /opt/airflow/dags/etl_dag_minio.py for tasks to queue
[2024-08-27T17:18:32.673+0000] {logging_mixin.py:188} INFO - [2024-08-27T17:18:32.671+0000] {dagbag.py:538} INFO - Filling up the DagBag from /opt/airflow/dags/etl_dag_minio.py
[2024-08-27T17:18:32.758+0000] {processor.py:840} INFO - DAG(s) 'ETL_Dag_Minio' retrieved from /opt/airflow/dags/etl_dag_minio.py
[2024-08-27T17:18:32.847+0000] {logging_mixin.py:188} INFO - [2024-08-27T17:18:32.846+0000] {dag.py:3036} INFO - Sync 1 DAGs
[2024-08-27T17:18:33.020+0000] {logging_mixin.py:188} INFO - [2024-08-27T17:18:33.009+0000] {dag.py:3823} INFO - Setting next_dagrun for ETL_Dag_Minio to 2024-08-27 16:00:00+00:00, run_after=2024-08-27 17:00:00+00:00
[2024-08-27T17:18:33.199+0000] {processor.py:183} INFO - Processing /opt/airflow/dags/etl_dag_minio.py took 0.561 seconds
[2024-08-27T17:19:05.106+0000] {processor.py:161} INFO - Started process (PID=998) to work on /opt/airflow/dags/etl_dag_minio.py
[2024-08-27T17:19:05.118+0000] {processor.py:830} INFO - Processing file /opt/airflow/dags/etl_dag_minio.py for tasks to queue
[2024-08-27T17:19:05.168+0000] {logging_mixin.py:188} INFO - [2024-08-27T17:19:05.167+0000] {dagbag.py:538} INFO - Filling up the DagBag from /opt/airflow/dags/etl_dag_minio.py
[2024-08-27T17:19:05.616+0000] {processor.py:840} INFO - DAG(s) 'ETL_Dag_Minio' retrieved from /opt/airflow/dags/etl_dag_minio.py
[2024-08-27T17:19:05.744+0000] {logging_mixin.py:188} INFO - [2024-08-27T17:19:05.734+0000] {dag.py:3036} INFO - Sync 1 DAGs
[2024-08-27T17:19:05.948+0000] {logging_mixin.py:188} INFO - [2024-08-27T17:19:05.937+0000] {dag.py:3823} INFO - Setting next_dagrun for ETL_Dag_Minio to 2024-08-27 16:00:00+00:00, run_after=2024-08-27 17:00:00+00:00
[2024-08-27T17:19:06.091+0000] {processor.py:183} INFO - Processing /opt/airflow/dags/etl_dag_minio.py took 0.995 seconds
[2024-08-27T17:19:36.907+0000] {processor.py:161} INFO - Started process (PID=1011) to work on /opt/airflow/dags/etl_dag_minio.py
[2024-08-27T17:19:36.909+0000] {processor.py:830} INFO - Processing file /opt/airflow/dags/etl_dag_minio.py for tasks to queue
[2024-08-27T17:19:36.912+0000] {logging_mixin.py:188} INFO - [2024-08-27T17:19:36.911+0000] {dagbag.py:538} INFO - Filling up the DagBag from /opt/airflow/dags/etl_dag_minio.py
[2024-08-27T17:19:36.974+0000] {processor.py:840} INFO - DAG(s) 'ETL_Dag_Minio' retrieved from /opt/airflow/dags/etl_dag_minio.py
[2024-08-27T17:19:37.024+0000] {logging_mixin.py:188} INFO - [2024-08-27T17:19:37.023+0000] {dag.py:3036} INFO - Sync 1 DAGs
[2024-08-27T17:19:37.079+0000] {logging_mixin.py:188} INFO - [2024-08-27T17:19:37.079+0000] {dag.py:3823} INFO - Setting next_dagrun for ETL_Dag_Minio to 2024-08-27 16:00:00+00:00, run_after=2024-08-27 17:00:00+00:00
[2024-08-27T17:19:37.127+0000] {processor.py:183} INFO - Processing /opt/airflow/dags/etl_dag_minio.py took 0.227 seconds
[2024-08-27T17:20:07.575+0000] {processor.py:161} INFO - Started process (PID=1027) to work on /opt/airflow/dags/etl_dag_minio.py
[2024-08-27T17:20:07.579+0000] {processor.py:830} INFO - Processing file /opt/airflow/dags/etl_dag_minio.py for tasks to queue
[2024-08-27T17:20:07.586+0000] {logging_mixin.py:188} INFO - [2024-08-27T17:20:07.584+0000] {dagbag.py:538} INFO - Filling up the DagBag from /opt/airflow/dags/etl_dag_minio.py
[2024-08-27T17:20:07.653+0000] {processor.py:840} INFO - DAG(s) 'ETL_Dag_Minio' retrieved from /opt/airflow/dags/etl_dag_minio.py
[2024-08-27T17:20:07.728+0000] {logging_mixin.py:188} INFO - [2024-08-27T17:20:07.727+0000] {dag.py:3036} INFO - Sync 1 DAGs
[2024-08-27T17:20:07.838+0000] {logging_mixin.py:188} INFO - [2024-08-27T17:20:07.837+0000] {dag.py:3823} INFO - Setting next_dagrun for ETL_Dag_Minio to 2024-08-27 16:00:00+00:00, run_after=2024-08-27 17:00:00+00:00
[2024-08-27T17:20:07.900+0000] {processor.py:183} INFO - Processing /opt/airflow/dags/etl_dag_minio.py took 0.333 seconds
[2024-08-27T17:20:38.237+0000] {processor.py:161} INFO - Started process (PID=1044) to work on /opt/airflow/dags/etl_dag_minio.py
[2024-08-27T17:20:38.248+0000] {processor.py:830} INFO - Processing file /opt/airflow/dags/etl_dag_minio.py for tasks to queue
[2024-08-27T17:20:38.257+0000] {logging_mixin.py:188} INFO - [2024-08-27T17:20:38.257+0000] {dagbag.py:538} INFO - Filling up the DagBag from /opt/airflow/dags/etl_dag_minio.py
[2024-08-27T17:20:38.402+0000] {processor.py:840} INFO - DAG(s) 'ETL_Dag_Minio' retrieved from /opt/airflow/dags/etl_dag_minio.py
[2024-08-27T17:20:38.547+0000] {logging_mixin.py:188} INFO - [2024-08-27T17:20:38.546+0000] {dag.py:3036} INFO - Sync 1 DAGs
[2024-08-27T17:20:38.721+0000] {logging_mixin.py:188} INFO - [2024-08-27T17:20:38.712+0000] {dag.py:3823} INFO - Setting next_dagrun for ETL_Dag_Minio to 2024-08-27 16:00:00+00:00, run_after=2024-08-27 17:00:00+00:00
[2024-08-27T17:20:38.866+0000] {processor.py:183} INFO - Processing /opt/airflow/dags/etl_dag_minio.py took 0.649 seconds
[2024-08-27T17:21:09.763+0000] {processor.py:161} INFO - Started process (PID=1064) to work on /opt/airflow/dags/etl_dag_minio.py
[2024-08-27T17:21:09.765+0000] {processor.py:830} INFO - Processing file /opt/airflow/dags/etl_dag_minio.py for tasks to queue
[2024-08-27T17:21:09.781+0000] {logging_mixin.py:188} INFO - [2024-08-27T17:21:09.780+0000] {dagbag.py:538} INFO - Filling up the DagBag from /opt/airflow/dags/etl_dag_minio.py
[2024-08-27T17:21:09.914+0000] {processor.py:840} INFO - DAG(s) 'ETL_Dag_Minio' retrieved from /opt/airflow/dags/etl_dag_minio.py
[2024-08-27T17:21:10.012+0000] {logging_mixin.py:188} INFO - [2024-08-27T17:21:10.011+0000] {dag.py:3036} INFO - Sync 1 DAGs
[2024-08-27T17:21:10.108+0000] {logging_mixin.py:188} INFO - [2024-08-27T17:21:10.108+0000] {dag.py:3823} INFO - Setting next_dagrun for ETL_Dag_Minio to 2024-08-27 16:00:00+00:00, run_after=2024-08-27 17:00:00+00:00
[2024-08-27T17:21:10.191+0000] {processor.py:183} INFO - Processing /opt/airflow/dags/etl_dag_minio.py took 0.447 seconds
[2024-08-27T17:21:40.621+0000] {processor.py:161} INFO - Started process (PID=1081) to work on /opt/airflow/dags/etl_dag_minio.py
[2024-08-27T17:21:40.625+0000] {processor.py:830} INFO - Processing file /opt/airflow/dags/etl_dag_minio.py for tasks to queue
[2024-08-27T17:21:40.638+0000] {logging_mixin.py:188} INFO - [2024-08-27T17:21:40.630+0000] {dagbag.py:538} INFO - Filling up the DagBag from /opt/airflow/dags/etl_dag_minio.py
[2024-08-27T17:21:40.698+0000] {processor.py:840} INFO - DAG(s) 'ETL_Dag_Minio' retrieved from /opt/airflow/dags/etl_dag_minio.py
[2024-08-27T17:21:40.839+0000] {logging_mixin.py:188} INFO - [2024-08-27T17:21:40.829+0000] {dag.py:3036} INFO - Sync 1 DAGs
[2024-08-27T17:21:40.976+0000] {logging_mixin.py:188} INFO - [2024-08-27T17:21:40.976+0000] {dag.py:3823} INFO - Setting next_dagrun for ETL_Dag_Minio to 2024-08-27 16:00:00+00:00, run_after=2024-08-27 17:00:00+00:00
[2024-08-27T17:21:41.044+0000] {processor.py:183} INFO - Processing /opt/airflow/dags/etl_dag_minio.py took 0.436 seconds
[2024-08-27T17:22:11.242+0000] {processor.py:161} INFO - Started process (PID=1094) to work on /opt/airflow/dags/etl_dag_minio.py
[2024-08-27T17:22:11.246+0000] {processor.py:830} INFO - Processing file /opt/airflow/dags/etl_dag_minio.py for tasks to queue
[2024-08-27T17:22:11.292+0000] {logging_mixin.py:188} INFO - [2024-08-27T17:22:11.292+0000] {dagbag.py:538} INFO - Filling up the DagBag from /opt/airflow/dags/etl_dag_minio.py
[2024-08-27T17:22:11.768+0000] {processor.py:840} INFO - DAG(s) 'ETL_Dag_Minio' retrieved from /opt/airflow/dags/etl_dag_minio.py
[2024-08-27T17:22:11.880+0000] {logging_mixin.py:188} INFO - [2024-08-27T17:22:11.879+0000] {dag.py:3036} INFO - Sync 1 DAGs
[2024-08-27T17:22:12.051+0000] {logging_mixin.py:188} INFO - [2024-08-27T17:22:12.050+0000] {dag.py:3823} INFO - Setting next_dagrun for ETL_Dag_Minio to 2024-08-27 16:00:00+00:00, run_after=2024-08-27 17:00:00+00:00
[2024-08-27T17:22:12.160+0000] {processor.py:183} INFO - Processing /opt/airflow/dags/etl_dag_minio.py took 0.936 seconds
[2024-08-27T17:22:42.863+0000] {processor.py:161} INFO - Started process (PID=1113) to work on /opt/airflow/dags/etl_dag_minio.py
[2024-08-27T17:22:42.865+0000] {processor.py:830} INFO - Processing file /opt/airflow/dags/etl_dag_minio.py for tasks to queue
[2024-08-27T17:22:42.869+0000] {logging_mixin.py:188} INFO - [2024-08-27T17:22:42.869+0000] {dagbag.py:538} INFO - Filling up the DagBag from /opt/airflow/dags/etl_dag_minio.py
[2024-08-27T17:22:42.936+0000] {processor.py:840} INFO - DAG(s) 'ETL_Dag_Minio' retrieved from /opt/airflow/dags/etl_dag_minio.py
[2024-08-27T17:22:42.992+0000] {logging_mixin.py:188} INFO - [2024-08-27T17:22:42.991+0000] {dag.py:3036} INFO - Sync 1 DAGs
[2024-08-27T17:22:43.044+0000] {logging_mixin.py:188} INFO - [2024-08-27T17:22:43.044+0000] {dag.py:3823} INFO - Setting next_dagrun for ETL_Dag_Minio to 2024-08-27 16:00:00+00:00, run_after=2024-08-27 17:00:00+00:00
[2024-08-27T17:22:43.088+0000] {processor.py:183} INFO - Processing /opt/airflow/dags/etl_dag_minio.py took 0.231 seconds
[2024-08-27T17:23:13.770+0000] {processor.py:161} INFO - Started process (PID=1129) to work on /opt/airflow/dags/etl_dag_minio.py
[2024-08-27T17:23:13.772+0000] {processor.py:830} INFO - Processing file /opt/airflow/dags/etl_dag_minio.py for tasks to queue
[2024-08-27T17:23:13.776+0000] {logging_mixin.py:188} INFO - [2024-08-27T17:23:13.775+0000] {dagbag.py:538} INFO - Filling up the DagBag from /opt/airflow/dags/etl_dag_minio.py
[2024-08-27T17:23:13.827+0000] {processor.py:840} INFO - DAG(s) 'ETL_Dag_Minio' retrieved from /opt/airflow/dags/etl_dag_minio.py
[2024-08-27T17:23:13.895+0000] {logging_mixin.py:188} INFO - [2024-08-27T17:23:13.894+0000] {dag.py:3036} INFO - Sync 1 DAGs
[2024-08-27T17:23:13.944+0000] {logging_mixin.py:188} INFO - [2024-08-27T17:23:13.943+0000] {dag.py:3823} INFO - Setting next_dagrun for ETL_Dag_Minio to 2024-08-27 16:00:00+00:00, run_after=2024-08-27 17:00:00+00:00
[2024-08-27T17:23:13.987+0000] {processor.py:183} INFO - Processing /opt/airflow/dags/etl_dag_minio.py took 0.224 seconds
[2024-08-27T17:23:44.629+0000] {processor.py:161} INFO - Started process (PID=1145) to work on /opt/airflow/dags/etl_dag_minio.py
[2024-08-27T17:23:44.631+0000] {processor.py:830} INFO - Processing file /opt/airflow/dags/etl_dag_minio.py for tasks to queue
[2024-08-27T17:23:44.634+0000] {logging_mixin.py:188} INFO - [2024-08-27T17:23:44.634+0000] {dagbag.py:538} INFO - Filling up the DagBag from /opt/airflow/dags/etl_dag_minio.py
[2024-08-27T17:23:44.691+0000] {processor.py:840} INFO - DAG(s) 'ETL_Dag_Minio' retrieved from /opt/airflow/dags/etl_dag_minio.py
[2024-08-27T17:23:44.739+0000] {logging_mixin.py:188} INFO - [2024-08-27T17:23:44.738+0000] {dag.py:3036} INFO - Sync 1 DAGs
[2024-08-27T17:23:44.796+0000] {logging_mixin.py:188} INFO - [2024-08-27T17:23:44.796+0000] {dag.py:3823} INFO - Setting next_dagrun for ETL_Dag_Minio to 2024-08-27 16:00:00+00:00, run_after=2024-08-27 17:00:00+00:00
[2024-08-27T17:23:44.836+0000] {processor.py:183} INFO - Processing /opt/airflow/dags/etl_dag_minio.py took 0.215 seconds
[2024-08-27T17:24:15.317+0000] {processor.py:161} INFO - Started process (PID=1161) to work on /opt/airflow/dags/etl_dag_minio.py
[2024-08-27T17:24:15.319+0000] {processor.py:830} INFO - Processing file /opt/airflow/dags/etl_dag_minio.py for tasks to queue
[2024-08-27T17:24:15.323+0000] {logging_mixin.py:188} INFO - [2024-08-27T17:24:15.322+0000] {dagbag.py:538} INFO - Filling up the DagBag from /opt/airflow/dags/etl_dag_minio.py
[2024-08-27T17:24:15.375+0000] {processor.py:840} INFO - DAG(s) 'ETL_Dag_Minio' retrieved from /opt/airflow/dags/etl_dag_minio.py
[2024-08-27T17:24:15.422+0000] {logging_mixin.py:188} INFO - [2024-08-27T17:24:15.421+0000] {dag.py:3036} INFO - Sync 1 DAGs
[2024-08-27T17:24:15.471+0000] {logging_mixin.py:188} INFO - [2024-08-27T17:24:15.471+0000] {dag.py:3823} INFO - Setting next_dagrun for ETL_Dag_Minio to 2024-08-27 16:00:00+00:00, run_after=2024-08-27 17:00:00+00:00
[2024-08-27T17:24:15.527+0000] {processor.py:183} INFO - Processing /opt/airflow/dags/etl_dag_minio.py took 0.218 seconds
[2024-08-27T17:24:46.527+0000] {processor.py:161} INFO - Started process (PID=1177) to work on /opt/airflow/dags/etl_dag_minio.py
[2024-08-27T17:24:46.541+0000] {processor.py:830} INFO - Processing file /opt/airflow/dags/etl_dag_minio.py for tasks to queue
[2024-08-27T17:24:46.554+0000] {logging_mixin.py:188} INFO - [2024-08-27T17:24:46.553+0000] {dagbag.py:538} INFO - Filling up the DagBag from /opt/airflow/dags/etl_dag_minio.py
[2024-08-27T17:24:46.902+0000] {processor.py:840} INFO - DAG(s) 'ETL_Dag_Minio' retrieved from /opt/airflow/dags/etl_dag_minio.py
[2024-08-27T17:24:46.992+0000] {logging_mixin.py:188} INFO - [2024-08-27T17:24:46.992+0000] {dag.py:3036} INFO - Sync 1 DAGs
[2024-08-27T17:24:47.101+0000] {logging_mixin.py:188} INFO - [2024-08-27T17:24:47.101+0000] {dag.py:3823} INFO - Setting next_dagrun for ETL_Dag_Minio to 2024-08-27 16:00:00+00:00, run_after=2024-08-27 17:00:00+00:00
[2024-08-27T17:24:47.213+0000] {processor.py:183} INFO - Processing /opt/airflow/dags/etl_dag_minio.py took 0.704 seconds
